[1.876s] Invoking command in '/home/arno/RoombaV2CS/build/controller_input': PYTHONPATH=/home/arno/RoombaV2CS/build/controller_input/prefix_override:/usr/lib/python3/dist-packages/colcon_core/task/python/colcon_distutils_commands:/home/arno/RoombaV2CS/install/controller_input/lib/python3.10/site-packages:${PYTHONPATH} /usr/bin/python3 -W ignore:setup.py install is deprecated setup.py develop --uninstall --editable --build-directory /home/arno/RoombaV2CS/build/controller_input/build
[2.339s] running develop
[2.339s] /usr/lib/python3/dist-packages/setuptools/command/easy_install.py:158: EasyInstallDeprecationWarning: easy_install command is deprecated. Use build and pip and other standards-based tools.
[2.339s]   warnings.warn(
[2.610s] Removing /home/arno/RoombaV2CS/install/controller_input/lib/python3.10/site-packages/controller-input.egg-link (link to .)
[2.663s] Invoked command in '/home/arno/RoombaV2CS/build/controller_input' returned '0': PYTHONPATH=/home/arno/RoombaV2CS/build/controller_input/prefix_override:/usr/lib/python3/dist-packages/colcon_core/task/python/colcon_distutils_commands:/home/arno/RoombaV2CS/install/controller_input/lib/python3.10/site-packages:${PYTHONPATH} /usr/bin/python3 -W ignore:setup.py install is deprecated setup.py develop --uninstall --editable --build-directory /home/arno/RoombaV2CS/build/controller_input/build
[2.665s] Invoking command in '/home/arno/RoombaV2CS/src/controller_input': PYTHONPATH=/home/arno/RoombaV2CS/build/controller_input/prefix_override:/usr/lib/python3/dist-packages/colcon_core/task/python/colcon_distutils_commands:/home/arno/RoombaV2CS/install/controller_input/lib/python3.10/site-packages:${PYTHONPATH} /usr/bin/python3 -W ignore:setup.py install is deprecated setup.py egg_info --egg-base ../../build/controller_input build --build-base /home/arno/RoombaV2CS/build/controller_input/build install --record /home/arno/RoombaV2CS/build/controller_input/install.log --single-version-externally-managed install_data --force
[3.067s] running egg_info
[3.068s] writing ../../build/controller_input/controller_input.egg-info/PKG-INFO
[3.069s] writing dependency_links to ../../build/controller_input/controller_input.egg-info/dependency_links.txt
[3.069s] writing entry points to ../../build/controller_input/controller_input.egg-info/entry_points.txt
[3.069s] writing requirements to ../../build/controller_input/controller_input.egg-info/requires.txt
[3.069s] writing top-level names to ../../build/controller_input/controller_input.egg-info/top_level.txt
[3.072s] reading manifest file '../../build/controller_input/controller_input.egg-info/SOURCES.txt'
[3.072s] adding license file 'LICENSE'
[3.075s] writing manifest file '../../build/controller_input/controller_input.egg-info/SOURCES.txt'
[3.075s] running build
[3.075s] running build_py
[3.076s] running install
[3.076s] running install_lib
[3.077s] creating /home/arno/RoombaV2CS/install/controller_input/lib/python3.10/site-packages/controller_input
[3.077s] copying /home/arno/RoombaV2CS/build/controller_input/build/lib/controller_input/controller_input.py -> /home/arno/RoombaV2CS/install/controller_input/lib/python3.10/site-packages/controller_input
[3.077s] copying /home/arno/RoombaV2CS/build/controller_input/build/lib/controller_input/__init__.py -> /home/arno/RoombaV2CS/install/controller_input/lib/python3.10/site-packages/controller_input
[3.078s] byte-compiling /home/arno/RoombaV2CS/install/controller_input/lib/python3.10/site-packages/controller_input/controller_input.py to controller_input.cpython-310.pyc
[3.078s] byte-compiling /home/arno/RoombaV2CS/install/controller_input/lib/python3.10/site-packages/controller_input/__init__.py to __init__.cpython-310.pyc
[3.079s] running install_data
[3.079s] copying package.xml -> /home/arno/RoombaV2CS/install/controller_input/share/controller_input
[3.079s] copying launch/joystick.launch.py -> /home/arno/RoombaV2CS/install/controller_input/share/controller_input/launch
[3.079s] creating /home/arno/RoombaV2CS/install/controller_input/share/controller_input/config
[3.079s] copying config/joystick_params.yaml -> /home/arno/RoombaV2CS/install/controller_input/share/controller_input/config
[3.080s] running install_egg_info
[3.082s] Copying ../../build/controller_input/controller_input.egg-info to /home/arno/RoombaV2CS/install/controller_input/lib/python3.10/site-packages/controller_input-0.0.0-py3.10.egg-info
[3.083s] running install_scripts
[3.113s] writing list of installed files to '/home/arno/RoombaV2CS/build/controller_input/install.log'
[3.161s] Invoked command in '/home/arno/RoombaV2CS/src/controller_input' returned '0': PYTHONPATH=/home/arno/RoombaV2CS/build/controller_input/prefix_override:/usr/lib/python3/dist-packages/colcon_core/task/python/colcon_distutils_commands:/home/arno/RoombaV2CS/install/controller_input/lib/python3.10/site-packages:${PYTHONPATH} /usr/bin/python3 -W ignore:setup.py install is deprecated setup.py egg_info --egg-base ../../build/controller_input build --build-base /home/arno/RoombaV2CS/build/controller_input/build install --record /home/arno/RoombaV2CS/build/controller_input/install.log --single-version-externally-managed install_data --force
