[2.373s] Invoking command in '/home/arno/RoombaV2CS/src/GUI': PYTHONPATH=/home/arno/RoombaV2CS/build/GUI/prefix_override:/usr/lib/python3/dist-packages/colcon_core/task/python/colcon_distutils_commands:/home/arno/RoombaV2CS/install/GUI/lib/python3.10/site-packages:${PYTHONPATH} /usr/bin/python3 -W ignore:setup.py install is deprecated setup.py egg_info --egg-base ../../build/GUI build --build-base /home/arno/RoombaV2CS/build/GUI/build install --record /home/arno/RoombaV2CS/build/GUI/install.log --single-version-externally-managed install_data
[2.750s] running egg_info
[2.751s] writing ../../build/GUI/GUI.egg-info/PKG-INFO
[2.751s] writing dependency_links to ../../build/GUI/GUI.egg-info/dependency_links.txt
[2.751s] writing entry points to ../../build/GUI/GUI.egg-info/entry_points.txt
[2.751s] writing requirements to ../../build/GUI/GUI.egg-info/requires.txt
[2.751s] writing top-level names to ../../build/GUI/GUI.egg-info/top_level.txt
[2.753s] reading manifest file '../../build/GUI/GUI.egg-info/SOURCES.txt'
[2.756s] writing manifest file '../../build/GUI/GUI.egg-info/SOURCES.txt'
[2.756s] running build
[2.756s] running build_py
[2.756s] copying GUI/gui.py -> /home/arno/RoombaV2CS/build/GUI/build/lib/GUI
[2.756s] running install
[2.756s] running install_lib
[2.757s] copying /home/arno/RoombaV2CS/build/GUI/build/lib/GUI/gui.py -> /home/arno/RoombaV2CS/install/GUI/lib/python3.10/site-packages/GUI
[2.758s] byte-compiling /home/arno/RoombaV2CS/install/GUI/lib/python3.10/site-packages/GUI/gui.py to gui.cpython-310.pyc
[2.760s] running install_data
[2.760s] running install_egg_info
[2.762s] removing '/home/arno/RoombaV2CS/install/GUI/lib/python3.10/site-packages/GUI-0.0.0-py3.10.egg-info' (and everything under it)
[2.762s] Copying ../../build/GUI/GUI.egg-info to /home/arno/RoombaV2CS/install/GUI/lib/python3.10/site-packages/GUI-0.0.0-py3.10.egg-info
[2.763s] running install_scripts
[2.793s] Installing gui script to /home/arno/RoombaV2CS/install/GUI/lib/GUI
[2.793s] writing list of installed files to '/home/arno/RoombaV2CS/build/GUI/install.log'
[2.829s] Invoked command in '/home/arno/RoombaV2CS/src/GUI' returned '0': PYTHONPATH=/home/arno/RoombaV2CS/build/GUI/prefix_override:/usr/lib/python3/dist-packages/colcon_core/task/python/colcon_distutils_commands:/home/arno/RoombaV2CS/install/GUI/lib/python3.10/site-packages:${PYTHONPATH} /usr/bin/python3 -W ignore:setup.py install is deprecated setup.py egg_info --egg-base ../../build/GUI build --build-base /home/arno/RoombaV2CS/build/GUI/build install --record /home/arno/RoombaV2CS/build/GUI/install.log --single-version-externally-managed install_data
