[1.829s] Invoking command in '/home/arno/RoombaV2CS/src/RoverInput': PYTHONPATH=/home/arno/RoombaV2CS/build/RoverInput/prefix_override:/usr/lib/python3/dist-packages/colcon_core/task/python/colcon_distutils_commands:/home/arno/RoombaV2CS/install/RoverInput/lib/python3.10/site-packages:${PYTHONPATH} /usr/bin/python3 -W ignore:setup.py install is deprecated setup.py egg_info --egg-base ../../build/RoverInput build --build-base /home/arno/RoombaV2CS/build/RoverInput/build install --record /home/arno/RoombaV2CS/build/RoverInput/install.log --single-version-externally-managed install_data
[2.265s] running egg_info
[2.266s] writing ../../build/RoverInput/RoverInput.egg-info/PKG-INFO
[2.266s] writing dependency_links to ../../build/RoverInput/RoverInput.egg-info/dependency_links.txt
[2.266s] writing entry points to ../../build/RoverInput/RoverInput.egg-info/entry_points.txt
[2.267s] writing requirements to ../../build/RoverInput/RoverInput.egg-info/requires.txt
[2.267s] writing top-level names to ../../build/RoverInput/RoverInput.egg-info/top_level.txt
[2.269s] reading manifest file '../../build/RoverInput/RoverInput.egg-info/SOURCES.txt'
[2.270s] adding license file 'LICENSE'
[2.272s] writing manifest file '../../build/RoverInput/RoverInput.egg-info/SOURCES.txt'
[2.273s] running build
[2.273s] running build_py
[2.273s] running install
[2.274s] running install_lib
[2.276s] running install_data
[2.276s] running install_egg_info
[2.278s] removing '/home/arno/RoombaV2CS/install/RoverInput/lib/python3.10/site-packages/RoverInput-0.0.0-py3.10.egg-info' (and everything under it)
[2.279s] Copying ../../build/RoverInput/RoverInput.egg-info to /home/arno/RoombaV2CS/install/RoverInput/lib/python3.10/site-packages/RoverInput-0.0.0-py3.10.egg-info
[2.280s] running install_scripts
[2.309s] Installing input_node script to /home/arno/RoombaV2CS/install/RoverInput/lib/RoverInput
[2.310s] writing list of installed files to '/home/arno/RoombaV2CS/build/RoverInput/install.log'
[2.344s] Invoked command in '/home/arno/RoombaV2CS/src/RoverInput' returned '0': PYTHONPATH=/home/arno/RoombaV2CS/build/RoverInput/prefix_override:/usr/lib/python3/dist-packages/colcon_core/task/python/colcon_distutils_commands:/home/arno/RoombaV2CS/install/RoverInput/lib/python3.10/site-packages:${PYTHONPATH} /usr/bin/python3 -W ignore:setup.py install is deprecated setup.py egg_info --egg-base ../../build/RoverInput build --build-base /home/arno/RoombaV2CS/build/RoverInput/build install --record /home/arno/RoombaV2CS/build/RoverInput/install.log --single-version-externally-managed install_data
