[1.974s] Invoking command in '/home/arno/RoombaV2CS/build/RoverInput': PYTHONPATH=/home/arno/RoombaV2CS/build/RoverInput/prefix_override:/usr/lib/python3/dist-packages/colcon_core/task/python/colcon_distutils_commands:/home/arno/RoombaV2CS/install/RoverInput/lib/python3.10/site-packages:${PYTHONPATH} /usr/bin/python3 -W ignore:setup.py install is deprecated setup.py develop --editable --build-directory /home/arno/RoombaV2CS/build/RoverInput/build --no-deps symlink_data --force
[2.590s] running develop
[2.590s] /usr/lib/python3/dist-packages/setuptools/command/easy_install.py:158: EasyInstallDeprecationWarning: easy_install command is deprecated. Use build and pip and other standards-based tools.
[2.590s]   warnings.warn(
[2.871s] running egg_info
[2.871s] writing RoverInput.egg-info/PKG-INFO
[2.871s] writing dependency_links to RoverInput.egg-info/dependency_links.txt
[2.872s] writing entry points to RoverInput.egg-info/entry_points.txt
[2.872s] writing requirements to RoverInput.egg-info/requires.txt
[2.872s] writing top-level names to RoverInput.egg-info/top_level.txt
[2.875s] reading manifest file 'RoverInput.egg-info/SOURCES.txt'
[2.876s] writing manifest file 'RoverInput.egg-info/SOURCES.txt'
[2.878s] running build_ext
[2.878s] Creating /home/arno/RoombaV2CS/install/RoverInput/lib/python3.10/site-packages/RoverInput.egg-link (link to .)
[2.879s] Installing input_node script to /home/arno/RoombaV2CS/install/RoverInput/lib/RoverInput
[2.880s] 
[2.880s] Installed /home/arno/RoombaV2CS/build/RoverInput
[2.880s] running symlink_data
[2.881s] symbolically linking /home/arno/RoombaV2CS/build/RoverInput/resource/RoverInput -> /home/arno/RoombaV2CS/install/RoverInput/share/ament_index/resource_index/packages
[2.881s] symbolically linking /home/arno/RoombaV2CS/build/RoverInput/package.xml -> /home/arno/RoombaV2CS/install/RoverInput/share/RoverInput
