[2.247s] Invoking command in '/home/arno/RoombaV2CS/src/GUI': PYTHONPATH=/home/arno/RoombaV2CS/build/GUI/prefix_override:/usr/lib/python3/dist-packages/colcon_core/task/python/colcon_distutils_commands:/home/arno/RoombaV2CS/install/GUI/lib/python3.10/site-packages:${PYTHONPATH} /usr/bin/python3 -W ignore:setup.py install is deprecated setup.py egg_info --egg-base ../../build/GUI build --build-base /home/arno/RoombaV2CS/build/GUI/build install --record /home/arno/RoombaV2CS/build/GUI/install.log --single-version-externally-managed install_data
[2.643s] running egg_info
[2.644s] writing ../../build/GUI/GUI.egg-info/PKG-INFO
[2.644s] writing dependency_links to ../../build/GUI/GUI.egg-info/dependency_links.txt
[2.644s] writing entry points to ../../build/GUI/GUI.egg-info/entry_points.txt
[2.645s] writing requirements to ../../build/GUI/GUI.egg-info/requires.txt
[2.645s] writing top-level names to ../../build/GUI/GUI.egg-info/top_level.txt
[2.648s] reading manifest file '../../build/GUI/GUI.egg-info/SOURCES.txt'
[2.649s] writing manifest file '../../build/GUI/GUI.egg-info/SOURCES.txt'
[2.649s] running build
[2.649s] running build_py
[2.649s] copying GUI/gui.py -> /home/arno/RoombaV2CS/build/GUI/build/lib/GUI
[2.649s] running install
[2.650s] running install_lib
[2.651s] copying /home/arno/RoombaV2CS/build/GUI/build/lib/GUI/gui.py -> /home/arno/RoombaV2CS/install/GUI/lib/python3.10/site-packages/GUI
[2.652s] byte-compiling /home/arno/RoombaV2CS/install/GUI/lib/python3.10/site-packages/GUI/gui.py to gui.cpython-310.pyc
[2.654s] running install_data
[2.654s] copying package.xml -> /home/arno/RoombaV2CS/install/GUI/share/GUI
[2.655s] running install_egg_info
[2.657s] Copying ../../build/GUI/GUI.egg-info to /home/arno/RoombaV2CS/install/GUI/lib/python3.10/site-packages/GUI-0.0.1-py3.10.egg-info
[2.658s] running install_scripts
[2.697s] Installing gui script to /home/arno/RoombaV2CS/install/GUI/lib/GUI
[2.697s] writing list of installed files to '/home/arno/RoombaV2CS/build/GUI/install.log'
[2.736s] Invoked command in '/home/arno/RoombaV2CS/src/GUI' returned '0': PYTHONPATH=/home/arno/RoombaV2CS/build/GUI/prefix_override:/usr/lib/python3/dist-packages/colcon_core/task/python/colcon_distutils_commands:/home/arno/RoombaV2CS/install/GUI/lib/python3.10/site-packages:${PYTHONPATH} /usr/bin/python3 -W ignore:setup.py install is deprecated setup.py egg_info --egg-base ../../build/GUI build --build-base /home/arno/RoombaV2CS/build/GUI/build install --record /home/arno/RoombaV2CS/build/GUI/install.log --single-version-externally-managed install_data
