[2.431s] Invoking command in '/home/arno/RoombaV2CS/src/RoverInput': PYTHONPATH=/home/arno/RoombaV2CS/build/RoverInput/prefix_override:/usr/lib/python3/dist-packages/colcon_core/task/python/colcon_distutils_commands:/home/arno/RoombaV2CS/install/RoverInput/lib/python3.10/site-packages:${PYTHONPATH} /usr/bin/python3 -W ignore:setup.py install is deprecated setup.py egg_info --egg-base ../../build/RoverInput build --build-base /home/arno/RoombaV2CS/build/RoverInput/build install --record /home/arno/RoombaV2CS/build/RoverInput/install.log --single-version-externally-managed install_data
[2.838s] running egg_info
[2.839s] writing ../../build/RoverInput/RoverInput.egg-info/PKG-INFO
[2.840s] writing dependency_links to ../../build/RoverInput/RoverInput.egg-info/dependency_links.txt
[2.840s] writing entry points to ../../build/RoverInput/RoverInput.egg-info/entry_points.txt
[2.840s] writing requirements to ../../build/RoverInput/RoverInput.egg-info/requires.txt
[2.840s] writing top-level names to ../../build/RoverInput/RoverInput.egg-info/top_level.txt
[2.844s] reading manifest file '../../build/RoverInput/RoverInput.egg-info/SOURCES.txt'
[2.844s] adding license file 'LICENSE'
[2.847s] writing manifest file '../../build/RoverInput/RoverInput.egg-info/SOURCES.txt'
[2.847s] running build
[2.848s] running build_py
[2.849s] running install
[2.850s] running install_lib
[2.851s] running install_data
[2.851s] running install_egg_info
[2.855s] removing '/home/arno/RoombaV2CS/install/RoverInput/lib/python3.10/site-packages/RoverInput-0.0.0-py3.10.egg-info' (and everything under it)
[2.857s] Copying ../../build/RoverInput/RoverInput.egg-info to /home/arno/RoombaV2CS/install/RoverInput/lib/python3.10/site-packages/RoverInput-0.0.0-py3.10.egg-info
[2.858s] running install_scripts
[2.905s] Installing input_node script to /home/arno/RoombaV2CS/install/RoverInput/lib/RoverInput
[2.906s] writing list of installed files to '/home/arno/RoombaV2CS/build/RoverInput/install.log'
[2.947s] Invoked command in '/home/arno/RoombaV2CS/src/RoverInput' returned '0': PYTHONPATH=/home/arno/RoombaV2CS/build/RoverInput/prefix_override:/usr/lib/python3/dist-packages/colcon_core/task/python/colcon_distutils_commands:/home/arno/RoombaV2CS/install/RoverInput/lib/python3.10/site-packages:${PYTHONPATH} /usr/bin/python3 -W ignore:setup.py install is deprecated setup.py egg_info --egg-base ../../build/RoverInput build --build-base /home/arno/RoombaV2CS/build/RoverInput/build install --record /home/arno/RoombaV2CS/build/RoverInput/install.log --single-version-externally-managed install_data
