running egg_info
creating ../../build/controller_input/controller_input.egg-info
writing ../../build/controller_input/controller_input.egg-info/PKG-INFO
writing dependency_links to ../../build/controller_input/controller_input.egg-info/dependency_links.txt
writing entry points to ../../build/controller_input/controller_input.egg-info/entry_points.txt
writing requirements to ../../build/controller_input/controller_input.egg-info/requires.txt
writing top-level names to ../../build/controller_input/controller_input.egg-info/top_level.txt
writing manifest file '../../build/controller_input/controller_input.egg-info/SOURCES.txt'
reading manifest file '../../build/controller_input/controller_input.egg-info/SOURCES.txt'
adding license file 'LICENSE'
writing manifest file '../../build/controller_input/controller_input.egg-info/SOURCES.txt'
running build
running build_py
creating /home/arno/RoombaV2CS/build/controller_input/build
creating /home/arno/RoombaV2CS/build/controller_input/build/lib
creating /home/arno/RoombaV2CS/build/controller_input/build/lib/controller_input
copying controller_input/controller_input.py -> /home/arno/RoombaV2CS/build/controller_input/build/lib/controller_input
copying controller_input/__init__.py -> /home/arno/RoombaV2CS/build/controller_input/build/lib/controller_input
running install
running install_lib
creating /home/arno/RoombaV2CS/install/controller_input/lib/python3.10/site-packages/controller_input
copying /home/arno/RoombaV2CS/build/controller_input/build/lib/controller_input/controller_input.py -> /home/arno/RoombaV2CS/install/controller_input/lib/python3.10/site-packages/controller_input
copying /home/arno/RoombaV2CS/build/controller_input/build/lib/controller_input/__init__.py -> /home/arno/RoombaV2CS/install/controller_input/lib/python3.10/site-packages/controller_input
byte-compiling /home/arno/RoombaV2CS/install/controller_input/lib/python3.10/site-packages/controller_input/controller_input.py to controller_input.cpython-310.pyc
byte-compiling /home/arno/RoombaV2CS/install/controller_input/lib/python3.10/site-packages/controller_input/__init__.py to __init__.cpython-310.pyc
running install_data
creating /home/arno/RoombaV2CS/install/controller_input/share/ament_index
creating /home/arno/RoombaV2CS/install/controller_input/share/ament_index/resource_index
creating /home/arno/RoombaV2CS/install/controller_input/share/ament_index/resource_index/packages
copying resource/controller_input -> /home/arno/RoombaV2CS/install/controller_input/share/ament_index/resource_index/packages
copying package.xml -> /home/arno/RoombaV2CS/install/controller_input/share/controller_input
running install_egg_info
Copying ../../build/controller_input/controller_input.egg-info to /home/arno/RoombaV2CS/install/controller_input/lib/python3.10/site-packages/controller_input-0.0.0-py3.10.egg-info
running install_scripts
writing list of installed files to '/home/arno/RoombaV2CS/build/controller_input/install.log'
