[2.056s] Invoking command in '/home/arno/RoombaV2CS/src/controller_input': PYTHONPATH=/home/arno/RoombaV2CS/build/controller_input/prefix_override:/usr/lib/python3/dist-packages/colcon_core/task/python/colcon_distutils_commands:/home/arno/RoombaV2CS/install/controller_input/lib/python3.10/site-packages:${PYTHONPATH} /usr/bin/python3 -W ignore:setup.py install is deprecated setup.py egg_info --egg-base ../../build/controller_input build --build-base /home/arno/RoombaV2CS/build/controller_input/build install --record /home/arno/RoombaV2CS/build/controller_input/install.log --single-version-externally-managed install_data
[2.471s] running egg_info
[2.472s] creating ../../build/controller_input/controller_input.egg-info
[2.472s] writing ../../build/controller_input/controller_input.egg-info/PKG-INFO
[2.472s] writing dependency_links to ../../build/controller_input/controller_input.egg-info/dependency_links.txt
[2.472s] writing entry points to ../../build/controller_input/controller_input.egg-info/entry_points.txt
[2.473s] writing requirements to ../../build/controller_input/controller_input.egg-info/requires.txt
[2.473s] writing top-level names to ../../build/controller_input/controller_input.egg-info/top_level.txt
[2.473s] writing manifest file '../../build/controller_input/controller_input.egg-info/SOURCES.txt'
[2.476s] reading manifest file '../../build/controller_input/controller_input.egg-info/SOURCES.txt'
[2.476s] adding license file 'LICENSE'
[2.478s] writing manifest file '../../build/controller_input/controller_input.egg-info/SOURCES.txt'
[2.479s] running build
[2.479s] running build_py
[2.480s] creating /home/arno/RoombaV2CS/build/controller_input/build
[2.480s] creating /home/arno/RoombaV2CS/build/controller_input/build/lib
[2.480s] creating /home/arno/RoombaV2CS/build/controller_input/build/lib/controller_input
[2.480s] copying controller_input/controller_input.py -> /home/arno/RoombaV2CS/build/controller_input/build/lib/controller_input
[2.480s] copying controller_input/__init__.py -> /home/arno/RoombaV2CS/build/controller_input/build/lib/controller_input
[2.480s] running install
[2.481s] running install_lib
[2.482s] creating /home/arno/RoombaV2CS/install/controller_input/lib/python3.10/site-packages/controller_input
[2.482s] copying /home/arno/RoombaV2CS/build/controller_input/build/lib/controller_input/controller_input.py -> /home/arno/RoombaV2CS/install/controller_input/lib/python3.10/site-packages/controller_input
[2.482s] copying /home/arno/RoombaV2CS/build/controller_input/build/lib/controller_input/__init__.py -> /home/arno/RoombaV2CS/install/controller_input/lib/python3.10/site-packages/controller_input
[2.483s] byte-compiling /home/arno/RoombaV2CS/install/controller_input/lib/python3.10/site-packages/controller_input/controller_input.py to controller_input.cpython-310.pyc
[2.483s] byte-compiling /home/arno/RoombaV2CS/install/controller_input/lib/python3.10/site-packages/controller_input/__init__.py to __init__.cpython-310.pyc
[2.483s] running install_data
[2.484s] creating /home/arno/RoombaV2CS/install/controller_input/share/ament_index
[2.484s] creating /home/arno/RoombaV2CS/install/controller_input/share/ament_index/resource_index
[2.484s] creating /home/arno/RoombaV2CS/install/controller_input/share/ament_index/resource_index/packages
[2.484s] copying resource/controller_input -> /home/arno/RoombaV2CS/install/controller_input/share/ament_index/resource_index/packages
[2.485s] copying package.xml -> /home/arno/RoombaV2CS/install/controller_input/share/controller_input
[2.485s] running install_egg_info
[2.487s] Copying ../../build/controller_input/controller_input.egg-info to /home/arno/RoombaV2CS/install/controller_input/lib/python3.10/site-packages/controller_input-0.0.0-py3.10.egg-info
[2.488s] running install_scripts
[2.519s] writing list of installed files to '/home/arno/RoombaV2CS/build/controller_input/install.log'
[2.571s] Invoked command in '/home/arno/RoombaV2CS/src/controller_input' returned '0': PYTHONPATH=/home/arno/RoombaV2CS/build/controller_input/prefix_override:/usr/lib/python3/dist-packages/colcon_core/task/python/colcon_distutils_commands:/home/arno/RoombaV2CS/install/controller_input/lib/python3.10/site-packages:${PYTHONPATH} /usr/bin/python3 -W ignore:setup.py install is deprecated setup.py egg_info --egg-base ../../build/controller_input build --build-base /home/arno/RoombaV2CS/build/controller_input/build install --record /home/arno/RoombaV2CS/build/controller_input/install.log --single-version-externally-managed install_data
