[2.281s] Invoking command in '/home/arno/RoombaV2CS/src/GUI': PYTHONPATH=/home/arno/RoombaV2CS/build/GUI/prefix_override:/usr/lib/python3/dist-packages/colcon_core/task/python/colcon_distutils_commands:/home/arno/RoombaV2CS/install/GUI/lib/python3.10/site-packages:${PYTHONPATH} /usr/bin/python3 -W ignore:setup.py install is deprecated setup.py egg_info --egg-base ../../build/GUI build --build-base /home/arno/RoombaV2CS/build/GUI/build install --record /home/arno/RoombaV2CS/build/GUI/install.log --single-version-externally-managed install_data
[2.678s] running egg_info
[2.679s] writing ../../build/GUI/GUI.egg-info/PKG-INFO
[2.680s] writing dependency_links to ../../build/GUI/GUI.egg-info/dependency_links.txt
[2.680s] writing entry points to ../../build/GUI/GUI.egg-info/entry_points.txt
[2.680s] writing requirements to ../../build/GUI/GUI.egg-info/requires.txt
[2.680s] writing top-level names to ../../build/GUI/GUI.egg-info/top_level.txt
[2.683s] reading manifest file '../../build/GUI/GUI.egg-info/SOURCES.txt'
[2.686s] writing manifest file '../../build/GUI/GUI.egg-info/SOURCES.txt'
[2.686s] running build
[2.686s] running build_py
[2.686s] running install
[2.687s] running install_lib
[2.689s] running install_data
[2.689s] running install_egg_info
[2.692s] removing '/home/arno/RoombaV2CS/install/GUI/lib/python3.10/site-packages/GUI-0.0.1-py3.10.egg-info' (and everything under it)
[2.693s] Copying ../../build/GUI/GUI.egg-info to /home/arno/RoombaV2CS/install/GUI/lib/python3.10/site-packages/GUI-0.0.1-py3.10.egg-info
[2.693s] running install_scripts
[2.728s] Installing fake_map_pub script to /home/arno/RoombaV2CS/install/GUI/lib/GUI
[2.728s] Installing gui script to /home/arno/RoombaV2CS/install/GUI/lib/GUI
[2.728s] writing list of installed files to '/home/arno/RoombaV2CS/build/GUI/install.log'
[2.769s] Invoked command in '/home/arno/RoombaV2CS/src/GUI' returned '0': PYTHONPATH=/home/arno/RoombaV2CS/build/GUI/prefix_override:/usr/lib/python3/dist-packages/colcon_core/task/python/colcon_distutils_commands:/home/arno/RoombaV2CS/install/GUI/lib/python3.10/site-packages:${PYTHONPATH} /usr/bin/python3 -W ignore:setup.py install is deprecated setup.py egg_info --egg-base ../../build/GUI build --build-base /home/arno/RoombaV2CS/build/GUI/build install --record /home/arno/RoombaV2CS/build/GUI/install.log --single-version-externally-managed install_data
