[2.523s] Invoking command in '/home/arno/RoombaV2CS/src/stream_receiver': PYTHONPATH=/home/arno/RoombaV2CS/build/stream_receiver/prefix_override:/usr/lib/python3/dist-packages/colcon_core/task/python/colcon_distutils_commands:/home/arno/RoombaV2CS/install/stream_receiver/lib/python3.10/site-packages:${PYTHONPATH} /usr/bin/python3 -W ignore:setup.py install is deprecated setup.py egg_info --egg-base ../../build/stream_receiver build --build-base /home/arno/RoombaV2CS/build/stream_receiver/build install --record /home/arno/RoombaV2CS/build/stream_receiver/install.log --single-version-externally-managed install_data
[2.914s] running egg_info
[2.915s] creating ../../build/stream_receiver/stream_receiver.egg-info
[2.916s] writing ../../build/stream_receiver/stream_receiver.egg-info/PKG-INFO
[2.916s] writing dependency_links to ../../build/stream_receiver/stream_receiver.egg-info/dependency_links.txt
[2.916s] writing entry points to ../../build/stream_receiver/stream_receiver.egg-info/entry_points.txt
[2.917s] writing requirements to ../../build/stream_receiver/stream_receiver.egg-info/requires.txt
[2.917s] writing top-level names to ../../build/stream_receiver/stream_receiver.egg-info/top_level.txt
[2.917s] writing manifest file '../../build/stream_receiver/stream_receiver.egg-info/SOURCES.txt'
[2.918s] reading manifest file '../../build/stream_receiver/stream_receiver.egg-info/SOURCES.txt'
[2.919s] writing manifest file '../../build/stream_receiver/stream_receiver.egg-info/SOURCES.txt'
[2.919s] running build
[2.920s] running install
[2.920s] running install_data
[2.920s] creating /home/arno/RoombaV2CS/install/stream_receiver/share/ament_index
[2.920s] creating /home/arno/RoombaV2CS/install/stream_receiver/share/ament_index/resource_index
[2.921s] creating /home/arno/RoombaV2CS/install/stream_receiver/share/ament_index/resource_index/packages
[2.921s] copying resource/stream_receiver -> /home/arno/RoombaV2CS/install/stream_receiver/share/ament_index/resource_index/packages
[2.921s] copying package.xml -> /home/arno/RoombaV2CS/install/stream_receiver/share/stream_receiver
[2.921s] running install_egg_info
[2.925s] Copying ../../build/stream_receiver/stream_receiver.egg-info to /home/arno/RoombaV2CS/install/stream_receiver/lib/python3.10/site-packages/stream_receiver-0.0.0-py3.10.egg-info
[2.927s] running install_scripts
[2.957s] writing list of installed files to '/home/arno/RoombaV2CS/build/stream_receiver/install.log'
[2.998s] Invoked command in '/home/arno/RoombaV2CS/src/stream_receiver' returned '0': PYTHONPATH=/home/arno/RoombaV2CS/build/stream_receiver/prefix_override:/usr/lib/python3/dist-packages/colcon_core/task/python/colcon_distutils_commands:/home/arno/RoombaV2CS/install/stream_receiver/lib/python3.10/site-packages:${PYTHONPATH} /usr/bin/python3 -W ignore:setup.py install is deprecated setup.py egg_info --egg-base ../../build/stream_receiver build --build-base /home/arno/RoombaV2CS/build/stream_receiver/build install --record /home/arno/RoombaV2CS/build/stream_receiver/install.log --single-version-externally-managed install_data
