[2.624s] Invoking command in '/home/arno/RoombaV2CS/src/GUI': PYTHONPATH=/home/arno/RoombaV2CS/build/GUI/prefix_override:/usr/lib/python3/dist-packages/colcon_core/task/python/colcon_distutils_commands:/home/arno/RoombaV2CS/install/GUI/lib/python3.10/site-packages:${PYTHONPATH} /usr/bin/python3 -W ignore:setup.py install is deprecated setup.py egg_info --egg-base ../../build/GUI build --build-base /home/arno/RoombaV2CS/build/GUI/build install --record /home/arno/RoombaV2CS/build/GUI/install.log --single-version-externally-managed install_data
[3.031s] running egg_info
[3.032s] writing ../../build/GUI/GUI.egg-info/PKG-INFO
[3.033s] writing dependency_links to ../../build/GUI/GUI.egg-info/dependency_links.txt
[3.033s] writing entry points to ../../build/GUI/GUI.egg-info/entry_points.txt
[3.033s] writing requirements to ../../build/GUI/GUI.egg-info/requires.txt
[3.033s] writing top-level names to ../../build/GUI/GUI.egg-info/top_level.txt
[3.038s] reading manifest file '../../build/GUI/GUI.egg-info/SOURCES.txt'
[3.039s] writing manifest file '../../build/GUI/GUI.egg-info/SOURCES.txt'
[3.039s] running build
[3.040s] running build_py
[3.040s] copying GUI/gui.py -> /home/arno/RoombaV2CS/build/GUI/build/lib/GUI
[3.040s] running install
[3.041s] running install_lib
[3.043s] copying /home/arno/RoombaV2CS/build/GUI/build/lib/GUI/gui.py -> /home/arno/RoombaV2CS/install/GUI/lib/python3.10/site-packages/GUI
[3.044s] byte-compiling /home/arno/RoombaV2CS/install/GUI/lib/python3.10/site-packages/GUI/gui.py to gui.cpython-310.pyc
[3.049s] running install_data
[3.050s] running install_egg_info
[3.053s] removing '/home/arno/RoombaV2CS/install/GUI/lib/python3.10/site-packages/GUI-0.0.1-py3.10.egg-info' (and everything under it)
[3.054s] Copying ../../build/GUI/GUI.egg-info to /home/arno/RoombaV2CS/install/GUI/lib/python3.10/site-packages/GUI-0.0.1-py3.10.egg-info
[3.055s] running install_scripts
[3.089s] Installing fake_map_pub script to /home/arno/RoombaV2CS/install/GUI/lib/GUI
[3.089s] Installing gui script to /home/arno/RoombaV2CS/install/GUI/lib/GUI
[3.090s] writing list of installed files to '/home/arno/RoombaV2CS/build/GUI/install.log'
[3.124s] Invoked command in '/home/arno/RoombaV2CS/src/GUI' returned '0': PYTHONPATH=/home/arno/RoombaV2CS/build/GUI/prefix_override:/usr/lib/python3/dist-packages/colcon_core/task/python/colcon_distutils_commands:/home/arno/RoombaV2CS/install/GUI/lib/python3.10/site-packages:${PYTHONPATH} /usr/bin/python3 -W ignore:setup.py install is deprecated setup.py egg_info --egg-base ../../build/GUI build --build-base /home/arno/RoombaV2CS/build/GUI/build install --record /home/arno/RoombaV2CS/build/GUI/install.log --single-version-externally-managed install_data
