running egg_info
creating ../../build/GUI/GUI.egg-info
writing ../../build/GUI/GUI.egg-info/PKG-INFO
writing dependency_links to ../../build/GUI/GUI.egg-info/dependency_links.txt
writing entry points to ../../build/GUI/GUI.egg-info/entry_points.txt
writing requirements to ../../build/GUI/GUI.egg-info/requires.txt
writing top-level names to ../../build/GUI/GUI.egg-info/top_level.txt
writing manifest file '../../build/GUI/GUI.egg-info/SOURCES.txt'
reading manifest file '../../build/GUI/GUI.egg-info/SOURCES.txt'
writing manifest file '../../build/GUI/GUI.egg-info/SOURCES.txt'
running build
running build_py
creating /home/arno/RoombaV2CS/build/GUI/build
creating /home/arno/RoombaV2CS/build/GUI/build/lib
creating /home/arno/RoombaV2CS/build/GUI/build/lib/GUI
copying GUI/gui.py -> /home/arno/RoombaV2CS/build/GUI/build/lib/GUI
copying GUI/__init__.py -> /home/arno/RoombaV2CS/build/GUI/build/lib/GUI
running install
running install_lib
creating /home/arno/RoombaV2CS/install/GUI/lib/python3.10/site-packages/GUI
copying /home/arno/RoombaV2CS/build/GUI/build/lib/GUI/gui.py -> /home/arno/RoombaV2CS/install/GUI/lib/python3.10/site-packages/GUI
copying /home/arno/RoombaV2CS/build/GUI/build/lib/GUI/__init__.py -> /home/arno/RoombaV2CS/install/GUI/lib/python3.10/site-packages/GUI
byte-compiling /home/arno/RoombaV2CS/install/GUI/lib/python3.10/site-packages/GUI/gui.py to gui.cpython-310.pyc
byte-compiling /home/arno/RoombaV2CS/install/GUI/lib/python3.10/site-packages/GUI/__init__.py to __init__.cpython-310.pyc
running install_data
creating /home/arno/RoombaV2CS/install/GUI/share/ament_index
creating /home/arno/RoombaV2CS/install/GUI/share/ament_index/resource_index
creating /home/arno/RoombaV2CS/install/GUI/share/ament_index/resource_index/packages
copying resource/GUI -> /home/arno/RoombaV2CS/install/GUI/share/ament_index/resource_index/packages
copying package.xml -> /home/arno/RoombaV2CS/install/GUI/share/GUI
running install_egg_info
Copying ../../build/GUI/GUI.egg-info to /home/arno/RoombaV2CS/install/GUI/lib/python3.10/site-packages/GUI-0.0.0-py3.10.egg-info
running install_scripts
writing list of installed files to '/home/arno/RoombaV2CS/build/GUI/install.log'
