[1.708s] Invoking command in '/home/arno/RoombaV2CS/src/GUI': PYTHONPATH=/home/arno/RoombaV2CS/build/GUI/prefix_override:/usr/lib/python3/dist-packages/colcon_core/task/python/colcon_distutils_commands:/home/arno/RoombaV2CS/install/GUI/lib/python3.10/site-packages:${PYTHONPATH} /usr/bin/python3 -W ignore:setup.py install is deprecated setup.py egg_info --egg-base ../../build/GUI build --build-base /home/arno/RoombaV2CS/build/GUI/build install --record /home/arno/RoombaV2CS/build/GUI/install.log --single-version-externally-managed install_data
[2.180s] running egg_info
[2.181s] creating ../../build/GUI/GUI.egg-info
[2.181s] writing ../../build/GUI/GUI.egg-info/PKG-INFO
[2.181s] writing dependency_links to ../../build/GUI/GUI.egg-info/dependency_links.txt
[2.181s] writing entry points to ../../build/GUI/GUI.egg-info/entry_points.txt
[2.182s] writing requirements to ../../build/GUI/GUI.egg-info/requires.txt
[2.182s] writing top-level names to ../../build/GUI/GUI.egg-info/top_level.txt
[2.182s] writing manifest file '../../build/GUI/GUI.egg-info/SOURCES.txt'
[2.184s] reading manifest file '../../build/GUI/GUI.egg-info/SOURCES.txt'
[2.185s] writing manifest file '../../build/GUI/GUI.egg-info/SOURCES.txt'
[2.185s] running build
[2.185s] running build_py
[2.186s] creating /home/arno/RoombaV2CS/build/GUI/build
[2.186s] creating /home/arno/RoombaV2CS/build/GUI/build/lib
[2.186s] creating /home/arno/RoombaV2CS/build/GUI/build/lib/GUI
[2.186s] copying GUI/gui.py -> /home/arno/RoombaV2CS/build/GUI/build/lib/GUI
[2.186s] copying GUI/__init__.py -> /home/arno/RoombaV2CS/build/GUI/build/lib/GUI
[2.187s] running install
[2.188s] running install_lib
[2.188s] creating /home/arno/RoombaV2CS/install/GUI/lib/python3.10/site-packages/GUI
[2.189s] copying /home/arno/RoombaV2CS/build/GUI/build/lib/GUI/gui.py -> /home/arno/RoombaV2CS/install/GUI/lib/python3.10/site-packages/GUI
[2.189s] copying /home/arno/RoombaV2CS/build/GUI/build/lib/GUI/__init__.py -> /home/arno/RoombaV2CS/install/GUI/lib/python3.10/site-packages/GUI
[2.189s] byte-compiling /home/arno/RoombaV2CS/install/GUI/lib/python3.10/site-packages/GUI/gui.py to gui.cpython-310.pyc
[2.191s] byte-compiling /home/arno/RoombaV2CS/install/GUI/lib/python3.10/site-packages/GUI/__init__.py to __init__.cpython-310.pyc
[2.191s] running install_data
[2.192s] creating /home/arno/RoombaV2CS/install/GUI/share/ament_index
[2.192s] creating /home/arno/RoombaV2CS/install/GUI/share/ament_index/resource_index
[2.192s] creating /home/arno/RoombaV2CS/install/GUI/share/ament_index/resource_index/packages
[2.192s] copying resource/GUI -> /home/arno/RoombaV2CS/install/GUI/share/ament_index/resource_index/packages
[2.192s] copying package.xml -> /home/arno/RoombaV2CS/install/GUI/share/GUI
[2.193s] running install_egg_info
[2.194s] Copying ../../build/GUI/GUI.egg-info to /home/arno/RoombaV2CS/install/GUI/lib/python3.10/site-packages/GUI-0.0.0-py3.10.egg-info
[2.195s] running install_scripts
[2.227s] writing list of installed files to '/home/arno/RoombaV2CS/build/GUI/install.log'
[2.264s] Invoked command in '/home/arno/RoombaV2CS/src/GUI' returned '0': PYTHONPATH=/home/arno/RoombaV2CS/build/GUI/prefix_override:/usr/lib/python3/dist-packages/colcon_core/task/python/colcon_distutils_commands:/home/arno/RoombaV2CS/install/GUI/lib/python3.10/site-packages:${PYTHONPATH} /usr/bin/python3 -W ignore:setup.py install is deprecated setup.py egg_info --egg-base ../../build/GUI build --build-base /home/arno/RoombaV2CS/build/GUI/build install --record /home/arno/RoombaV2CS/build/GUI/install.log --single-version-externally-managed install_data
