[2.519s] Invoking command in '/home/arno/RoombaV2CS/build/stream_receiver': PYTHONPATH=/home/arno/RoombaV2CS/build/stream_receiver/prefix_override:/usr/lib/python3/dist-packages/colcon_core/task/python/colcon_distutils_commands:/home/arno/RoombaV2CS/install/stream_receiver/lib/python3.10/site-packages:${PYTHONPATH} /usr/bin/python3 -W ignore:setup.py install is deprecated setup.py develop --uninstall --editable --build-directory /home/arno/RoombaV2CS/build/stream_receiver/build
[4.038s] running develop
[4.039s] /usr/lib/python3/dist-packages/setuptools/command/easy_install.py:158: EasyInstallDeprecationWarning: easy_install command is deprecated. Use build and pip and other standards-based tools.
[4.039s]   warnings.warn(
[4.782s] Removing /home/arno/RoombaV2CS/install/stream_receiver/lib/python3.10/site-packages/stream-receiver.egg-link (link to .)
[4.852s] Invoked command in '/home/arno/RoombaV2CS/build/stream_receiver' returned '0': PYTHONPATH=/home/arno/RoombaV2CS/build/stream_receiver/prefix_override:/usr/lib/python3/dist-packages/colcon_core/task/python/colcon_distutils_commands:/home/arno/RoombaV2CS/install/stream_receiver/lib/python3.10/site-packages:${PYTHONPATH} /usr/bin/python3 -W ignore:setup.py install is deprecated setup.py develop --uninstall --editable --build-directory /home/arno/RoombaV2CS/build/stream_receiver/build
[4.853s] Invoking command in '/home/arno/RoombaV2CS/src/stream_receiver': PYTHONPATH=/home/arno/RoombaV2CS/build/stream_receiver/prefix_override:/usr/lib/python3/dist-packages/colcon_core/task/python/colcon_distutils_commands:/home/arno/RoombaV2CS/install/stream_receiver/lib/python3.10/site-packages:${PYTHONPATH} /usr/bin/python3 -W ignore:setup.py install is deprecated setup.py egg_info --egg-base ../../build/stream_receiver build --build-base /home/arno/RoombaV2CS/build/stream_receiver/build install --record /home/arno/RoombaV2CS/build/stream_receiver/install.log --single-version-externally-managed install_data --force
[5.683s] running egg_info
[5.684s] writing ../../build/stream_receiver/stream_receiver.egg-info/PKG-INFO
[5.685s] writing dependency_links to ../../build/stream_receiver/stream_receiver.egg-info/dependency_links.txt
[5.685s] writing entry points to ../../build/stream_receiver/stream_receiver.egg-info/entry_points.txt
[5.685s] writing requirements to ../../build/stream_receiver/stream_receiver.egg-info/requires.txt
[5.686s] writing top-level names to ../../build/stream_receiver/stream_receiver.egg-info/top_level.txt
[5.687s] reading manifest file '../../build/stream_receiver/stream_receiver.egg-info/SOURCES.txt'
[5.693s] writing manifest file '../../build/stream_receiver/stream_receiver.egg-info/SOURCES.txt'
[5.693s] running build
[5.694s] running install
[5.698s] running install_data
[5.698s] copying resource/stream_receiver -> /home/arno/RoombaV2CS/install/stream_receiver/share/ament_index/resource_index/packages
[5.699s] copying package.xml -> /home/arno/RoombaV2CS/install/stream_receiver/share/stream_receiver
[5.699s] running install_egg_info
[5.713s] Copying ../../build/stream_receiver/stream_receiver.egg-info to /home/arno/RoombaV2CS/install/stream_receiver/lib/python3.10/site-packages/stream_receiver-0.0.0-py3.10.egg-info
[5.715s] running install_scripts
[5.814s] writing list of installed files to '/home/arno/RoombaV2CS/build/stream_receiver/install.log'
[5.871s] Invoked command in '/home/arno/RoombaV2CS/src/stream_receiver' returned '0': PYTHONPATH=/home/arno/RoombaV2CS/build/stream_receiver/prefix_override:/usr/lib/python3/dist-packages/colcon_core/task/python/colcon_distutils_commands:/home/arno/RoombaV2CS/install/stream_receiver/lib/python3.10/site-packages:${PYTHONPATH} /usr/bin/python3 -W ignore:setup.py install is deprecated setup.py egg_info --egg-base ../../build/stream_receiver build --build-base /home/arno/RoombaV2CS/build/stream_receiver/build install --record /home/arno/RoombaV2CS/build/stream_receiver/install.log --single-version-externally-managed install_data --force
