[1.167s] Invoking command in '/home/arno/RoombaV2CS/build/sllidar_ros2': CMAKE_PREFIX_PATH=${CMAKE_PREFIX_PATH}:/home/arno/RoombaV2CS/install/stream_receiver:/home/arno/RoombaV2CS/install/controller_input:/home/arno/RoombaV2CS/install/RoverInput:/home/arno/RoombaV2CS/install/GUI:/home/arno/RoombaV2Onboard/install/rover_stream:/home/arno/RoombaV2Onboard/install/roombav2:/home/arno/RoombaV2Onboard/install/mode_manager:/home/arno/RoombaV2Onboard/install/RoverReceive:/opt/ros/humble /usr/bin/cmake --build /home/arno/RoombaV2CS/build/sllidar_ros2 -- -j8 -l8
[1.245s] [ 90%] Built target sllidar_node
[1.275s] [100%] Built target sllidar_client
[1.575s] Invoked command in '/home/arno/RoombaV2CS/build/sllidar_ros2' returned '0': CMAKE_PREFIX_PATH=${CMAKE_PREFIX_PATH}:/home/arno/RoombaV2CS/install/stream_receiver:/home/arno/RoombaV2CS/install/controller_input:/home/arno/RoombaV2CS/install/RoverInput:/home/arno/RoombaV2CS/install/GUI:/home/arno/RoombaV2Onboard/install/rover_stream:/home/arno/RoombaV2Onboard/install/roombav2:/home/arno/RoombaV2Onboard/install/mode_manager:/home/arno/RoombaV2Onboard/install/RoverReceive:/opt/ros/humble /usr/bin/cmake --build /home/arno/RoombaV2CS/build/sllidar_ros2 -- -j8 -l8
[1.693s] Invoking command in '/home/arno/RoombaV2CS/build/sllidar_ros2': CMAKE_PREFIX_PATH=${CMAKE_PREFIX_PATH}:/home/arno/RoombaV2CS/install/stream_receiver:/home/arno/RoombaV2CS/install/controller_input:/home/arno/RoombaV2CS/install/RoverInput:/home/arno/RoombaV2CS/install/GUI:/home/arno/RoombaV2Onboard/install/rover_stream:/home/arno/RoombaV2Onboard/install/roombav2:/home/arno/RoombaV2Onboard/install/mode_manager:/home/arno/RoombaV2Onboard/install/RoverReceive:/opt/ros/humble /usr/bin/cmake --install /home/arno/RoombaV2CS/build/sllidar_ros2
[1.709s] -- Install configuration: ""
[1.709s] -- Execute custom install script
[1.710s] -- Up-to-date symlink: /home/arno/RoombaV2CS/install/sllidar_ros2/share/sllidar_ros2/launch/sllidar_a1_launch.py
[1.710s] -- Up-to-date symlink: /home/arno/RoombaV2CS/install/sllidar_ros2/share/sllidar_ros2/launch/sllidar_a2m12_launch .py
[1.711s] -- Up-to-date symlink: /home/arno/RoombaV2CS/install/sllidar_ros2/share/sllidar_ros2/launch/sllidar_a2m7_launch.py
[1.711s] -- Up-to-date symlink: /home/arno/RoombaV2CS/install/sllidar_ros2/share/sllidar_ros2/launch/sllidar_a2m8_launch.py
[1.711s] -- Up-to-date symlink: /home/arno/RoombaV2CS/install/sllidar_ros2/share/sllidar_ros2/launch/sllidar_a3_launch.py
[1.712s] -- Up-to-date symlink: /home/arno/RoombaV2CS/install/sllidar_ros2/share/sllidar_ros2/launch/sllidar_c1_launch.py
[1.712s] -- Up-to-date symlink: /home/arno/RoombaV2CS/install/sllidar_ros2/share/sllidar_ros2/launch/sllidar_s1_launch.py
[1.713s] -- Up-to-date symlink: /home/arno/RoombaV2CS/install/sllidar_ros2/share/sllidar_ros2/launch/sllidar_s1_tcp_launch.py
[1.713s] -- Up-to-date symlink: /home/arno/RoombaV2CS/install/sllidar_ros2/share/sllidar_ros2/launch/sllidar_s2_launch.py
[1.713s] -- Up-to-date symlink: /home/arno/RoombaV2CS/install/sllidar_ros2/share/sllidar_ros2/launch/sllidar_s2e_launch.py
[1.714s] -- Up-to-date symlink: /home/arno/RoombaV2CS/install/sllidar_ros2/share/sllidar_ros2/launch/sllidar_s3_launch.py
[1.714s] -- Up-to-date symlink: /home/arno/RoombaV2CS/install/sllidar_ros2/share/sllidar_ros2/launch/sllidar_t1_launch.py
[1.714s] -- Up-to-date symlink: /home/arno/RoombaV2CS/install/sllidar_ros2/share/sllidar_ros2/launch/view_sllidar_a1_launch.py
[1.715s] -- Up-to-date symlink: /home/arno/RoombaV2CS/install/sllidar_ros2/share/sllidar_ros2/launch/view_sllidar_a2m12_launch.py
[1.715s] -- Up-to-date symlink: /home/arno/RoombaV2CS/install/sllidar_ros2/share/sllidar_ros2/launch/view_sllidar_a2m7_launch.py
[1.716s] -- Up-to-date symlink: /home/arno/RoombaV2CS/install/sllidar_ros2/share/sllidar_ros2/launch/view_sllidar_a2m8_launch.py
[1.716s] -- Up-to-date symlink: /home/arno/RoombaV2CS/install/sllidar_ros2/share/sllidar_ros2/launch/view_sllidar_a3_launch.py
[1.716s] -- Up-to-date symlink: /home/arno/RoombaV2CS/install/sllidar_ros2/share/sllidar_ros2/launch/view_sllidar_c1_launch.py
[1.717s] -- Up-to-date symlink: /home/arno/RoombaV2CS/install/sllidar_ros2/share/sllidar_ros2/launch/view_sllidar_s1_launch.py
[1.717s] -- Up-to-date symlink: /home/arno/RoombaV2CS/install/sllidar_ros2/share/sllidar_ros2/launch/view_sllidar_s1_tcp_launch.py
[1.717s] -- Up-to-date symlink: /home/arno/RoombaV2CS/install/sllidar_ros2/share/sllidar_ros2/launch/view_sllidar_s2_launch.py
[1.717s] -- Up-to-date symlink: /home/arno/RoombaV2CS/install/sllidar_ros2/share/sllidar_ros2/launch/view_sllidar_s2e_launch.py
[1.718s] -- Up-to-date symlink: /home/arno/RoombaV2CS/install/sllidar_ros2/share/sllidar_ros2/launch/view_sllidar_s3_launch.py
[1.718s] -- Up-to-date symlink: /home/arno/RoombaV2CS/install/sllidar_ros2/share/sllidar_ros2/launch/view_sllidar_t1_launch.py
[1.719s] -- Up-to-date symlink: /home/arno/RoombaV2CS/install/sllidar_ros2/share/sllidar_ros2/rviz/sllidar_ros2.rviz
[1.720s] -- Up-to-date symlink: /home/arno/RoombaV2CS/install/sllidar_ros2/lib/sllidar_ros2/sllidar_node
[1.720s] -- Up-to-date symlink: /home/arno/RoombaV2CS/install/sllidar_ros2/lib/sllidar_ros2/sllidar_client
[1.720s] -- Up-to-date symlink: /home/arno/RoombaV2CS/install/sllidar_ros2/share/ament_index/resource_index/package_run_dependencies/sllidar_ros2
[1.721s] -- Up-to-date symlink: /home/arno/RoombaV2CS/install/sllidar_ros2/share/ament_index/resource_index/parent_prefix_path/sllidar_ros2
[1.721s] -- Up-to-date symlink: /home/arno/RoombaV2CS/install/sllidar_ros2/share/sllidar_ros2/environment/ament_prefix_path.sh
[1.722s] -- Up-to-date symlink: /home/arno/RoombaV2CS/install/sllidar_ros2/share/sllidar_ros2/environment/ament_prefix_path.dsv
[1.722s] -- Up-to-date symlink: /home/arno/RoombaV2CS/install/sllidar_ros2/share/sllidar_ros2/environment/path.sh
[1.723s] -- Up-to-date symlink: /home/arno/RoombaV2CS/install/sllidar_ros2/share/sllidar_ros2/environment/path.dsv
[1.723s] -- Up-to-date symlink: /home/arno/RoombaV2CS/install/sllidar_ros2/share/sllidar_ros2/local_setup.bash
[1.724s] -- Up-to-date symlink: /home/arno/RoombaV2CS/install/sllidar_ros2/share/sllidar_ros2/local_setup.sh
[1.724s] -- Up-to-date symlink: /home/arno/RoombaV2CS/install/sllidar_ros2/share/sllidar_ros2/local_setup.zsh
[1.725s] -- Up-to-date symlink: /home/arno/RoombaV2CS/install/sllidar_ros2/share/sllidar_ros2/local_setup.dsv
[1.725s] -- Symlinking: /home/arno/RoombaV2CS/install/sllidar_ros2/share/sllidar_ros2/package.dsv
[1.745s] -- Up-to-date symlink: /home/arno/RoombaV2CS/install/sllidar_ros2/share/ament_index/resource_index/packages/sllidar_ros2
[1.746s] -- Up-to-date symlink: /home/arno/RoombaV2CS/install/sllidar_ros2/share/sllidar_ros2/cmake/ament_cmake_export_dependencies-extras.cmake
[1.746s] -- Up-to-date symlink: /home/arno/RoombaV2CS/install/sllidar_ros2/share/sllidar_ros2/cmake/ament_cmake_export_include_directories-extras.cmake
[1.746s] -- Up-to-date symlink: /home/arno/RoombaV2CS/install/sllidar_ros2/share/sllidar_ros2/cmake/sllidar_ros2Config.cmake
[1.746s] -- Up-to-date symlink: /home/arno/RoombaV2CS/install/sllidar_ros2/share/sllidar_ros2/cmake/sllidar_ros2Config-version.cmake
[1.746s] -- Up-to-date symlink: /home/arno/RoombaV2CS/install/sllidar_ros2/share/sllidar_ros2/package.xml
[1.752s] Invoked command in '/home/arno/RoombaV2CS/build/sllidar_ros2' returned '0': CMAKE_PREFIX_PATH=${CMAKE_PREFIX_PATH}:/home/arno/RoombaV2CS/install/stream_receiver:/home/arno/RoombaV2CS/install/controller_input:/home/arno/RoombaV2CS/install/RoverInput:/home/arno/RoombaV2CS/install/GUI:/home/arno/RoombaV2Onboard/install/rover_stream:/home/arno/RoombaV2Onboard/install/roombav2:/home/arno/RoombaV2Onboard/install/mode_manager:/home/arno/RoombaV2Onboard/install/RoverReceive:/opt/ros/humble /usr/bin/cmake --install /home/arno/RoombaV2CS/build/sllidar_ros2
