[2.033s] Invoking command in '/home/arno/RoombaV2CS/build/stream_receiver': PYTHONPATH=/home/arno/RoombaV2CS/build/stream_receiver/prefix_override:/usr/lib/python3/dist-packages/colcon_core/task/python/colcon_distutils_commands:/home/arno/RoombaV2CS/install/stream_receiver/lib/python3.10/site-packages:${PYTHONPATH} /usr/bin/python3 -W ignore:setup.py install is deprecated setup.py develop --editable --build-directory /home/arno/RoombaV2CS/build/stream_receiver/build --no-deps symlink_data --force
[2.750s] running develop
[2.751s] /usr/lib/python3/dist-packages/setuptools/command/easy_install.py:158: EasyInstallDeprecationWarning: easy_install command is deprecated. Use build and pip and other standards-based tools.
[2.751s]   warnings.warn(
[3.124s] running egg_info
[3.125s] writing stream_receiver.egg-info/PKG-INFO
[3.126s] writing dependency_links to stream_receiver.egg-info/dependency_links.txt
[3.126s] writing entry points to stream_receiver.egg-info/entry_points.txt
[3.126s] writing requirements to stream_receiver.egg-info/requires.txt
[3.127s] writing top-level names to stream_receiver.egg-info/top_level.txt
[3.128s] reading manifest file 'stream_receiver.egg-info/SOURCES.txt'
[3.130s] writing manifest file 'stream_receiver.egg-info/SOURCES.txt'
[3.133s] running build_ext
[3.134s] Creating /home/arno/RoombaV2CS/install/stream_receiver/lib/python3.10/site-packages/stream-receiver.egg-link (link to .)
[3.136s] 
[3.136s] Installed /home/arno/RoombaV2CS/build/stream_receiver
[3.137s] running symlink_data
[3.137s] symbolically linking /home/arno/RoombaV2CS/build/stream_receiver/resource/stream_receiver -> /home/arno/RoombaV2CS/install/stream_receiver/share/ament_index/resource_index/packages
[3.137s] symbolically linking /home/arno/RoombaV2CS/build/stream_receiver/package.xml -> /home/arno/RoombaV2CS/install/stream_receiver/share/stream_receiver
[3.188s] Invoked command in '/home/arno/RoombaV2CS/build/stream_receiver' returned '0': PYTHONPATH=/home/arno/RoombaV2CS/build/stream_receiver/prefix_override:/usr/lib/python3/dist-packages/colcon_core/task/python/colcon_distutils_commands:/home/arno/RoombaV2CS/install/stream_receiver/lib/python3.10/site-packages:${PYTHONPATH} /usr/bin/python3 -W ignore:setup.py install is deprecated setup.py develop --editable --build-directory /home/arno/RoombaV2CS/build/stream_receiver/build --no-deps symlink_data --force
