[1.914s] Invoking command in '/home/arno/RoombaV2CS/build/GUI': PYTHONPATH=/home/arno/RoombaV2CS/build/GUI/prefix_override:/usr/lib/python3/dist-packages/colcon_core/task/python/colcon_distutils_commands:/home/arno/RoombaV2CS/install/GUI/lib/python3.10/site-packages:${PYTHONPATH} /usr/bin/python3 -W ignore:setup.py install is deprecated setup.py develop --editable --build-directory /home/arno/RoombaV2CS/build/GUI/build --no-deps symlink_data
[2.348s] running develop
[2.349s] /usr/lib/python3/dist-packages/setuptools/command/easy_install.py:158: EasyInstallDeprecationWarning: easy_install command is deprecated. Use build and pip and other standards-based tools.
[2.349s]   warnings.warn(
[2.636s] running egg_info
[2.636s] writing GUI.egg-info/PKG-INFO
[2.638s] writing dependency_links to GUI.egg-info/dependency_links.txt
[2.638s] writing entry points to GUI.egg-info/entry_points.txt
[2.638s] writing requirements to GUI.egg-info/requires.txt
[2.638s] writing top-level names to GUI.egg-info/top_level.txt
[2.642s] reading manifest file 'GUI.egg-info/SOURCES.txt'
[2.644s] writing manifest file 'GUI.egg-info/SOURCES.txt'
[2.647s] running build_ext
[2.647s] Creating /home/arno/RoombaV2CS/install/GUI/lib/python3.10/site-packages/GUI.egg-link (link to .)
[2.648s] Installing fake_map_pub script to /home/arno/RoombaV2CS/install/GUI/lib/GUI
[2.648s] Installing gui script to /home/arno/RoombaV2CS/install/GUI/lib/GUI
[2.648s] 
[2.649s] Installed /home/arno/RoombaV2CS/build/GUI
[2.649s] running symlink_data
[2.714s] Invoked command in '/home/arno/RoombaV2CS/build/GUI' returned '0': PYTHONPATH=/home/arno/RoombaV2CS/build/GUI/prefix_override:/usr/lib/python3/dist-packages/colcon_core/task/python/colcon_distutils_commands:/home/arno/RoombaV2CS/install/GUI/lib/python3.10/site-packages:${PYTHONPATH} /usr/bin/python3 -W ignore:setup.py install is deprecated setup.py develop --editable --build-directory /home/arno/RoombaV2CS/build/GUI/build --no-deps symlink_data
