[2.773s] Invoking command in '/home/arno/RoombaV2CS/build/GUI': PYTHONPATH=/home/arno/RoombaV2CS/build/GUI/prefix_override:/usr/lib/python3/dist-packages/colcon_core/task/python/colcon_distutils_commands:/home/arno/RoombaV2CS/install/GUI/lib/python3.10/site-packages:${PYTHONPATH} /usr/bin/python3 -W ignore:setup.py install is deprecated setup.py develop --editable --build-directory /home/arno/RoombaV2CS/build/GUI/build --no-deps symlink_data
[3.833s] running develop
[3.835s] /usr/lib/python3/dist-packages/setuptools/command/easy_install.py:158: EasyInstallDeprecationWarning: easy_install command is deprecated. Use build and pip and other standards-based tools.
[3.836s]   warnings.warn(
[4.425s] running egg_info
[4.426s] writing GUI.egg-info/PKG-INFO
[4.426s] writing dependency_links to GUI.egg-info/dependency_links.txt
[4.427s] writing entry points to GUI.egg-info/entry_points.txt
[4.427s] writing requirements to GUI.egg-info/requires.txt
[4.427s] writing top-level names to GUI.egg-info/top_level.txt
[4.429s] reading manifest file 'GUI.egg-info/SOURCES.txt'
[4.430s] writing manifest file 'GUI.egg-info/SOURCES.txt'
[4.432s] running build_ext
[4.433s] Creating /home/arno/RoombaV2CS/install/GUI/lib/python3.10/site-packages/GUI.egg-link (link to .)
[4.434s] Installing fake_map_pub script to /home/arno/RoombaV2CS/install/GUI/lib/GUI
[4.434s] Installing gui script to /home/arno/RoombaV2CS/install/GUI/lib/GUI
[4.434s] 
[4.435s] Installed /home/arno/RoombaV2CS/build/GUI
[4.435s] running symlink_data
[4.475s] Invoked command in '/home/arno/RoombaV2CS/build/GUI' returned '0': PYTHONPATH=/home/arno/RoombaV2CS/build/GUI/prefix_override:/usr/lib/python3/dist-packages/colcon_core/task/python/colcon_distutils_commands:/home/arno/RoombaV2CS/install/GUI/lib/python3.10/site-packages:${PYTHONPATH} /usr/bin/python3 -W ignore:setup.py install is deprecated setup.py develop --editable --build-directory /home/arno/RoombaV2CS/build/GUI/build --no-deps symlink_data
