[1.782s] Invoking command in '/home/arno/RoombaV2CS/src/controller_input': PYTHONPATH=/home/arno/RoombaV2CS/build/controller_input/prefix_override:/usr/lib/python3/dist-packages/colcon_core/task/python/colcon_distutils_commands:/home/arno/RoombaV2CS/install/controller_input/lib/python3.10/site-packages:${PYTHONPATH} /usr/bin/python3 -W ignore:setup.py install is deprecated setup.py egg_info --egg-base ../../build/controller_input build --build-base /home/arno/RoombaV2CS/build/controller_input/build install --record /home/arno/RoombaV2CS/build/controller_input/install.log --single-version-externally-managed install_data
[2.157s] running egg_info
[2.158s] writing ../../build/controller_input/controller_input.egg-info/PKG-INFO
[2.158s] writing dependency_links to ../../build/controller_input/controller_input.egg-info/dependency_links.txt
[2.159s] writing entry points to ../../build/controller_input/controller_input.egg-info/entry_points.txt
[2.159s] writing requirements to ../../build/controller_input/controller_input.egg-info/requires.txt
[2.159s] writing top-level names to ../../build/controller_input/controller_input.egg-info/top_level.txt
[2.161s] reading manifest file '../../build/controller_input/controller_input.egg-info/SOURCES.txt'
[2.162s] adding license file 'LICENSE'
[2.164s] writing manifest file '../../build/controller_input/controller_input.egg-info/SOURCES.txt'
[2.164s] running build
[2.165s] running build_py
[2.165s] running install
[2.165s] running install_lib
[2.167s] running install_data
[2.167s] running install_egg_info
[2.170s] removing '/home/arno/RoombaV2CS/install/controller_input/lib/python3.10/site-packages/controller_input-0.0.0-py3.10.egg-info' (and everything under it)
[2.170s] Copying ../../build/controller_input/controller_input.egg-info to /home/arno/RoombaV2CS/install/controller_input/lib/python3.10/site-packages/controller_input-0.0.0-py3.10.egg-info
[2.171s] running install_scripts
[2.203s] writing list of installed files to '/home/arno/RoombaV2CS/build/controller_input/install.log'
[2.245s] Invoked command in '/home/arno/RoombaV2CS/src/controller_input' returned '0': PYTHONPATH=/home/arno/RoombaV2CS/build/controller_input/prefix_override:/usr/lib/python3/dist-packages/colcon_core/task/python/colcon_distutils_commands:/home/arno/RoombaV2CS/install/controller_input/lib/python3.10/site-packages:${PYTHONPATH} /usr/bin/python3 -W ignore:setup.py install is deprecated setup.py egg_info --egg-base ../../build/controller_input build --build-base /home/arno/RoombaV2CS/build/controller_input/build install --record /home/arno/RoombaV2CS/build/controller_input/install.log --single-version-externally-managed install_data
