/usr/lib/python3/dist-packages/setuptools/command/easy_install.py:158: EasyInstallDeprecationWarning: easy_install command is deprecated. Use build and pip and other standards-based tools.
  warnings.warn(
running develop
Removing /home/arno/RoombaV2CS/install/GUI/lib/python3.10/site-packages/GUI.egg-link (link to .)
running egg_info
writing ../../build/GUI/GUI.egg-info/PKG-INFO
writing dependency_links to ../../build/GUI/GUI.egg-info/dependency_links.txt
writing entry points to ../../build/GUI/GUI.egg-info/entry_points.txt
writing requirements to ../../build/GUI/GUI.egg-info/requires.txt
writing top-level names to ../../build/GUI/GUI.egg-info/top_level.txt
reading manifest file '../../build/GUI/GUI.egg-info/SOURCES.txt'
writing manifest file '../../build/GUI/GUI.egg-info/SOURCES.txt'
running build
running build_py
copying GUI/gui.py -> /home/arno/RoombaV2CS/build/GUI/build/lib/GUI
running install
running install_lib
creating /home/arno/RoombaV2CS/install/GUI/lib/python3.10/site-packages/GUI
copying /home/arno/RoombaV2CS/build/GUI/build/lib/GUI/fake_occupancy_grid_publisher.py -> /home/arno/RoombaV2CS/install/GUI/lib/python3.10/site-packages/GUI
copying /home/arno/RoombaV2CS/build/GUI/build/lib/GUI/gui.py -> /home/arno/RoombaV2CS/install/GUI/lib/python3.10/site-packages/GUI
copying /home/arno/RoombaV2CS/build/GUI/build/lib/GUI/__init__.py -> /home/arno/RoombaV2CS/install/GUI/lib/python3.10/site-packages/GUI
byte-compiling /home/arno/RoombaV2CS/install/GUI/lib/python3.10/site-packages/GUI/fake_occupancy_grid_publisher.py to fake_occupancy_grid_publisher.cpython-310.pyc
byte-compiling /home/arno/RoombaV2CS/install/GUI/lib/python3.10/site-packages/GUI/gui.py to gui.cpython-310.pyc
byte-compiling /home/arno/RoombaV2CS/install/GUI/lib/python3.10/site-packages/GUI/__init__.py to __init__.cpython-310.pyc
running install_data
copying package.xml -> /home/arno/RoombaV2CS/install/GUI/share/GUI
copying launch/control_station.launch.py -> /home/arno/RoombaV2CS/install/GUI/share/GUI/launch
copying config/joystick_params.yaml -> /home/arno/RoombaV2CS/install/GUI/share/GUI/config
running install_egg_info
Copying ../../build/GUI/GUI.egg-info to /home/arno/RoombaV2CS/install/GUI/lib/python3.10/site-packages/GUI-0.0.1-py3.10.egg-info
running install_scripts
Installing fake_map_pub script to /home/arno/RoombaV2CS/install/GUI/lib/GUI
Installing gui script to /home/arno/RoombaV2CS/install/GUI/lib/GUI
writing list of installed files to '/home/arno/RoombaV2CS/build/GUI/install.log'
