[2.408s] Invoking command in '/home/arno/RoombaV2CS/build/GUI': PYTHONPATH=/home/arno/RoombaV2CS/build/GUI/prefix_override:/usr/lib/python3/dist-packages/colcon_core/task/python/colcon_distutils_commands:/home/arno/RoombaV2CS/install/GUI/lib/python3.10/site-packages:${PYTHONPATH} /usr/bin/python3 -W ignore:setup.py install is deprecated setup.py develop --uninstall --editable --build-directory /home/arno/RoombaV2CS/build/GUI/build
[3.971s] /usr/lib/python3/dist-packages/setuptools/command/easy_install.py:158: EasyInstallDeprecationWarning: easy_install command is deprecated. Use build and pip and other standards-based tools.
[3.971s]   warnings.warn(
[3.972s] running develop
[4.575s] Removing /home/arno/RoombaV2CS/install/GUI/lib/python3.10/site-packages/GUI.egg-link (link to .)
[4.631s] Invoked command in '/home/arno/RoombaV2CS/build/GUI' returned '0': PYTHONPATH=/home/arno/RoombaV2CS/build/GUI/prefix_override:/usr/lib/python3/dist-packages/colcon_core/task/python/colcon_distutils_commands:/home/arno/RoombaV2CS/install/GUI/lib/python3.10/site-packages:${PYTHONPATH} /usr/bin/python3 -W ignore:setup.py install is deprecated setup.py develop --uninstall --editable --build-directory /home/arno/RoombaV2CS/build/GUI/build
[4.635s] Invoking command in '/home/arno/RoombaV2CS/src/GUI': PYTHONPATH=/home/arno/RoombaV2CS/build/GUI/prefix_override:/usr/lib/python3/dist-packages/colcon_core/task/python/colcon_distutils_commands:/home/arno/RoombaV2CS/install/GUI/lib/python3.10/site-packages:${PYTHONPATH} /usr/bin/python3 -W ignore:setup.py install is deprecated setup.py egg_info --egg-base ../../build/GUI build --build-base /home/arno/RoombaV2CS/build/GUI/build install --record /home/arno/RoombaV2CS/build/GUI/install.log --single-version-externally-managed install_data --force
[5.625s] running egg_info
[5.627s] writing ../../build/GUI/GUI.egg-info/PKG-INFO
[5.628s] writing dependency_links to ../../build/GUI/GUI.egg-info/dependency_links.txt
[5.629s] writing entry points to ../../build/GUI/GUI.egg-info/entry_points.txt
[5.629s] writing requirements to ../../build/GUI/GUI.egg-info/requires.txt
[5.632s] writing top-level names to ../../build/GUI/GUI.egg-info/top_level.txt
[5.637s] reading manifest file '../../build/GUI/GUI.egg-info/SOURCES.txt'
[5.641s] writing manifest file '../../build/GUI/GUI.egg-info/SOURCES.txt'
[5.642s] running build
[5.643s] running build_py
[5.643s] copying GUI/gui.py -> /home/arno/RoombaV2CS/build/GUI/build/lib/GUI
[5.644s] running install
[5.649s] running install_lib
[5.649s] creating /home/arno/RoombaV2CS/install/GUI/lib/python3.10/site-packages/GUI
[5.650s] copying /home/arno/RoombaV2CS/build/GUI/build/lib/GUI/fake_occupancy_grid_publisher.py -> /home/arno/RoombaV2CS/install/GUI/lib/python3.10/site-packages/GUI
[5.652s] copying /home/arno/RoombaV2CS/build/GUI/build/lib/GUI/gui.py -> /home/arno/RoombaV2CS/install/GUI/lib/python3.10/site-packages/GUI
[5.653s] copying /home/arno/RoombaV2CS/build/GUI/build/lib/GUI/__init__.py -> /home/arno/RoombaV2CS/install/GUI/lib/python3.10/site-packages/GUI
[5.654s] byte-compiling /home/arno/RoombaV2CS/install/GUI/lib/python3.10/site-packages/GUI/fake_occupancy_grid_publisher.py to fake_occupancy_grid_publisher.cpython-310.pyc
[5.656s] byte-compiling /home/arno/RoombaV2CS/install/GUI/lib/python3.10/site-packages/GUI/gui.py to gui.cpython-310.pyc
[5.666s] byte-compiling /home/arno/RoombaV2CS/install/GUI/lib/python3.10/site-packages/GUI/__init__.py to __init__.cpython-310.pyc
[5.669s] running install_data
[5.669s] copying package.xml -> /home/arno/RoombaV2CS/install/GUI/share/GUI
[5.671s] copying launch/control_station.launch.py -> /home/arno/RoombaV2CS/install/GUI/share/GUI/launch
[5.672s] copying config/joystick_params.yaml -> /home/arno/RoombaV2CS/install/GUI/share/GUI/config
[5.672s] running install_egg_info
[5.683s] Copying ../../build/GUI/GUI.egg-info to /home/arno/RoombaV2CS/install/GUI/lib/python3.10/site-packages/GUI-0.0.1-py3.10.egg-info
[5.685s] running install_scripts
[5.755s] Installing fake_map_pub script to /home/arno/RoombaV2CS/install/GUI/lib/GUI
[5.755s] Installing gui script to /home/arno/RoombaV2CS/install/GUI/lib/GUI
[5.758s] writing list of installed files to '/home/arno/RoombaV2CS/build/GUI/install.log'
[5.817s] Invoked command in '/home/arno/RoombaV2CS/src/GUI' returned '0': PYTHONPATH=/home/arno/RoombaV2CS/build/GUI/prefix_override:/usr/lib/python3/dist-packages/colcon_core/task/python/colcon_distutils_commands:/home/arno/RoombaV2CS/install/GUI/lib/python3.10/site-packages:${PYTHONPATH} /usr/bin/python3 -W ignore:setup.py install is deprecated setup.py egg_info --egg-base ../../build/GUI build --build-base /home/arno/RoombaV2CS/build/GUI/build install --record /home/arno/RoombaV2CS/build/GUI/install.log --single-version-externally-managed install_data --force
