[2.126s] Invoking command in '/home/arno/RoombaV2CS/build/GUI': PYTHONPATH=/home/arno/RoombaV2CS/build/GUI/prefix_override:/usr/lib/python3/dist-packages/colcon_core/task/python/colcon_distutils_commands:/home/arno/RoombaV2CS/install/GUI/lib/python3.10/site-packages:${PYTHONPATH} /usr/bin/python3 -W ignore:setup.py install is deprecated setup.py develop --editable --build-directory /home/arno/RoombaV2CS/build/GUI/build --no-deps symlink_data
[2.574s] running develop
[2.575s] /usr/lib/python3/dist-packages/setuptools/command/easy_install.py:158: EasyInstallDeprecationWarning: easy_install command is deprecated. Use build and pip and other standards-based tools.
[2.575s]   warnings.warn(
[2.873s] running egg_info
[2.874s] writing GUI.egg-info/PKG-INFO
[2.874s] writing dependency_links to GUI.egg-info/dependency_links.txt
[2.874s] writing entry points to GUI.egg-info/entry_points.txt
[2.874s] writing requirements to GUI.egg-info/requires.txt
[2.874s] writing top-level names to GUI.egg-info/top_level.txt
[2.877s] reading manifest file 'GUI.egg-info/SOURCES.txt'
[2.878s] writing manifest file 'GUI.egg-info/SOURCES.txt'
[2.880s] running build_ext
[2.881s] Creating /home/arno/RoombaV2CS/install/GUI/lib/python3.10/site-packages/GUI.egg-link (link to .)
[2.882s] Installing fake_map_pub script to /home/arno/RoombaV2CS/install/GUI/lib/GUI
[2.884s] Installing gui script to /home/arno/RoombaV2CS/install/GUI/lib/GUI
[2.884s] 
[2.884s] Installed /home/arno/RoombaV2CS/build/GUI
[2.884s] running symlink_data
[2.884s] creating /home/arno/RoombaV2CS/install/GUI/share/GUI/launch
[2.885s] symbolically linking /home/arno/RoombaV2CS/build/GUI/launch/control_station.launch.py -> /home/arno/RoombaV2CS/install/GUI/share/GUI/launch
[2.885s] creating /home/arno/RoombaV2CS/install/GUI/share/GUI/config
[2.885s] symbolically linking /home/arno/RoombaV2CS/build/GUI/config/joystick_params.yaml -> /home/arno/RoombaV2CS/install/GUI/share/GUI/config
[2.934s] Invoked command in '/home/arno/RoombaV2CS/build/GUI' returned '0': PYTHONPATH=/home/arno/RoombaV2CS/build/GUI/prefix_override:/usr/lib/python3/dist-packages/colcon_core/task/python/colcon_distutils_commands:/home/arno/RoombaV2CS/install/GUI/lib/python3.10/site-packages:${PYTHONPATH} /usr/bin/python3 -W ignore:setup.py install is deprecated setup.py develop --editable --build-directory /home/arno/RoombaV2CS/build/GUI/build --no-deps symlink_data
