[1.948s] Invoking command in '/home/arno/RoombaV2CS/build/controller_input': PYTHONPATH=/home/arno/RoombaV2CS/build/controller_input/prefix_override:/usr/lib/python3/dist-packages/colcon_core/task/python/colcon_distutils_commands:/home/arno/RoombaV2CS/install/controller_input/lib/python3.10/site-packages:${PYTHONPATH} /usr/bin/python3 -W ignore:setup.py install is deprecated setup.py develop --editable --build-directory /home/arno/RoombaV2CS/build/controller_input/build --no-deps symlink_data --force
[2.425s] running develop
[2.425s] /usr/lib/python3/dist-packages/setuptools/command/easy_install.py:158: EasyInstallDeprecationWarning: easy_install command is deprecated. Use build and pip and other standards-based tools.
[2.425s]   warnings.warn(
[2.732s] running egg_info
[2.732s] writing controller_input.egg-info/PKG-INFO
[2.732s] writing dependency_links to controller_input.egg-info/dependency_links.txt
[2.732s] writing entry points to controller_input.egg-info/entry_points.txt
[2.733s] writing requirements to controller_input.egg-info/requires.txt
[2.733s] writing top-level names to controller_input.egg-info/top_level.txt
[2.736s] reading manifest file 'controller_input.egg-info/SOURCES.txt'
[2.738s] writing manifest file 'controller_input.egg-info/SOURCES.txt'
[2.740s] running build_ext
[2.741s] Creating /home/arno/RoombaV2CS/install/controller_input/lib/python3.10/site-packages/controller-input.egg-link (link to .)
[2.742s] 
[2.742s] Installed /home/arno/RoombaV2CS/build/controller_input
[2.742s] running symlink_data
[2.743s] symbolically linking /home/arno/RoombaV2CS/build/controller_input/package.xml -> /home/arno/RoombaV2CS/install/controller_input/share/controller_input
[2.743s] creating /home/arno/RoombaV2CS/install/controller_input/share/controller_input/launch
[2.743s] error: [Errno 2] No such file or directory: '/home/arno/RoombaV2CS/install/controller_input/share/controller_input/launch/joystick.launch.py'
[2.786s] Invoked command in '/home/arno/RoombaV2CS/build/controller_input' returned '1': PYTHONPATH=/home/arno/RoombaV2CS/build/controller_input/prefix_override:/usr/lib/python3/dist-packages/colcon_core/task/python/colcon_distutils_commands:/home/arno/RoombaV2CS/install/controller_input/lib/python3.10/site-packages:${PYTHONPATH} /usr/bin/python3 -W ignore:setup.py install is deprecated setup.py develop --editable --build-directory /home/arno/RoombaV2CS/build/controller_input/build --no-deps symlink_data --force
