[0.956s] Invoking command in '/home/arno/RoombaV2CS/src/RoverInput': PYTHONPATH=/home/arno/RoombaV2CS/build/RoverInput/prefix_override:/usr/lib/python3/dist-packages/colcon_core/task/python/colcon_distutils_commands:/home/arno/RoombaV2CS/install/RoverInput/lib/python3.10/site-packages:${PYTHONPATH} /usr/bin/python3 -W ignore:setup.py install is deprecated setup.py egg_info --egg-base ../../build/RoverInput build --build-base /home/arno/RoombaV2CS/build/RoverInput/build install --record /home/arno/RoombaV2CS/build/RoverInput/install.log --single-version-externally-managed install_data
[1.307s] running egg_info
[1.308s] writing ../../build/RoverInput/RoverInput.egg-info/PKG-INFO
[1.309s] writing dependency_links to ../../build/RoverInput/RoverInput.egg-info/dependency_links.txt
[1.309s] writing entry points to ../../build/RoverInput/RoverInput.egg-info/entry_points.txt
[1.309s] writing requirements to ../../build/RoverInput/RoverInput.egg-info/requires.txt
[1.309s] writing top-level names to ../../build/RoverInput/RoverInput.egg-info/top_level.txt
[1.312s] reading manifest file '../../build/RoverInput/RoverInput.egg-info/SOURCES.txt'
[1.312s] adding license file 'LICENSE'
[1.313s] writing manifest file '../../build/RoverInput/RoverInput.egg-info/SOURCES.txt'
[1.313s] running build
[1.314s] running build_py
[1.314s] copying RoverInput/input_node.py -> /home/arno/RoombaV2CS/build/RoverInput/build/lib/RoverInput
[1.314s] running install
[1.315s] running install_lib
[1.316s] copying /home/arno/RoombaV2CS/build/RoverInput/build/lib/RoverInput/input_node.py -> /home/arno/RoombaV2CS/install/RoverInput/lib/python3.10/site-packages/RoverInput
[1.317s] byte-compiling /home/arno/RoombaV2CS/install/RoverInput/lib/python3.10/site-packages/RoverInput/input_node.py to input_node.cpython-310.pyc
[1.318s] running install_data
[1.318s] running install_egg_info
[1.320s] removing '/home/arno/RoombaV2CS/install/RoverInput/lib/python3.10/site-packages/RoverInput-0.0.0-py3.10.egg-info' (and everything under it)
[1.321s] Copying ../../build/RoverInput/RoverInput.egg-info to /home/arno/RoombaV2CS/install/RoverInput/lib/python3.10/site-packages/RoverInput-0.0.0-py3.10.egg-info
[1.322s] running install_scripts
[1.352s] Installing input_node script to /home/arno/RoombaV2CS/install/RoverInput/lib/RoverInput
[1.352s] writing list of installed files to '/home/arno/RoombaV2CS/build/RoverInput/install.log'
[1.385s] Invoked command in '/home/arno/RoombaV2CS/src/RoverInput' returned '0': PYTHONPATH=/home/arno/RoombaV2CS/build/RoverInput/prefix_override:/usr/lib/python3/dist-packages/colcon_core/task/python/colcon_distutils_commands:/home/arno/RoombaV2CS/install/RoverInput/lib/python3.10/site-packages:${PYTHONPATH} /usr/bin/python3 -W ignore:setup.py install is deprecated setup.py egg_info --egg-base ../../build/RoverInput build --build-base /home/arno/RoombaV2CS/build/RoverInput/build install --record /home/arno/RoombaV2CS/build/RoverInput/install.log --single-version-externally-managed install_data
