[2.000s] Invoking command in '/home/arno/RoombaV2CS/build/GUI': PYTHONPATH=/home/arno/RoombaV2CS/build/GUI/prefix_override:/usr/lib/python3/dist-packages/colcon_core/task/python/colcon_distutils_commands:/home/arno/RoombaV2CS/install/GUI/lib/python3.10/site-packages:${PYTHONPATH} /usr/bin/python3 -W ignore:setup.py install is deprecated setup.py develop --editable --build-directory /home/arno/RoombaV2CS/build/GUI/build --no-deps symlink_data
[2.499s] running develop
[2.500s] /usr/lib/python3/dist-packages/setuptools/command/easy_install.py:158: EasyInstallDeprecationWarning: easy_install command is deprecated. Use build and pip and other standards-based tools.
[2.500s]   warnings.warn(
[2.783s] running egg_info
[2.783s] writing GUI.egg-info/PKG-INFO
[2.783s] writing dependency_links to GUI.egg-info/dependency_links.txt
[2.784s] writing entry points to GUI.egg-info/entry_points.txt
[2.784s] writing requirements to GUI.egg-info/requires.txt
[2.784s] writing top-level names to GUI.egg-info/top_level.txt
[2.787s] reading manifest file 'GUI.egg-info/SOURCES.txt'
[2.788s] writing manifest file 'GUI.egg-info/SOURCES.txt'
[2.791s] running build_ext
[2.791s] Creating /home/arno/RoombaV2CS/install/GUI/lib/python3.10/site-packages/GUI.egg-link (link to .)
[2.792s] Installing fake_map_pub script to /home/arno/RoombaV2CS/install/GUI/lib/GUI
[2.793s] Installing gui script to /home/arno/RoombaV2CS/install/GUI/lib/GUI
[2.793s] 
[2.793s] Installed /home/arno/RoombaV2CS/build/GUI
[2.793s] running symlink_data
[2.836s] Invoked command in '/home/arno/RoombaV2CS/build/GUI' returned '0': PYTHONPATH=/home/arno/RoombaV2CS/build/GUI/prefix_override:/usr/lib/python3/dist-packages/colcon_core/task/python/colcon_distutils_commands:/home/arno/RoombaV2CS/install/GUI/lib/python3.10/site-packages:${PYTHONPATH} /usr/bin/python3 -W ignore:setup.py install is deprecated setup.py develop --editable --build-directory /home/arno/RoombaV2CS/build/GUI/build --no-deps symlink_data
