[2.576s] Invoking command in '/home/arno/RoombaV2CS/src/RoverInput': PYTHONPATH=/home/arno/RoombaV2CS/build/RoverInput/prefix_override:/usr/lib/python3/dist-packages/colcon_core/task/python/colcon_distutils_commands:/home/arno/RoombaV2CS/install/RoverInput/lib/python3.10/site-packages:${PYTHONPATH} /usr/bin/python3 -W ignore:setup.py install is deprecated setup.py egg_info --egg-base ../../build/RoverInput build --build-base /home/arno/RoombaV2CS/build/RoverInput/build install --record /home/arno/RoombaV2CS/build/RoverInput/install.log --single-version-externally-managed install_data
[2.996s] running egg_info
[2.997s] writing ../../build/RoverInput/RoverInput.egg-info/PKG-INFO
[2.997s] writing dependency_links to ../../build/RoverInput/RoverInput.egg-info/dependency_links.txt
[2.997s] writing entry points to ../../build/RoverInput/RoverInput.egg-info/entry_points.txt
[2.997s] writing requirements to ../../build/RoverInput/RoverInput.egg-info/requires.txt
[2.997s] writing top-level names to ../../build/RoverInput/RoverInput.egg-info/top_level.txt
[3.000s] reading manifest file '../../build/RoverInput/RoverInput.egg-info/SOURCES.txt'
[3.000s] adding license file 'LICENSE'
[3.003s] writing manifest file '../../build/RoverInput/RoverInput.egg-info/SOURCES.txt'
[3.003s] running build
[3.003s] running build_py
[3.003s] running install
[3.003s] running install_lib
[3.005s] running install_data
[3.005s] running install_egg_info
[3.008s] removing '/home/arno/RoombaV2CS/install/RoverInput/lib/python3.10/site-packages/RoverInput-0.0.0-py3.10.egg-info' (and everything under it)
[3.008s] Copying ../../build/RoverInput/RoverInput.egg-info to /home/arno/RoombaV2CS/install/RoverInput/lib/python3.10/site-packages/RoverInput-0.0.0-py3.10.egg-info
[3.009s] running install_scripts
[3.039s] Installing input_node script to /home/arno/RoombaV2CS/install/RoverInput/lib/RoverInput
[3.039s] writing list of installed files to '/home/arno/RoombaV2CS/build/RoverInput/install.log'
[3.080s] Invoked command in '/home/arno/RoombaV2CS/src/RoverInput' returned '0': PYTHONPATH=/home/arno/RoombaV2CS/build/RoverInput/prefix_override:/usr/lib/python3/dist-packages/colcon_core/task/python/colcon_distutils_commands:/home/arno/RoombaV2CS/install/RoverInput/lib/python3.10/site-packages:${PYTHONPATH} /usr/bin/python3 -W ignore:setup.py install is deprecated setup.py egg_info --egg-base ../../build/RoverInput build --build-base /home/arno/RoombaV2CS/build/RoverInput/build install --record /home/arno/RoombaV2CS/build/RoverInput/install.log --single-version-externally-managed install_data
