[2.627s] Invoking command in '/home/arno/RoombaV2CS/build/controller_input': PYTHONPATH=/home/arno/RoombaV2CS/build/controller_input/prefix_override:/usr/lib/python3/dist-packages/colcon_core/task/python/colcon_distutils_commands:/home/arno/RoombaV2CS/install/controller_input/lib/python3.10/site-packages:${PYTHONPATH} /usr/bin/python3 -W ignore:setup.py install is deprecated setup.py develop --uninstall --editable --build-directory /home/arno/RoombaV2CS/build/controller_input/build
[4.315s] running develop
[4.315s] /usr/lib/python3/dist-packages/setuptools/command/easy_install.py:158: EasyInstallDeprecationWarning: easy_install command is deprecated. Use build and pip and other standards-based tools.
[4.315s]   warnings.warn(
[5.282s] Removing /home/arno/RoombaV2CS/install/controller_input/lib/python3.10/site-packages/controller-input.egg-link (link to .)
[5.346s] Invoked command in '/home/arno/RoombaV2CS/build/controller_input' returned '0': PYTHONPATH=/home/arno/RoombaV2CS/build/controller_input/prefix_override:/usr/lib/python3/dist-packages/colcon_core/task/python/colcon_distutils_commands:/home/arno/RoombaV2CS/install/controller_input/lib/python3.10/site-packages:${PYTHONPATH} /usr/bin/python3 -W ignore:setup.py install is deprecated setup.py develop --uninstall --editable --build-directory /home/arno/RoombaV2CS/build/controller_input/build
[5.347s] Invoking command in '/home/arno/RoombaV2CS/src/controller_input': PYTHONPATH=/home/arno/RoombaV2CS/build/controller_input/prefix_override:/usr/lib/python3/dist-packages/colcon_core/task/python/colcon_distutils_commands:/home/arno/RoombaV2CS/install/controller_input/lib/python3.10/site-packages:${PYTHONPATH} /usr/bin/python3 -W ignore:setup.py install is deprecated setup.py egg_info --egg-base ../../build/controller_input build --build-base /home/arno/RoombaV2CS/build/controller_input/build install --record /home/arno/RoombaV2CS/build/controller_input/install.log --single-version-externally-managed install_data --force
[6.157s] running egg_info
[6.159s] writing ../../build/controller_input/controller_input.egg-info/PKG-INFO
[6.161s] writing dependency_links to ../../build/controller_input/controller_input.egg-info/dependency_links.txt
[6.163s] writing entry points to ../../build/controller_input/controller_input.egg-info/entry_points.txt
[6.166s] writing requirements to ../../build/controller_input/controller_input.egg-info/requires.txt
[6.166s] writing top-level names to ../../build/controller_input/controller_input.egg-info/top_level.txt
[6.167s] reading manifest file '../../build/controller_input/controller_input.egg-info/SOURCES.txt'
[6.167s] adding license file 'LICENSE'
[6.176s] writing manifest file '../../build/controller_input/controller_input.egg-info/SOURCES.txt'
[6.176s] running build
[6.177s] running build_py
[6.177s] running install
[6.177s] running install_lib
[6.177s] creating /home/arno/RoombaV2CS/install/controller_input/lib/python3.10/site-packages/controller_input
[6.177s] copying /home/arno/RoombaV2CS/build/controller_input/build/lib/controller_input/__init__.py -> /home/arno/RoombaV2CS/install/controller_input/lib/python3.10/site-packages/controller_input
[6.177s] byte-compiling /home/arno/RoombaV2CS/install/controller_input/lib/python3.10/site-packages/controller_input/__init__.py to __init__.cpython-310.pyc
[6.178s] running install_data
[6.178s] copying package.xml -> /home/arno/RoombaV2CS/install/controller_input/share/controller_input
[6.178s] copying launch/joystick.launch.py -> /home/arno/RoombaV2CS/install/controller_input/share/controller_input/launch
[6.178s] copying config/joystick_params.yaml -> /home/arno/RoombaV2CS/install/controller_input/share/controller_input/config
[6.178s] running install_egg_info
[6.182s] Copying ../../build/controller_input/controller_input.egg-info to /home/arno/RoombaV2CS/install/controller_input/lib/python3.10/site-packages/controller_input-0.0.0-py3.10.egg-info
[6.186s] running install_scripts
[6.240s] writing list of installed files to '/home/arno/RoombaV2CS/build/controller_input/install.log'
[6.282s] Invoked command in '/home/arno/RoombaV2CS/src/controller_input' returned '0': PYTHONPATH=/home/arno/RoombaV2CS/build/controller_input/prefix_override:/usr/lib/python3/dist-packages/colcon_core/task/python/colcon_distutils_commands:/home/arno/RoombaV2CS/install/controller_input/lib/python3.10/site-packages:${PYTHONPATH} /usr/bin/python3 -W ignore:setup.py install is deprecated setup.py egg_info --egg-base ../../build/controller_input build --build-base /home/arno/RoombaV2CS/build/controller_input/build install --record /home/arno/RoombaV2CS/build/controller_input/install.log --single-version-externally-managed install_data --force
