[0.179s] DEBUG:colcon:Command line arguments: ['/usr/bin/colcon', 'build']
[0.180s] DEBUG:colcon:Parsed command line arguments: Namespace(log_base=None, log_level=None, verb_name='build', build_base='build', install_base='install', merge_install=False, symlink_install=False, test_result_base=None, continue_on_error=False, executor='parallel', parallel_workers=8, event_handlers=None, ignore_user_meta=False, metas=['./colcon.meta'], base_paths=['.'], packages_ignore=None, packages_ignore_regex=None, paths=None, packages_up_to=None, packages_up_to_regex=None, packages_above=None, packages_above_and_dependencies=None, packages_above_depth=None, packages_select_by_dep=None, packages_skip_by_dep=None, packages_skip_up_to=None, packages_select_build_failed=False, packages_skip_build_finished=False, packages_select_test_failures=False, packages_skip_test_passed=False, packages_select=None, packages_skip=None, packages_select_regex=None, packages_skip_regex=None, packages_start=None, packages_end=None, allow_overriding=[], cmake_args=None, cmake_target=None, cmake_target_skip_unavailable=False, cmake_clean_cache=False, cmake_clean_first=False, cmake_force_configure=False, ament_cmake_args=None, catkin_cmake_args=None, catkin_skip_building_tests=False, mixin_files=None, mixin=None, verb_parser=<colcon_mixin.mixin.mixin_argument.MixinArgumentDecorator object at 0x721b39422ce0>, verb_extension=<colcon_core.verb.build.BuildVerb object at 0x721b395232e0>, main=<bound method BuildVerb.main of <colcon_core.verb.build.BuildVerb object at 0x721b395232e0>>, mixin_verb=('build',))
[0.450s] Level 1:colcon.colcon_core.package_discovery:discover_packages(colcon_meta) check parameters
[0.450s] Level 1:colcon.colcon_core.package_discovery:discover_packages(recursive) check parameters
[0.458s] Level 1:colcon.colcon_core.package_discovery:discover_packages(ignore) check parameters
[0.459s] Level 1:colcon.colcon_core.package_discovery:discover_packages(path) check parameters
[0.459s] Level 1:colcon.colcon_core.package_discovery:discover_packages(colcon_meta) discover
[0.459s] Level 1:colcon.colcon_core.package_discovery:discover_packages(recursive) discover
[0.459s] INFO:colcon.colcon_core.package_discovery:Crawling recursively for packages in '/home/arno/RoombaV2CS'
[0.459s] Level 1:colcon.colcon_core.package_identification:_identify(.) by extensions ['ignore', 'ignore_ament_install']
[0.459s] Level 1:colcon.colcon_core.package_identification:_identify(.) by extension 'ignore'
[0.459s] Level 1:colcon.colcon_core.package_identification:_identify(.) by extension 'ignore_ament_install'
[0.459s] Level 1:colcon.colcon_core.package_identification:_identify(.) by extensions ['colcon_pkg']
[0.459s] Level 1:colcon.colcon_core.package_identification:_identify(.) by extension 'colcon_pkg'
[0.459s] Level 1:colcon.colcon_core.package_identification:_identify(.) by extensions ['colcon_meta']
[0.459s] Level 1:colcon.colcon_core.package_identification:_identify(.) by extension 'colcon_meta'
[0.460s] Level 1:colcon.colcon_core.package_identification:_identify(.) by extensions ['ros']
[0.460s] Level 1:colcon.colcon_core.package_identification:_identify(.) by extension 'ros'
[0.477s] Level 1:colcon.colcon_core.package_identification:_identify(.) by extensions ['cmake', 'python']
[0.477s] Level 1:colcon.colcon_core.package_identification:_identify(.) by extension 'cmake'
[0.477s] Level 1:colcon.colcon_core.package_identification:_identify(.) by extension 'python'
[0.477s] Level 1:colcon.colcon_core.package_identification:_identify(.) by extensions ['python_setup_py']
[0.477s] Level 1:colcon.colcon_core.package_identification:_identify(.) by extension 'python_setup_py'
[0.477s] Level 1:colcon.colcon_core.package_identification:_identify(build) by extensions ['ignore', 'ignore_ament_install']
[0.477s] Level 1:colcon.colcon_core.package_identification:_identify(build) by extension 'ignore'
[0.477s] Level 1:colcon.colcon_core.package_identification:_identify(build) ignored
[0.477s] Level 1:colcon.colcon_core.package_identification:_identify(install) by extensions ['ignore', 'ignore_ament_install']
[0.478s] Level 1:colcon.colcon_core.package_identification:_identify(install) by extension 'ignore'
[0.478s] Level 1:colcon.colcon_core.package_identification:_identify(install) ignored
[0.478s] Level 1:colcon.colcon_core.package_identification:_identify(log) by extensions ['ignore', 'ignore_ament_install']
[0.478s] Level 1:colcon.colcon_core.package_identification:_identify(log) by extension 'ignore'
[0.478s] Level 1:colcon.colcon_core.package_identification:_identify(log) ignored
[0.478s] Level 1:colcon.colcon_core.package_identification:_identify(src) by extensions ['ignore', 'ignore_ament_install']
[0.478s] Level 1:colcon.colcon_core.package_identification:_identify(src) by extension 'ignore'
[0.478s] Level 1:colcon.colcon_core.package_identification:_identify(src) by extension 'ignore_ament_install'
[0.478s] Level 1:colcon.colcon_core.package_identification:_identify(src) by extensions ['colcon_pkg']
[0.478s] Level 1:colcon.colcon_core.package_identification:_identify(src) by extension 'colcon_pkg'
[0.478s] Level 1:colcon.colcon_core.package_identification:_identify(src) by extensions ['colcon_meta']
[0.479s] Level 1:colcon.colcon_core.package_identification:_identify(src) by extension 'colcon_meta'
[0.479s] Level 1:colcon.colcon_core.package_identification:_identify(src) by extensions ['ros']
[0.479s] Level 1:colcon.colcon_core.package_identification:_identify(src) by extension 'ros'
[0.479s] Level 1:colcon.colcon_core.package_identification:_identify(src) by extensions ['cmake', 'python']
[0.479s] Level 1:colcon.colcon_core.package_identification:_identify(src) by extension 'cmake'
[0.479s] Level 1:colcon.colcon_core.package_identification:_identify(src) by extension 'python'
[0.479s] Level 1:colcon.colcon_core.package_identification:_identify(src) by extensions ['python_setup_py']
[0.479s] Level 1:colcon.colcon_core.package_identification:_identify(src) by extension 'python_setup_py'
[0.479s] Level 1:colcon.colcon_core.package_identification:_identify(src/GUI) by extensions ['ignore', 'ignore_ament_install']
[0.479s] Level 1:colcon.colcon_core.package_identification:_identify(src/GUI) by extension 'ignore'
[0.479s] Level 1:colcon.colcon_core.package_identification:_identify(src/GUI) by extension 'ignore_ament_install'
[0.479s] Level 1:colcon.colcon_core.package_identification:_identify(src/GUI) by extensions ['colcon_pkg']
[0.479s] Level 1:colcon.colcon_core.package_identification:_identify(src/GUI) by extension 'colcon_pkg'
[0.480s] Level 1:colcon.colcon_core.package_identification:_identify(src/GUI) by extensions ['colcon_meta']
[0.480s] Level 1:colcon.colcon_core.package_identification:_identify(src/GUI) by extension 'colcon_meta'
[0.480s] Level 1:colcon.colcon_core.package_identification:_identify(src/GUI) by extensions ['ros']
[0.480s] Level 1:colcon.colcon_core.package_identification:_identify(src/GUI) by extension 'ros'
[0.484s] DEBUG:colcon.colcon_core.package_identification:Package 'src/GUI' with type 'ros.ament_python' and name 'GUI'
[0.484s] Level 1:colcon.colcon_core.package_identification:_identify(src/RoverInput) by extensions ['ignore', 'ignore_ament_install']
[0.484s] Level 1:colcon.colcon_core.package_identification:_identify(src/RoverInput) by extension 'ignore'
[0.484s] Level 1:colcon.colcon_core.package_identification:_identify(src/RoverInput) by extension 'ignore_ament_install'
[0.485s] Level 1:colcon.colcon_core.package_identification:_identify(src/RoverInput) by extensions ['colcon_pkg']
[0.485s] Level 1:colcon.colcon_core.package_identification:_identify(src/RoverInput) by extension 'colcon_pkg'
[0.485s] Level 1:colcon.colcon_core.package_identification:_identify(src/RoverInput) by extensions ['colcon_meta']
[0.485s] Level 1:colcon.colcon_core.package_identification:_identify(src/RoverInput) by extension 'colcon_meta'
[0.485s] Level 1:colcon.colcon_core.package_identification:_identify(src/RoverInput) by extensions ['ros']
[0.485s] Level 1:colcon.colcon_core.package_identification:_identify(src/RoverInput) by extension 'ros'
[0.486s] DEBUG:colcon.colcon_core.package_identification:Package 'src/RoverInput' with type 'ros.ament_python' and name 'RoverInput'
[0.486s] Level 1:colcon.colcon_core.package_identification:_identify(src/controller_input) by extensions ['ignore', 'ignore_ament_install']
[0.487s] Level 1:colcon.colcon_core.package_identification:_identify(src/controller_input) by extension 'ignore'
[0.487s] Level 1:colcon.colcon_core.package_identification:_identify(src/controller_input) by extension 'ignore_ament_install'
[0.487s] Level 1:colcon.colcon_core.package_identification:_identify(src/controller_input) by extensions ['colcon_pkg']
[0.487s] Level 1:colcon.colcon_core.package_identification:_identify(src/controller_input) by extension 'colcon_pkg'
[0.487s] Level 1:colcon.colcon_core.package_identification:_identify(src/controller_input) by extensions ['colcon_meta']
[0.487s] Level 1:colcon.colcon_core.package_identification:_identify(src/controller_input) by extension 'colcon_meta'
[0.487s] Level 1:colcon.colcon_core.package_identification:_identify(src/controller_input) by extensions ['ros']
[0.487s] Level 1:colcon.colcon_core.package_identification:_identify(src/controller_input) by extension 'ros'
[0.488s] DEBUG:colcon.colcon_core.package_identification:Package 'src/controller_input' with type 'ros.ament_python' and name 'controller_input'
[0.488s] Level 1:colcon.colcon_core.package_identification:_identify(src/sllidar_ros2) by extensions ['ignore', 'ignore_ament_install']
[0.488s] Level 1:colcon.colcon_core.package_identification:_identify(src/sllidar_ros2) by extension 'ignore'
[0.489s] Level 1:colcon.colcon_core.package_identification:_identify(src/sllidar_ros2) by extension 'ignore_ament_install'
[0.489s] Level 1:colcon.colcon_core.package_identification:_identify(src/sllidar_ros2) by extensions ['colcon_pkg']
[0.489s] Level 1:colcon.colcon_core.package_identification:_identify(src/sllidar_ros2) by extension 'colcon_pkg'
[0.489s] Level 1:colcon.colcon_core.package_identification:_identify(src/sllidar_ros2) by extensions ['colcon_meta']
[0.489s] Level 1:colcon.colcon_core.package_identification:_identify(src/sllidar_ros2) by extension 'colcon_meta'
[0.489s] Level 1:colcon.colcon_core.package_identification:_identify(src/sllidar_ros2) by extensions ['ros']
[0.489s] Level 1:colcon.colcon_core.package_identification:_identify(src/sllidar_ros2) by extension 'ros'
[0.490s] DEBUG:colcon.colcon_core.package_identification:Package 'src/sllidar_ros2' with type 'ros.ament_cmake' and name 'sllidar_ros2'
[0.490s] Level 1:colcon.colcon_core.package_identification:_identify(src/stream_receiver) by extensions ['ignore', 'ignore_ament_install']
[0.490s] Level 1:colcon.colcon_core.package_identification:_identify(src/stream_receiver) by extension 'ignore'
[0.490s] Level 1:colcon.colcon_core.package_identification:_identify(src/stream_receiver) by extension 'ignore_ament_install'
[0.490s] Level 1:colcon.colcon_core.package_identification:_identify(src/stream_receiver) by extensions ['colcon_pkg']
[0.490s] Level 1:colcon.colcon_core.package_identification:_identify(src/stream_receiver) by extension 'colcon_pkg'
[0.490s] Level 1:colcon.colcon_core.package_identification:_identify(src/stream_receiver) by extensions ['colcon_meta']
[0.491s] Level 1:colcon.colcon_core.package_identification:_identify(src/stream_receiver) by extension 'colcon_meta'
[0.491s] Level 1:colcon.colcon_core.package_identification:_identify(src/stream_receiver) by extensions ['ros']
[0.491s] Level 1:colcon.colcon_core.package_identification:_identify(src/stream_receiver) by extension 'ros'
[0.491s] DEBUG:colcon.colcon_core.package_identification:Package 'src/stream_receiver' with type 'ros.ament_python' and name 'stream_receiver'
[0.491s] Level 1:colcon.colcon_core.package_discovery:discover_packages(recursive) using defaults
[0.492s] Level 1:colcon.colcon_core.package_discovery:discover_packages(ignore) discover
[0.492s] Level 1:colcon.colcon_core.package_discovery:discover_packages(ignore) using defaults
[0.492s] Level 1:colcon.colcon_core.package_discovery:discover_packages(path) discover
[0.492s] Level 1:colcon.colcon_core.package_discovery:discover_packages(path) using defaults
[0.539s] Level 1:colcon.colcon_core.package_discovery:discover_packages(prefix_path) check parameters
[0.539s] Level 1:colcon.colcon_core.package_discovery:discover_packages(prefix_path) discover
[0.542s] DEBUG:colcon.colcon_installed_package_information.package_discovery:Found 5 installed packages in /home/arno/RoombaV2CS/install
[0.544s] DEBUG:colcon.colcon_installed_package_information.package_discovery:Found 379 installed packages in /opt/ros/humble
[0.548s] Level 1:colcon.colcon_core.package_discovery:discover_packages(prefix_path) using defaults
[0.625s] Level 5:colcon.colcon_core.verb:set package 'GUI' build argument 'cmake_args' from command line to 'None'
[0.625s] Level 5:colcon.colcon_core.verb:set package 'GUI' build argument 'cmake_target' from command line to 'None'
[0.625s] Level 5:colcon.colcon_core.verb:set package 'GUI' build argument 'cmake_target_skip_unavailable' from command line to 'False'
[0.625s] Level 5:colcon.colcon_core.verb:set package 'GUI' build argument 'cmake_clean_cache' from command line to 'False'
[0.625s] Level 5:colcon.colcon_core.verb:set package 'GUI' build argument 'cmake_clean_first' from command line to 'False'
[0.625s] Level 5:colcon.colcon_core.verb:set package 'GUI' build argument 'cmake_force_configure' from command line to 'False'
[0.625s] Level 5:colcon.colcon_core.verb:set package 'GUI' build argument 'ament_cmake_args' from command line to 'None'
[0.625s] Level 5:colcon.colcon_core.verb:set package 'GUI' build argument 'catkin_cmake_args' from command line to 'None'
[0.625s] Level 5:colcon.colcon_core.verb:set package 'GUI' build argument 'catkin_skip_building_tests' from command line to 'False'
[0.625s] DEBUG:colcon.colcon_core.verb:Building package 'GUI' with the following arguments: {'ament_cmake_args': None, 'build_base': '/home/arno/RoombaV2CS/build/GUI', 'catkin_cmake_args': None, 'catkin_skip_building_tests': False, 'cmake_args': None, 'cmake_clean_cache': False, 'cmake_clean_first': False, 'cmake_force_configure': False, 'cmake_target': None, 'cmake_target_skip_unavailable': False, 'install_base': '/home/arno/RoombaV2CS/install/GUI', 'merge_install': False, 'path': '/home/arno/RoombaV2CS/src/GUI', 'symlink_install': False, 'test_result_base': None}
[0.626s] Level 5:colcon.colcon_core.verb:set package 'RoverInput' build argument 'cmake_args' from command line to 'None'
[0.626s] Level 5:colcon.colcon_core.verb:set package 'RoverInput' build argument 'cmake_target' from command line to 'None'
[0.626s] Level 5:colcon.colcon_core.verb:set package 'RoverInput' build argument 'cmake_target_skip_unavailable' from command line to 'False'
[0.626s] Level 5:colcon.colcon_core.verb:set package 'RoverInput' build argument 'cmake_clean_cache' from command line to 'False'
[0.626s] Level 5:colcon.colcon_core.verb:set package 'RoverInput' build argument 'cmake_clean_first' from command line to 'False'
[0.626s] Level 5:colcon.colcon_core.verb:set package 'RoverInput' build argument 'cmake_force_configure' from command line to 'False'
[0.626s] Level 5:colcon.colcon_core.verb:set package 'RoverInput' build argument 'ament_cmake_args' from command line to 'None'
[0.626s] Level 5:colcon.colcon_core.verb:set package 'RoverInput' build argument 'catkin_cmake_args' from command line to 'None'
[0.626s] Level 5:colcon.colcon_core.verb:set package 'RoverInput' build argument 'catkin_skip_building_tests' from command line to 'False'
[0.626s] DEBUG:colcon.colcon_core.verb:Building package 'RoverInput' with the following arguments: {'ament_cmake_args': None, 'build_base': '/home/arno/RoombaV2CS/build/RoverInput', 'catkin_cmake_args': None, 'catkin_skip_building_tests': False, 'cmake_args': None, 'cmake_clean_cache': False, 'cmake_clean_first': False, 'cmake_force_configure': False, 'cmake_target': None, 'cmake_target_skip_unavailable': False, 'install_base': '/home/arno/RoombaV2CS/install/RoverInput', 'merge_install': False, 'path': '/home/arno/RoombaV2CS/src/RoverInput', 'symlink_install': False, 'test_result_base': None}
[0.627s] Level 5:colcon.colcon_core.verb:set package 'controller_input' build argument 'cmake_args' from command line to 'None'
[0.627s] Level 5:colcon.colcon_core.verb:set package 'controller_input' build argument 'cmake_target' from command line to 'None'
[0.627s] Level 5:colcon.colcon_core.verb:set package 'controller_input' build argument 'cmake_target_skip_unavailable' from command line to 'False'
[0.627s] Level 5:colcon.colcon_core.verb:set package 'controller_input' build argument 'cmake_clean_cache' from command line to 'False'
[0.627s] Level 5:colcon.colcon_core.verb:set package 'controller_input' build argument 'cmake_clean_first' from command line to 'False'
[0.627s] Level 5:colcon.colcon_core.verb:set package 'controller_input' build argument 'cmake_force_configure' from command line to 'False'
[0.627s] Level 5:colcon.colcon_core.verb:set package 'controller_input' build argument 'ament_cmake_args' from command line to 'None'
[0.627s] Level 5:colcon.colcon_core.verb:set package 'controller_input' build argument 'catkin_cmake_args' from command line to 'None'
[0.627s] Level 5:colcon.colcon_core.verb:set package 'controller_input' build argument 'catkin_skip_building_tests' from command line to 'False'
[0.627s] DEBUG:colcon.colcon_core.verb:Building package 'controller_input' with the following arguments: {'ament_cmake_args': None, 'build_base': '/home/arno/RoombaV2CS/build/controller_input', 'catkin_cmake_args': None, 'catkin_skip_building_tests': False, 'cmake_args': None, 'cmake_clean_cache': False, 'cmake_clean_first': False, 'cmake_force_configure': False, 'cmake_target': None, 'cmake_target_skip_unavailable': False, 'install_base': '/home/arno/RoombaV2CS/install/controller_input', 'merge_install': False, 'path': '/home/arno/RoombaV2CS/src/controller_input', 'symlink_install': False, 'test_result_base': None}
[0.628s] Level 5:colcon.colcon_core.verb:set package 'sllidar_ros2' build argument 'cmake_args' from command line to 'None'
[0.628s] Level 5:colcon.colcon_core.verb:set package 'sllidar_ros2' build argument 'cmake_target' from command line to 'None'
[0.628s] Level 5:colcon.colcon_core.verb:set package 'sllidar_ros2' build argument 'cmake_target_skip_unavailable' from command line to 'False'
[0.628s] Level 5:colcon.colcon_core.verb:set package 'sllidar_ros2' build argument 'cmake_clean_cache' from command line to 'False'
[0.628s] Level 5:colcon.colcon_core.verb:set package 'sllidar_ros2' build argument 'cmake_clean_first' from command line to 'False'
[0.628s] Level 5:colcon.colcon_core.verb:set package 'sllidar_ros2' build argument 'cmake_force_configure' from command line to 'False'
[0.628s] Level 5:colcon.colcon_core.verb:set package 'sllidar_ros2' build argument 'ament_cmake_args' from command line to 'None'
[0.628s] Level 5:colcon.colcon_core.verb:set package 'sllidar_ros2' build argument 'catkin_cmake_args' from command line to 'None'
[0.628s] Level 5:colcon.colcon_core.verb:set package 'sllidar_ros2' build argument 'catkin_skip_building_tests' from command line to 'False'
[0.628s] DEBUG:colcon.colcon_core.verb:Building package 'sllidar_ros2' with the following arguments: {'ament_cmake_args': None, 'build_base': '/home/arno/RoombaV2CS/build/sllidar_ros2', 'catkin_cmake_args': None, 'catkin_skip_building_tests': False, 'cmake_args': None, 'cmake_clean_cache': False, 'cmake_clean_first': False, 'cmake_force_configure': False, 'cmake_target': None, 'cmake_target_skip_unavailable': False, 'install_base': '/home/arno/RoombaV2CS/install/sllidar_ros2', 'merge_install': False, 'path': '/home/arno/RoombaV2CS/src/sllidar_ros2', 'symlink_install': False, 'test_result_base': None}
[0.629s] Level 5:colcon.colcon_core.verb:set package 'stream_receiver' build argument 'cmake_args' from command line to 'None'
[0.629s] Level 5:colcon.colcon_core.verb:set package 'stream_receiver' build argument 'cmake_target' from command line to 'None'
[0.629s] Level 5:colcon.colcon_core.verb:set package 'stream_receiver' build argument 'cmake_target_skip_unavailable' from command line to 'False'
[0.629s] Level 5:colcon.colcon_core.verb:set package 'stream_receiver' build argument 'cmake_clean_cache' from command line to 'False'
[0.629s] Level 5:colcon.colcon_core.verb:set package 'stream_receiver' build argument 'cmake_clean_first' from command line to 'False'
[0.629s] Level 5:colcon.colcon_core.verb:set package 'stream_receiver' build argument 'cmake_force_configure' from command line to 'False'
[0.629s] Level 5:colcon.colcon_core.verb:set package 'stream_receiver' build argument 'ament_cmake_args' from command line to 'None'
[0.629s] Level 5:colcon.colcon_core.verb:set package 'stream_receiver' build argument 'catkin_cmake_args' from command line to 'None'
[0.629s] Level 5:colcon.colcon_core.verb:set package 'stream_receiver' build argument 'catkin_skip_building_tests' from command line to 'False'
[0.629s] DEBUG:colcon.colcon_core.verb:Building package 'stream_receiver' with the following arguments: {'ament_cmake_args': None, 'build_base': '/home/arno/RoombaV2CS/build/stream_receiver', 'catkin_cmake_args': None, 'catkin_skip_building_tests': False, 'cmake_args': None, 'cmake_clean_cache': False, 'cmake_clean_first': False, 'cmake_force_configure': False, 'cmake_target': None, 'cmake_target_skip_unavailable': False, 'install_base': '/home/arno/RoombaV2CS/install/stream_receiver', 'merge_install': False, 'path': '/home/arno/RoombaV2CS/src/stream_receiver', 'symlink_install': False, 'test_result_base': None}
[0.629s] INFO:colcon.colcon_core.executor:Executing jobs using 'parallel' executor
[0.630s] DEBUG:colcon.colcon_parallel_executor.executor.parallel:run_until_complete
[0.631s] INFO:colcon.colcon_ros.task.ament_python.build:Building ROS package in '/home/arno/RoombaV2CS/src/GUI' with build type 'ament_python'
[0.631s] Level 1:colcon.colcon_core.shell:create_environment_hook('GUI', 'ament_prefix_path')
[0.634s] INFO:colcon.colcon_core.plugin_system:Skipping extension 'colcon_core.shell.bat': Not used on non-Windows systems
[0.634s] INFO:colcon.colcon_core.shell:Creating environment hook '/home/arno/RoombaV2CS/install/GUI/share/GUI/hook/ament_prefix_path.ps1'
[0.635s] INFO:colcon.colcon_core.shell:Creating environment descriptor '/home/arno/RoombaV2CS/install/GUI/share/GUI/hook/ament_prefix_path.dsv'
[0.636s] INFO:colcon.colcon_core.shell:Creating environment hook '/home/arno/RoombaV2CS/install/GUI/share/GUI/hook/ament_prefix_path.sh'
[0.637s] INFO:colcon.colcon_core.shell:Skip shell extension 'powershell' for command environment: Not usable outside of PowerShell
[0.637s] DEBUG:colcon.colcon_core.shell:Skip shell extension 'dsv' for command environment
[0.641s] INFO:colcon.colcon_ros.task.ament_python.build:Building ROS package in '/home/arno/RoombaV2CS/src/RoverInput' with build type 'ament_python'
[0.642s] Level 1:colcon.colcon_core.shell:create_environment_hook('RoverInput', 'ament_prefix_path')
[0.642s] INFO:colcon.colcon_core.shell:Creating environment hook '/home/arno/RoombaV2CS/install/RoverInput/share/RoverInput/hook/ament_prefix_path.ps1'
[0.643s] INFO:colcon.colcon_core.shell:Creating environment descriptor '/home/arno/RoombaV2CS/install/RoverInput/share/RoverInput/hook/ament_prefix_path.dsv'
[0.643s] INFO:colcon.colcon_core.shell:Creating environment hook '/home/arno/RoombaV2CS/install/RoverInput/share/RoverInput/hook/ament_prefix_path.sh'
[0.644s] INFO:colcon.colcon_core.shell:Skip shell extension 'powershell' for command environment: Not usable outside of PowerShell
[0.644s] DEBUG:colcon.colcon_core.shell:Skip shell extension 'dsv' for command environment
[0.648s] INFO:colcon.colcon_ros.task.ament_python.build:Building ROS package in '/home/arno/RoombaV2CS/src/controller_input' with build type 'ament_python'
[0.648s] Level 1:colcon.colcon_core.shell:create_environment_hook('controller_input', 'ament_prefix_path')
[0.649s] INFO:colcon.colcon_core.shell:Creating environment hook '/home/arno/RoombaV2CS/install/controller_input/share/controller_input/hook/ament_prefix_path.ps1'
[0.649s] INFO:colcon.colcon_core.shell:Creating environment descriptor '/home/arno/RoombaV2CS/install/controller_input/share/controller_input/hook/ament_prefix_path.dsv'
[0.650s] INFO:colcon.colcon_core.shell:Creating environment hook '/home/arno/RoombaV2CS/install/controller_input/share/controller_input/hook/ament_prefix_path.sh'
[0.650s] INFO:colcon.colcon_core.shell:Skip shell extension 'powershell' for command environment: Not usable outside of PowerShell
[0.650s] DEBUG:colcon.colcon_core.shell:Skip shell extension 'dsv' for command environment
[0.655s] INFO:colcon.colcon_ros.task.ament_cmake.build:Building ROS package in '/home/arno/RoombaV2CS/src/sllidar_ros2' with build type 'ament_cmake'
[0.655s] INFO:colcon.colcon_cmake.task.cmake.build:Building CMake package in '/home/arno/RoombaV2CS/src/sllidar_ros2'
[0.655s] INFO:colcon.colcon_core.shell:Skip shell extension 'powershell' for command environment: Not usable outside of PowerShell
[0.655s] DEBUG:colcon.colcon_core.shell:Skip shell extension 'dsv' for command environment
[0.660s] INFO:colcon.colcon_ros.task.ament_python.build:Building ROS package in '/home/arno/RoombaV2CS/src/stream_receiver' with build type 'ament_python'
[0.660s] Level 1:colcon.colcon_core.shell:create_environment_hook('stream_receiver', 'ament_prefix_path')
[0.661s] INFO:colcon.colcon_core.shell:Creating environment hook '/home/arno/RoombaV2CS/install/stream_receiver/share/stream_receiver/hook/ament_prefix_path.ps1'
[0.662s] INFO:colcon.colcon_core.shell:Creating environment descriptor '/home/arno/RoombaV2CS/install/stream_receiver/share/stream_receiver/hook/ament_prefix_path.dsv'
[0.662s] INFO:colcon.colcon_core.shell:Creating environment hook '/home/arno/RoombaV2CS/install/stream_receiver/share/stream_receiver/hook/ament_prefix_path.sh'
[0.663s] INFO:colcon.colcon_core.shell:Skip shell extension 'powershell' for command environment: Not usable outside of PowerShell
[0.663s] DEBUG:colcon.colcon_core.shell:Skip shell extension 'dsv' for command environment
[1.129s] INFO:colcon.colcon_core.task.python.build:Building Python package in '/home/arno/RoombaV2CS/src/GUI'
[1.129s] INFO:colcon.colcon_core.shell:Skip shell extension 'powershell' for command environment: Not usable outside of PowerShell
[1.129s] DEBUG:colcon.colcon_core.shell:Skip shell extension 'dsv' for command environment
[1.562s] INFO:colcon.colcon_core.task.python.build:Building Python package in '/home/arno/RoombaV2CS/src/RoverInput'
[1.562s] INFO:colcon.colcon_core.shell:Skip shell extension 'powershell' for command environment: Not usable outside of PowerShell
[1.562s] DEBUG:colcon.colcon_core.shell:Skip shell extension 'dsv' for command environment
[1.974s] WARNING:colcon.colcon_ros.task.ament_python.build:Package 'controller_input' doesn't explicitly install a marker in the package index (colcon-ros currently does it implicitly but that fallback will be removed in the future)
[1.974s] INFO:colcon.colcon_core.task.python.build:Building Python package in '/home/arno/RoombaV2CS/src/controller_input'
[1.975s] INFO:colcon.colcon_core.shell:Skip shell extension 'powershell' for command environment: Not usable outside of PowerShell
[1.975s] DEBUG:colcon.colcon_core.shell:Skip shell extension 'dsv' for command environment
[1.985s] DEBUG:colcon.colcon_core.event_handler.log_command:Invoking command in '/home/arno/RoombaV2CS/build/sllidar_ros2': CMAKE_PREFIX_PATH=${CMAKE_PREFIX_PATH}:/home/arno/RoombaV2CS/install/stream_receiver:/home/arno/RoombaV2CS/install/controller_input:/home/arno/RoombaV2CS/install/RoverInput:/home/arno/RoombaV2CS/install/GUI:/opt/ros/humble /usr/bin/cmake --build /home/arno/RoombaV2CS/build/sllidar_ros2 -- -j8 -l8
[2.440s] INFO:colcon.colcon_core.task.python.build:Building Python package in '/home/arno/RoombaV2CS/src/stream_receiver'
[2.440s] INFO:colcon.colcon_core.shell:Skip shell extension 'powershell' for command environment: Not usable outside of PowerShell
[2.440s] DEBUG:colcon.colcon_core.shell:Skip shell extension 'dsv' for command environment
[2.456s] DEBUG:colcon.colcon_core.event_handler.log_command:Invoked command in '/home/arno/RoombaV2CS/build/sllidar_ros2' returned '0': CMAKE_PREFIX_PATH=${CMAKE_PREFIX_PATH}:/home/arno/RoombaV2CS/install/stream_receiver:/home/arno/RoombaV2CS/install/controller_input:/home/arno/RoombaV2CS/install/RoverInput:/home/arno/RoombaV2CS/install/GUI:/opt/ros/humble /usr/bin/cmake --build /home/arno/RoombaV2CS/build/sllidar_ros2 -- -j8 -l8
[2.559s] DEBUG:colcon.colcon_core.event_handler.log_command:Invoking command in '/home/arno/RoombaV2CS/build/sllidar_ros2': CMAKE_PREFIX_PATH=${CMAKE_PREFIX_PATH}:/home/arno/RoombaV2CS/install/stream_receiver:/home/arno/RoombaV2CS/install/controller_input:/home/arno/RoombaV2CS/install/RoverInput:/home/arno/RoombaV2CS/install/GUI:/opt/ros/humble /usr/bin/cmake --install /home/arno/RoombaV2CS/build/sllidar_ros2
[2.598s] Level 1:colcon.colcon_core.environment:create_environment_scripts_only(sllidar_ros2)
[2.599s] DEBUG:colcon.colcon_core.event_handler.log_command:Invoked command in '/home/arno/RoombaV2CS/build/sllidar_ros2' returned '0': CMAKE_PREFIX_PATH=${CMAKE_PREFIX_PATH}:/home/arno/RoombaV2CS/install/stream_receiver:/home/arno/RoombaV2CS/install/controller_input:/home/arno/RoombaV2CS/install/RoverInput:/home/arno/RoombaV2CS/install/GUI:/opt/ros/humble /usr/bin/cmake --install /home/arno/RoombaV2CS/build/sllidar_ros2
[2.602s] Level 1:colcon.colcon_core.environment:checking '/home/arno/RoombaV2CS/install/sllidar_ros2' for CMake module files
[2.603s] Level 1:colcon.colcon_core.environment:checking '/home/arno/RoombaV2CS/install/sllidar_ros2' for CMake config files
[2.604s] Level 1:colcon.colcon_core.shell:create_environment_hook('sllidar_ros2', 'cmake_prefix_path')
[2.604s] INFO:colcon.colcon_core.shell:Creating environment hook '/home/arno/RoombaV2CS/install/sllidar_ros2/share/sllidar_ros2/hook/cmake_prefix_path.ps1'
[2.604s] INFO:colcon.colcon_core.shell:Creating environment descriptor '/home/arno/RoombaV2CS/install/sllidar_ros2/share/sllidar_ros2/hook/cmake_prefix_path.dsv'
[2.605s] INFO:colcon.colcon_core.shell:Creating environment hook '/home/arno/RoombaV2CS/install/sllidar_ros2/share/sllidar_ros2/hook/cmake_prefix_path.sh'
[2.606s] Level 1:colcon.colcon_core.environment:checking '/home/arno/RoombaV2CS/install/sllidar_ros2/lib'
[2.606s] Level 1:colcon.colcon_core.environment:checking '/home/arno/RoombaV2CS/install/sllidar_ros2/bin'
[2.606s] Level 1:colcon.colcon_core.environment:checking '/home/arno/RoombaV2CS/install/sllidar_ros2/lib/pkgconfig/sllidar_ros2.pc'
[2.607s] Level 1:colcon.colcon_core.environment:checking '/home/arno/RoombaV2CS/install/sllidar_ros2/lib/python3.10/site-packages'
[2.607s] Level 1:colcon.colcon_core.environment:checking '/home/arno/RoombaV2CS/install/sllidar_ros2/bin'
[2.607s] INFO:colcon.colcon_core.shell:Creating package script '/home/arno/RoombaV2CS/install/sllidar_ros2/share/sllidar_ros2/package.ps1'
[2.609s] INFO:colcon.colcon_core.shell:Creating package descriptor '/home/arno/RoombaV2CS/install/sllidar_ros2/share/sllidar_ros2/package.dsv'
[2.610s] INFO:colcon.colcon_core.shell:Creating package script '/home/arno/RoombaV2CS/install/sllidar_ros2/share/sllidar_ros2/package.sh'
[2.612s] INFO:colcon.colcon_core.shell:Creating package script '/home/arno/RoombaV2CS/install/sllidar_ros2/share/sllidar_ros2/package.bash'
[2.614s] INFO:colcon.colcon_core.shell:Creating package script '/home/arno/RoombaV2CS/install/sllidar_ros2/share/sllidar_ros2/package.zsh'
[2.615s] Level 1:colcon.colcon_core.environment:create_file_with_runtime_dependencies(/home/arno/RoombaV2CS/install/sllidar_ros2/share/colcon-core/packages/sllidar_ros2)
[2.709s] Level 1:colcon.colcon_core.environment:create_environment_scripts_only(sllidar_ros2)
[2.710s] Level 1:colcon.colcon_core.environment:checking '/home/arno/RoombaV2CS/install/sllidar_ros2' for CMake module files
[2.711s] Level 1:colcon.colcon_core.environment:checking '/home/arno/RoombaV2CS/install/sllidar_ros2' for CMake config files
[2.712s] Level 1:colcon.colcon_core.shell:create_environment_hook('sllidar_ros2', 'cmake_prefix_path')
[2.713s] INFO:colcon.colcon_core.shell:Creating environment hook '/home/arno/RoombaV2CS/install/sllidar_ros2/share/sllidar_ros2/hook/cmake_prefix_path.ps1'
[2.713s] INFO:colcon.colcon_core.shell:Creating environment descriptor '/home/arno/RoombaV2CS/install/sllidar_ros2/share/sllidar_ros2/hook/cmake_prefix_path.dsv'
[2.714s] INFO:colcon.colcon_core.shell:Creating environment hook '/home/arno/RoombaV2CS/install/sllidar_ros2/share/sllidar_ros2/hook/cmake_prefix_path.sh'
[2.715s] Level 1:colcon.colcon_core.environment:checking '/home/arno/RoombaV2CS/install/sllidar_ros2/lib'
[2.716s] Level 1:colcon.colcon_core.environment:checking '/home/arno/RoombaV2CS/install/sllidar_ros2/bin'
[2.716s] Level 1:colcon.colcon_core.environment:checking '/home/arno/RoombaV2CS/install/sllidar_ros2/lib/pkgconfig/sllidar_ros2.pc'
[2.716s] Level 1:colcon.colcon_core.environment:checking '/home/arno/RoombaV2CS/install/sllidar_ros2/lib/python3.10/site-packages'
[2.717s] Level 1:colcon.colcon_core.environment:checking '/home/arno/RoombaV2CS/install/sllidar_ros2/bin'
[2.718s] INFO:colcon.colcon_core.shell:Creating package script '/home/arno/RoombaV2CS/install/sllidar_ros2/share/sllidar_ros2/package.ps1'
[2.719s] INFO:colcon.colcon_core.shell:Creating package descriptor '/home/arno/RoombaV2CS/install/sllidar_ros2/share/sllidar_ros2/package.dsv'
[2.720s] INFO:colcon.colcon_core.shell:Creating package script '/home/arno/RoombaV2CS/install/sllidar_ros2/share/sllidar_ros2/package.sh'
[2.720s] INFO:colcon.colcon_core.shell:Creating package script '/home/arno/RoombaV2CS/install/sllidar_ros2/share/sllidar_ros2/package.bash'
[2.721s] INFO:colcon.colcon_core.shell:Creating package script '/home/arno/RoombaV2CS/install/sllidar_ros2/share/sllidar_ros2/package.zsh'
[2.722s] Level 1:colcon.colcon_core.environment:create_file_with_runtime_dependencies(/home/arno/RoombaV2CS/install/sllidar_ros2/share/colcon-core/packages/sllidar_ros2)
[3.051s] DEBUG:colcon.colcon_core.event_handler.log_command:Invoking command in '/home/arno/RoombaV2CS/src/controller_input': PYTHONPATH=/home/arno/RoombaV2CS/build/controller_input/prefix_override:/usr/lib/python3/dist-packages/colcon_core/task/python/colcon_distutils_commands:/home/arno/RoombaV2CS/install/controller_input/lib/python3.10/site-packages:${PYTHONPATH} /usr/bin/python3 -W ignore:setup.py install is deprecated setup.py egg_info --egg-base ../../build/controller_input build --build-base /home/arno/RoombaV2CS/build/controller_input/build install --record /home/arno/RoombaV2CS/build/controller_input/install.log --single-version-externally-managed install_data
[3.089s] DEBUG:colcon.colcon_core.event_handler.log_command:Invoking command in '/home/arno/RoombaV2CS/src/GUI': PYTHONPATH=/home/arno/RoombaV2CS/build/GUI/prefix_override:/usr/lib/python3/dist-packages/colcon_core/task/python/colcon_distutils_commands:/home/arno/RoombaV2CS/install/GUI/lib/python3.10/site-packages:${PYTHONPATH} /usr/bin/python3 -W ignore:setup.py install is deprecated setup.py egg_info --egg-base ../../build/GUI build --build-base /home/arno/RoombaV2CS/build/GUI/build install --record /home/arno/RoombaV2CS/build/GUI/install.log --single-version-externally-managed install_data
[3.173s] DEBUG:colcon.colcon_core.event_handler.log_command:Invoking command in '/home/arno/RoombaV2CS/src/RoverInput': PYTHONPATH=/home/arno/RoombaV2CS/build/RoverInput/prefix_override:/usr/lib/python3/dist-packages/colcon_core/task/python/colcon_distutils_commands:/home/arno/RoombaV2CS/install/RoverInput/lib/python3.10/site-packages:${PYTHONPATH} /usr/bin/python3 -W ignore:setup.py install is deprecated setup.py egg_info --egg-base ../../build/RoverInput build --build-base /home/arno/RoombaV2CS/build/RoverInput/build install --record /home/arno/RoombaV2CS/build/RoverInput/install.log --single-version-externally-managed install_data
[3.194s] DEBUG:colcon.colcon_core.event_handler.log_command:Invoking command in '/home/arno/RoombaV2CS/src/stream_receiver': PYTHONPATH=/home/arno/RoombaV2CS/build/stream_receiver/prefix_override:/usr/lib/python3/dist-packages/colcon_core/task/python/colcon_distutils_commands:/home/arno/RoombaV2CS/install/stream_receiver/lib/python3.10/site-packages:${PYTHONPATH} /usr/bin/python3 -W ignore:setup.py install is deprecated setup.py egg_info --egg-base ../../build/stream_receiver build --build-base /home/arno/RoombaV2CS/build/stream_receiver/build install --record /home/arno/RoombaV2CS/build/stream_receiver/install.log --single-version-externally-managed install_data
[3.537s] Level 1:colcon.colcon_core.environment:checking '/home/arno/RoombaV2CS/install/controller_input' for CMake module files
[3.538s] DEBUG:colcon.colcon_core.event_handler.log_command:Invoked command in '/home/arno/RoombaV2CS/src/controller_input' returned '0': PYTHONPATH=/home/arno/RoombaV2CS/build/controller_input/prefix_override:/usr/lib/python3/dist-packages/colcon_core/task/python/colcon_distutils_commands:/home/arno/RoombaV2CS/install/controller_input/lib/python3.10/site-packages:${PYTHONPATH} /usr/bin/python3 -W ignore:setup.py install is deprecated setup.py egg_info --egg-base ../../build/controller_input build --build-base /home/arno/RoombaV2CS/build/controller_input/build install --record /home/arno/RoombaV2CS/build/controller_input/install.log --single-version-externally-managed install_data
[3.539s] Level 1:colcon.colcon_core.environment:checking '/home/arno/RoombaV2CS/install/controller_input' for CMake config files
[3.540s] Level 1:colcon.colcon_core.environment:checking '/home/arno/RoombaV2CS/install/controller_input/lib'
[3.540s] Level 1:colcon.colcon_core.environment:checking '/home/arno/RoombaV2CS/install/controller_input/bin'
[3.540s] Level 1:colcon.colcon_core.environment:checking '/home/arno/RoombaV2CS/install/controller_input/lib/pkgconfig/controller_input.pc'
[3.540s] Level 1:colcon.colcon_core.environment:checking '/home/arno/RoombaV2CS/install/controller_input/lib/python3.10/site-packages'
[3.540s] Level 1:colcon.colcon_core.shell:create_environment_hook('controller_input', 'pythonpath')
[3.541s] INFO:colcon.colcon_core.shell:Creating environment hook '/home/arno/RoombaV2CS/install/controller_input/share/controller_input/hook/pythonpath.ps1'
[3.541s] INFO:colcon.colcon_core.shell:Creating environment descriptor '/home/arno/RoombaV2CS/install/controller_input/share/controller_input/hook/pythonpath.dsv'
[3.542s] INFO:colcon.colcon_core.shell:Creating environment hook '/home/arno/RoombaV2CS/install/controller_input/share/controller_input/hook/pythonpath.sh'
[3.542s] Level 1:colcon.colcon_core.environment:checking '/home/arno/RoombaV2CS/install/controller_input/bin'
[3.542s] Level 1:colcon.colcon_core.environment:create_environment_scripts_only(controller_input)
[3.543s] INFO:colcon.colcon_core.shell:Creating package script '/home/arno/RoombaV2CS/install/controller_input/share/controller_input/package.ps1'
[3.544s] INFO:colcon.colcon_core.shell:Creating package descriptor '/home/arno/RoombaV2CS/install/controller_input/share/controller_input/package.dsv'
[3.544s] INFO:colcon.colcon_core.shell:Creating package script '/home/arno/RoombaV2CS/install/controller_input/share/controller_input/package.sh'
[3.545s] INFO:colcon.colcon_core.shell:Creating package script '/home/arno/RoombaV2CS/install/controller_input/share/controller_input/package.bash'
[3.545s] INFO:colcon.colcon_core.shell:Creating package script '/home/arno/RoombaV2CS/install/controller_input/share/controller_input/package.zsh'
[3.546s] Level 1:colcon.colcon_core.environment:create_file_with_runtime_dependencies(/home/arno/RoombaV2CS/install/controller_input/share/colcon-core/packages/controller_input)
[3.571s] Level 1:colcon.colcon_core.environment:checking '/home/arno/RoombaV2CS/install/GUI' for CMake module files
[3.572s] DEBUG:colcon.colcon_core.event_handler.log_command:Invoked command in '/home/arno/RoombaV2CS/src/GUI' returned '0': PYTHONPATH=/home/arno/RoombaV2CS/build/GUI/prefix_override:/usr/lib/python3/dist-packages/colcon_core/task/python/colcon_distutils_commands:/home/arno/RoombaV2CS/install/GUI/lib/python3.10/site-packages:${PYTHONPATH} /usr/bin/python3 -W ignore:setup.py install is deprecated setup.py egg_info --egg-base ../../build/GUI build --build-base /home/arno/RoombaV2CS/build/GUI/build install --record /home/arno/RoombaV2CS/build/GUI/install.log --single-version-externally-managed install_data
[3.572s] Level 1:colcon.colcon_core.environment:checking '/home/arno/RoombaV2CS/install/GUI' for CMake config files
[3.573s] Level 1:colcon.colcon_core.environment:checking '/home/arno/RoombaV2CS/install/GUI/lib'
[3.573s] Level 1:colcon.colcon_core.environment:checking '/home/arno/RoombaV2CS/install/GUI/bin'
[3.573s] Level 1:colcon.colcon_core.environment:checking '/home/arno/RoombaV2CS/install/GUI/lib/pkgconfig/GUI.pc'
[3.573s] Level 1:colcon.colcon_core.environment:checking '/home/arno/RoombaV2CS/install/GUI/lib/python3.10/site-packages'
[3.573s] Level 1:colcon.colcon_core.shell:create_environment_hook('GUI', 'pythonpath')
[3.574s] INFO:colcon.colcon_core.shell:Creating environment hook '/home/arno/RoombaV2CS/install/GUI/share/GUI/hook/pythonpath.ps1'
[3.574s] INFO:colcon.colcon_core.shell:Creating environment descriptor '/home/arno/RoombaV2CS/install/GUI/share/GUI/hook/pythonpath.dsv'
[3.575s] INFO:colcon.colcon_core.shell:Creating environment hook '/home/arno/RoombaV2CS/install/GUI/share/GUI/hook/pythonpath.sh'
[3.575s] Level 1:colcon.colcon_core.environment:checking '/home/arno/RoombaV2CS/install/GUI/bin'
[3.576s] Level 1:colcon.colcon_core.environment:create_environment_scripts_only(GUI)
[3.576s] INFO:colcon.colcon_core.shell:Creating package script '/home/arno/RoombaV2CS/install/GUI/share/GUI/package.ps1'
[3.577s] INFO:colcon.colcon_core.shell:Creating package descriptor '/home/arno/RoombaV2CS/install/GUI/share/GUI/package.dsv'
[3.577s] INFO:colcon.colcon_core.shell:Creating package script '/home/arno/RoombaV2CS/install/GUI/share/GUI/package.sh'
[3.578s] INFO:colcon.colcon_core.shell:Creating package script '/home/arno/RoombaV2CS/install/GUI/share/GUI/package.bash'
[3.578s] INFO:colcon.colcon_core.shell:Creating package script '/home/arno/RoombaV2CS/install/GUI/share/GUI/package.zsh'
[3.578s] Level 1:colcon.colcon_core.environment:create_file_with_runtime_dependencies(/home/arno/RoombaV2CS/install/GUI/share/colcon-core/packages/GUI)
[3.670s] Level 1:colcon.colcon_core.environment:checking '/home/arno/RoombaV2CS/install/stream_receiver' for CMake module files
[3.671s] DEBUG:colcon.colcon_core.event_handler.log_command:Invoked command in '/home/arno/RoombaV2CS/src/stream_receiver' returned '0': PYTHONPATH=/home/arno/RoombaV2CS/build/stream_receiver/prefix_override:/usr/lib/python3/dist-packages/colcon_core/task/python/colcon_distutils_commands:/home/arno/RoombaV2CS/install/stream_receiver/lib/python3.10/site-packages:${PYTHONPATH} /usr/bin/python3 -W ignore:setup.py install is deprecated setup.py egg_info --egg-base ../../build/stream_receiver build --build-base /home/arno/RoombaV2CS/build/stream_receiver/build install --record /home/arno/RoombaV2CS/build/stream_receiver/install.log --single-version-externally-managed install_data
[3.671s] Level 1:colcon.colcon_core.environment:checking '/home/arno/RoombaV2CS/install/stream_receiver' for CMake config files
[3.672s] Level 1:colcon.colcon_core.environment:checking '/home/arno/RoombaV2CS/install/stream_receiver/lib'
[3.672s] Level 1:colcon.colcon_core.environment:checking '/home/arno/RoombaV2CS/install/stream_receiver/bin'
[3.673s] Level 1:colcon.colcon_core.environment:checking '/home/arno/RoombaV2CS/install/stream_receiver/lib/pkgconfig/stream_receiver.pc'
[3.673s] Level 1:colcon.colcon_core.environment:checking '/home/arno/RoombaV2CS/install/stream_receiver/lib/python3.10/site-packages'
[3.673s] Level 1:colcon.colcon_core.shell:create_environment_hook('stream_receiver', 'pythonpath')
[3.673s] INFO:colcon.colcon_core.shell:Creating environment hook '/home/arno/RoombaV2CS/install/stream_receiver/share/stream_receiver/hook/pythonpath.ps1'
[3.674s] INFO:colcon.colcon_core.shell:Creating environment descriptor '/home/arno/RoombaV2CS/install/stream_receiver/share/stream_receiver/hook/pythonpath.dsv'
[3.675s] INFO:colcon.colcon_core.shell:Creating environment hook '/home/arno/RoombaV2CS/install/stream_receiver/share/stream_receiver/hook/pythonpath.sh'
[3.676s] Level 1:colcon.colcon_core.environment:checking '/home/arno/RoombaV2CS/install/stream_receiver/bin'
[3.676s] Level 1:colcon.colcon_core.environment:create_environment_scripts_only(stream_receiver)
[3.677s] INFO:colcon.colcon_core.shell:Creating package script '/home/arno/RoombaV2CS/install/stream_receiver/share/stream_receiver/package.ps1'
[3.677s] INFO:colcon.colcon_core.shell:Creating package descriptor '/home/arno/RoombaV2CS/install/stream_receiver/share/stream_receiver/package.dsv'
[3.678s] INFO:colcon.colcon_core.shell:Creating package script '/home/arno/RoombaV2CS/install/stream_receiver/share/stream_receiver/package.sh'
[3.679s] INFO:colcon.colcon_core.shell:Creating package script '/home/arno/RoombaV2CS/install/stream_receiver/share/stream_receiver/package.bash'
[3.679s] INFO:colcon.colcon_core.shell:Creating package script '/home/arno/RoombaV2CS/install/stream_receiver/share/stream_receiver/package.zsh'
[3.680s] Level 1:colcon.colcon_core.environment:create_file_with_runtime_dependencies(/home/arno/RoombaV2CS/install/stream_receiver/share/colcon-core/packages/stream_receiver)
[3.682s] Level 1:colcon.colcon_core.environment:checking '/home/arno/RoombaV2CS/install/RoverInput' for CMake module files
[3.683s] DEBUG:colcon.colcon_core.event_handler.log_command:Invoked command in '/home/arno/RoombaV2CS/src/RoverInput' returned '0': PYTHONPATH=/home/arno/RoombaV2CS/build/RoverInput/prefix_override:/usr/lib/python3/dist-packages/colcon_core/task/python/colcon_distutils_commands:/home/arno/RoombaV2CS/install/RoverInput/lib/python3.10/site-packages:${PYTHONPATH} /usr/bin/python3 -W ignore:setup.py install is deprecated setup.py egg_info --egg-base ../../build/RoverInput build --build-base /home/arno/RoombaV2CS/build/RoverInput/build install --record /home/arno/RoombaV2CS/build/RoverInput/install.log --single-version-externally-managed install_data
[3.683s] Level 1:colcon.colcon_core.environment:checking '/home/arno/RoombaV2CS/install/RoverInput' for CMake config files
[3.684s] Level 1:colcon.colcon_core.environment:checking '/home/arno/RoombaV2CS/install/RoverInput/lib'
[3.684s] Level 1:colcon.colcon_core.environment:checking '/home/arno/RoombaV2CS/install/RoverInput/bin'
[3.684s] Level 1:colcon.colcon_core.environment:checking '/home/arno/RoombaV2CS/install/RoverInput/lib/pkgconfig/RoverInput.pc'
[3.685s] Level 1:colcon.colcon_core.environment:checking '/home/arno/RoombaV2CS/install/RoverInput/lib/python3.10/site-packages'
[3.685s] Level 1:colcon.colcon_core.shell:create_environment_hook('RoverInput', 'pythonpath')
[3.685s] INFO:colcon.colcon_core.shell:Creating environment hook '/home/arno/RoombaV2CS/install/RoverInput/share/RoverInput/hook/pythonpath.ps1'
[3.686s] INFO:colcon.colcon_core.shell:Creating environment descriptor '/home/arno/RoombaV2CS/install/RoverInput/share/RoverInput/hook/pythonpath.dsv'
[3.686s] INFO:colcon.colcon_core.shell:Creating environment hook '/home/arno/RoombaV2CS/install/RoverInput/share/RoverInput/hook/pythonpath.sh'
[3.687s] Level 1:colcon.colcon_core.environment:checking '/home/arno/RoombaV2CS/install/RoverInput/bin'
[3.687s] Level 1:colcon.colcon_core.environment:create_environment_scripts_only(RoverInput)
[3.688s] INFO:colcon.colcon_core.shell:Creating package script '/home/arno/RoombaV2CS/install/RoverInput/share/RoverInput/package.ps1'
[3.689s] INFO:colcon.colcon_core.shell:Creating package descriptor '/home/arno/RoombaV2CS/install/RoverInput/share/RoverInput/package.dsv'
[3.689s] INFO:colcon.colcon_core.shell:Creating package script '/home/arno/RoombaV2CS/install/RoverInput/share/RoverInput/package.sh'
[3.690s] INFO:colcon.colcon_core.shell:Creating package script '/home/arno/RoombaV2CS/install/RoverInput/share/RoverInput/package.bash'
[3.690s] INFO:colcon.colcon_core.shell:Creating package script '/home/arno/RoombaV2CS/install/RoverInput/share/RoverInput/package.zsh'
[3.691s] Level 1:colcon.colcon_core.environment:create_file_with_runtime_dependencies(/home/arno/RoombaV2CS/install/RoverInput/share/colcon-core/packages/RoverInput)
[3.691s] DEBUG:colcon.colcon_parallel_executor.executor.parallel:closing loop
[3.691s] DEBUG:colcon.colcon_parallel_executor.executor.parallel:loop closed
[3.692s] DEBUG:colcon.colcon_parallel_executor.executor.parallel:run_until_complete finished with '0'
[3.692s] DEBUG:colcon.colcon_core.event_reactor:joining thread
[3.703s] INFO:colcon.colcon_core.plugin_system:Skipping extension 'colcon_notification.desktop_notification.terminal_notifier': Not used on non-Darwin systems
[3.704s] INFO:colcon.colcon_core.plugin_system:Skipping extension 'colcon_notification.desktop_notification.win32': Not used on non-Windows systems
[3.704s] INFO:colcon.colcon_notification.desktop_notification:Sending desktop notification using 'notify2'
[3.723s] DEBUG:colcon.colcon_core.event_reactor:joined thread
[3.724s] INFO:colcon.colcon_core.shell:Creating prefix script '/home/arno/RoombaV2CS/install/local_setup.ps1'
[3.726s] INFO:colcon.colcon_core.shell:Creating prefix util module '/home/arno/RoombaV2CS/install/_local_setup_util_ps1.py'
[3.730s] INFO:colcon.colcon_core.shell:Creating prefix chain script '/home/arno/RoombaV2CS/install/setup.ps1'
[3.733s] INFO:colcon.colcon_core.shell:Creating prefix script '/home/arno/RoombaV2CS/install/local_setup.sh'
[3.735s] INFO:colcon.colcon_core.shell:Creating prefix util module '/home/arno/RoombaV2CS/install/_local_setup_util_sh.py'
[3.736s] INFO:colcon.colcon_core.shell:Creating prefix chain script '/home/arno/RoombaV2CS/install/setup.sh'
[3.739s] INFO:colcon.colcon_core.shell:Creating prefix script '/home/arno/RoombaV2CS/install/local_setup.bash'
[3.741s] INFO:colcon.colcon_core.shell:Creating prefix chain script '/home/arno/RoombaV2CS/install/setup.bash'
[3.745s] INFO:colcon.colcon_core.shell:Creating prefix script '/home/arno/RoombaV2CS/install/local_setup.zsh'
[3.747s] INFO:colcon.colcon_core.shell:Creating prefix chain script '/home/arno/RoombaV2CS/install/setup.zsh'
