[1.947s] Invoking command in '/home/arno/RoombaV2CS/build/GUI': PYTHONPATH=/home/arno/RoombaV2CS/build/GUI/prefix_override:/usr/lib/python3/dist-packages/colcon_core/task/python/colcon_distutils_commands:/home/arno/RoombaV2CS/install/GUI/lib/python3.10/site-packages:${PYTHONPATH} /usr/bin/python3 -W ignore:setup.py install is deprecated setup.py develop --editable --build-directory /home/arno/RoombaV2CS/build/GUI/build --no-deps symlink_data
[2.372s] running develop
[2.373s] /usr/lib/python3/dist-packages/setuptools/command/easy_install.py:158: EasyInstallDeprecationWarning: easy_install command is deprecated. Use build and pip and other standards-based tools.
[2.373s]   warnings.warn(
[2.653s] running egg_info
[2.653s] writing GUI.egg-info/PKG-INFO
[2.654s] writing dependency_links to GUI.egg-info/dependency_links.txt
[2.654s] writing entry points to GUI.egg-info/entry_points.txt
[2.654s] writing requirements to GUI.egg-info/requires.txt
[2.654s] writing top-level names to GUI.egg-info/top_level.txt
[2.657s] reading manifest file 'GUI.egg-info/SOURCES.txt'
[2.658s] writing manifest file 'GUI.egg-info/SOURCES.txt'
[2.660s] running build_ext
[2.661s] Creating /home/arno/RoombaV2CS/install/GUI/lib/python3.10/site-packages/GUI.egg-link (link to .)
[2.662s] Installing fake_map_pub script to /home/arno/RoombaV2CS/install/GUI/lib/GUI
[2.662s] Installing gui script to /home/arno/RoombaV2CS/install/GUI/lib/GUI
[2.663s] 
[2.664s] Installed /home/arno/RoombaV2CS/build/GUI
[2.664s] running symlink_data
[2.718s] Invoked command in '/home/arno/RoombaV2CS/build/GUI' returned '0': PYTHONPATH=/home/arno/RoombaV2CS/build/GUI/prefix_override:/usr/lib/python3/dist-packages/colcon_core/task/python/colcon_distutils_commands:/home/arno/RoombaV2CS/install/GUI/lib/python3.10/site-packages:${PYTHONPATH} /usr/bin/python3 -W ignore:setup.py install is deprecated setup.py develop --editable --build-directory /home/arno/RoombaV2CS/build/GUI/build --no-deps symlink_data
