[0.122s] DEBUG:colcon:Command line arguments: ['/usr/bin/colcon', 'build', '--symlink-install']
[0.122s] DEBUG:colcon:Parsed command line arguments: Namespace(log_base=None, log_level=None, verb_name='build', build_base='build', install_base='install', merge_install=False, symlink_install=True, test_result_base=None, continue_on_error=False, executor='parallel', parallel_workers=8, event_handlers=None, ignore_user_meta=False, metas=['./colcon.meta'], base_paths=['.'], packages_ignore=None, packages_ignore_regex=None, paths=None, packages_up_to=None, packages_up_to_regex=None, packages_above=None, packages_above_and_dependencies=None, packages_above_depth=None, packages_select_by_dep=None, packages_skip_by_dep=None, packages_skip_up_to=None, packages_select_build_failed=False, packages_skip_build_finished=False, packages_select_test_failures=False, packages_skip_test_passed=False, packages_select=None, packages_skip=None, packages_select_regex=None, packages_skip_regex=None, packages_start=None, packages_end=None, allow_overriding=[], cmake_args=None, cmake_target=None, cmake_target_skip_unavailable=False, cmake_clean_cache=False, cmake_clean_first=False, cmake_force_configure=False, ament_cmake_args=None, catkin_cmake_args=None, catkin_skip_building_tests=False, mixin_files=None, mixin=None, verb_parser=<colcon_mixin.mixin.mixin_argument.MixinArgumentDecorator object at 0x7d7f17648ac0>, verb_extension=<colcon_core.verb.build.BuildVerb object at 0x7d7f17761150>, main=<bound method BuildVerb.main of <colcon_core.verb.build.BuildVerb object at 0x7d7f17761150>>, mixin_verb=('build',))
[0.307s] Level 1:colcon.colcon_core.package_discovery:discover_packages(colcon_meta) check parameters
[0.307s] Level 1:colcon.colcon_core.package_discovery:discover_packages(recursive) check parameters
[0.307s] Level 1:colcon.colcon_core.package_discovery:discover_packages(ignore) check parameters
[0.307s] Level 1:colcon.colcon_core.package_discovery:discover_packages(path) check parameters
[0.307s] Level 1:colcon.colcon_core.package_discovery:discover_packages(colcon_meta) discover
[0.307s] Level 1:colcon.colcon_core.package_discovery:discover_packages(recursive) discover
[0.307s] INFO:colcon.colcon_core.package_discovery:Crawling recursively for packages in '/home/arno/RoombaV2CS'
[0.307s] Level 1:colcon.colcon_core.package_identification:_identify(.) by extensions ['ignore', 'ignore_ament_install']
[0.307s] Level 1:colcon.colcon_core.package_identification:_identify(.) by extension 'ignore'
[0.307s] Level 1:colcon.colcon_core.package_identification:_identify(.) by extension 'ignore_ament_install'
[0.308s] Level 1:colcon.colcon_core.package_identification:_identify(.) by extensions ['colcon_pkg']
[0.308s] Level 1:colcon.colcon_core.package_identification:_identify(.) by extension 'colcon_pkg'
[0.308s] Level 1:colcon.colcon_core.package_identification:_identify(.) by extensions ['colcon_meta']
[0.308s] Level 1:colcon.colcon_core.package_identification:_identify(.) by extension 'colcon_meta'
[0.308s] Level 1:colcon.colcon_core.package_identification:_identify(.) by extensions ['ros']
[0.308s] Level 1:colcon.colcon_core.package_identification:_identify(.) by extension 'ros'
[0.319s] Level 1:colcon.colcon_core.package_identification:_identify(.) by extensions ['cmake', 'python']
[0.319s] Level 1:colcon.colcon_core.package_identification:_identify(.) by extension 'cmake'
[0.319s] Level 1:colcon.colcon_core.package_identification:_identify(.) by extension 'python'
[0.319s] Level 1:colcon.colcon_core.package_identification:_identify(.) by extensions ['python_setup_py']
[0.319s] Level 1:colcon.colcon_core.package_identification:_identify(.) by extension 'python_setup_py'
[0.319s] Level 1:colcon.colcon_core.package_identification:_identify(build) by extensions ['ignore', 'ignore_ament_install']
[0.319s] Level 1:colcon.colcon_core.package_identification:_identify(build) by extension 'ignore'
[0.319s] Level 1:colcon.colcon_core.package_identification:_identify(build) ignored
[0.320s] Level 1:colcon.colcon_core.package_identification:_identify(install) by extensions ['ignore', 'ignore_ament_install']
[0.320s] Level 1:colcon.colcon_core.package_identification:_identify(install) by extension 'ignore'
[0.320s] Level 1:colcon.colcon_core.package_identification:_identify(install) ignored
[0.320s] Level 1:colcon.colcon_core.package_identification:_identify(log) by extensions ['ignore', 'ignore_ament_install']
[0.320s] Level 1:colcon.colcon_core.package_identification:_identify(log) by extension 'ignore'
[0.320s] Level 1:colcon.colcon_core.package_identification:_identify(log) ignored
[0.320s] Level 1:colcon.colcon_core.package_identification:_identify(src) by extensions ['ignore', 'ignore_ament_install']
[0.320s] Level 1:colcon.colcon_core.package_identification:_identify(src) by extension 'ignore'
[0.320s] Level 1:colcon.colcon_core.package_identification:_identify(src) by extension 'ignore_ament_install'
[0.320s] Level 1:colcon.colcon_core.package_identification:_identify(src) by extensions ['colcon_pkg']
[0.320s] Level 1:colcon.colcon_core.package_identification:_identify(src) by extension 'colcon_pkg'
[0.320s] Level 1:colcon.colcon_core.package_identification:_identify(src) by extensions ['colcon_meta']
[0.320s] Level 1:colcon.colcon_core.package_identification:_identify(src) by extension 'colcon_meta'
[0.320s] Level 1:colcon.colcon_core.package_identification:_identify(src) by extensions ['ros']
[0.320s] Level 1:colcon.colcon_core.package_identification:_identify(src) by extension 'ros'
[0.321s] Level 1:colcon.colcon_core.package_identification:_identify(src) by extensions ['cmake', 'python']
[0.321s] Level 1:colcon.colcon_core.package_identification:_identify(src) by extension 'cmake'
[0.321s] Level 1:colcon.colcon_core.package_identification:_identify(src) by extension 'python'
[0.321s] Level 1:colcon.colcon_core.package_identification:_identify(src) by extensions ['python_setup_py']
[0.321s] Level 1:colcon.colcon_core.package_identification:_identify(src) by extension 'python_setup_py'
[0.321s] Level 1:colcon.colcon_core.package_identification:_identify(src/GUI) by extensions ['ignore', 'ignore_ament_install']
[0.321s] Level 1:colcon.colcon_core.package_identification:_identify(src/GUI) by extension 'ignore'
[0.321s] Level 1:colcon.colcon_core.package_identification:_identify(src/GUI) by extension 'ignore_ament_install'
[0.321s] Level 1:colcon.colcon_core.package_identification:_identify(src/GUI) by extensions ['colcon_pkg']
[0.321s] Level 1:colcon.colcon_core.package_identification:_identify(src/GUI) by extension 'colcon_pkg'
[0.321s] Level 1:colcon.colcon_core.package_identification:_identify(src/GUI) by extensions ['colcon_meta']
[0.321s] Level 1:colcon.colcon_core.package_identification:_identify(src/GUI) by extension 'colcon_meta'
[0.321s] Level 1:colcon.colcon_core.package_identification:_identify(src/GUI) by extensions ['ros']
[0.321s] Level 1:colcon.colcon_core.package_identification:_identify(src/GUI) by extension 'ros'
[0.324s] DEBUG:colcon.colcon_core.package_identification:Package 'src/GUI' with type 'ros.ament_python' and name 'GUI'
[0.324s] Level 1:colcon.colcon_core.package_identification:_identify(src/RoverInput) by extensions ['ignore', 'ignore_ament_install']
[0.324s] Level 1:colcon.colcon_core.package_identification:_identify(src/RoverInput) by extension 'ignore'
[0.324s] Level 1:colcon.colcon_core.package_identification:_identify(src/RoverInput) by extension 'ignore_ament_install'
[0.324s] Level 1:colcon.colcon_core.package_identification:_identify(src/RoverInput) by extensions ['colcon_pkg']
[0.324s] Level 1:colcon.colcon_core.package_identification:_identify(src/RoverInput) by extension 'colcon_pkg'
[0.324s] Level 1:colcon.colcon_core.package_identification:_identify(src/RoverInput) by extensions ['colcon_meta']
[0.324s] Level 1:colcon.colcon_core.package_identification:_identify(src/RoverInput) by extension 'colcon_meta'
[0.324s] Level 1:colcon.colcon_core.package_identification:_identify(src/RoverInput) by extensions ['ros']
[0.324s] Level 1:colcon.colcon_core.package_identification:_identify(src/RoverInput) by extension 'ros'
[0.325s] DEBUG:colcon.colcon_core.package_identification:Package 'src/RoverInput' with type 'ros.ament_python' and name 'RoverInput'
[0.325s] Level 1:colcon.colcon_core.package_identification:_identify(src/controller_input) by extensions ['ignore', 'ignore_ament_install']
[0.325s] Level 1:colcon.colcon_core.package_identification:_identify(src/controller_input) by extension 'ignore'
[0.325s] Level 1:colcon.colcon_core.package_identification:_identify(src/controller_input) by extension 'ignore_ament_install'
[0.325s] Level 1:colcon.colcon_core.package_identification:_identify(src/controller_input) by extensions ['colcon_pkg']
[0.325s] Level 1:colcon.colcon_core.package_identification:_identify(src/controller_input) by extension 'colcon_pkg'
[0.325s] Level 1:colcon.colcon_core.package_identification:_identify(src/controller_input) by extensions ['colcon_meta']
[0.325s] Level 1:colcon.colcon_core.package_identification:_identify(src/controller_input) by extension 'colcon_meta'
[0.325s] Level 1:colcon.colcon_core.package_identification:_identify(src/controller_input) by extensions ['ros']
[0.325s] Level 1:colcon.colcon_core.package_identification:_identify(src/controller_input) by extension 'ros'
[0.326s] DEBUG:colcon.colcon_core.package_identification:Package 'src/controller_input' with type 'ros.ament_python' and name 'controller_input'
[0.326s] Level 1:colcon.colcon_core.package_identification:_identify(src/sllidar_ros2) by extensions ['ignore', 'ignore_ament_install']
[0.326s] Level 1:colcon.colcon_core.package_identification:_identify(src/sllidar_ros2) by extension 'ignore'
[0.326s] Level 1:colcon.colcon_core.package_identification:_identify(src/sllidar_ros2) by extension 'ignore_ament_install'
[0.326s] Level 1:colcon.colcon_core.package_identification:_identify(src/sllidar_ros2) by extensions ['colcon_pkg']
[0.326s] Level 1:colcon.colcon_core.package_identification:_identify(src/sllidar_ros2) by extension 'colcon_pkg'
[0.326s] Level 1:colcon.colcon_core.package_identification:_identify(src/sllidar_ros2) by extensions ['colcon_meta']
[0.326s] Level 1:colcon.colcon_core.package_identification:_identify(src/sllidar_ros2) by extension 'colcon_meta'
[0.326s] Level 1:colcon.colcon_core.package_identification:_identify(src/sllidar_ros2) by extensions ['ros']
[0.326s] Level 1:colcon.colcon_core.package_identification:_identify(src/sllidar_ros2) by extension 'ros'
[0.327s] DEBUG:colcon.colcon_core.package_identification:Package 'src/sllidar_ros2' with type 'ros.ament_cmake' and name 'sllidar_ros2'
[0.327s] Level 1:colcon.colcon_core.package_identification:_identify(src/stream_receiver) by extensions ['ignore', 'ignore_ament_install']
[0.327s] Level 1:colcon.colcon_core.package_identification:_identify(src/stream_receiver) by extension 'ignore'
[0.327s] Level 1:colcon.colcon_core.package_identification:_identify(src/stream_receiver) by extension 'ignore_ament_install'
[0.327s] Level 1:colcon.colcon_core.package_identification:_identify(src/stream_receiver) by extensions ['colcon_pkg']
[0.327s] Level 1:colcon.colcon_core.package_identification:_identify(src/stream_receiver) by extension 'colcon_pkg'
[0.327s] Level 1:colcon.colcon_core.package_identification:_identify(src/stream_receiver) by extensions ['colcon_meta']
[0.327s] Level 1:colcon.colcon_core.package_identification:_identify(src/stream_receiver) by extension 'colcon_meta'
[0.327s] Level 1:colcon.colcon_core.package_identification:_identify(src/stream_receiver) by extensions ['ros']
[0.327s] Level 1:colcon.colcon_core.package_identification:_identify(src/stream_receiver) by extension 'ros'
[0.328s] DEBUG:colcon.colcon_core.package_identification:Package 'src/stream_receiver' with type 'ros.ament_python' and name 'stream_receiver'
[0.328s] Level 1:colcon.colcon_core.package_discovery:discover_packages(recursive) using defaults
[0.328s] Level 1:colcon.colcon_core.package_discovery:discover_packages(ignore) discover
[0.328s] Level 1:colcon.colcon_core.package_discovery:discover_packages(ignore) using defaults
[0.328s] Level 1:colcon.colcon_core.package_discovery:discover_packages(path) discover
[0.328s] Level 1:colcon.colcon_core.package_discovery:discover_packages(path) using defaults
[0.361s] Level 1:colcon.colcon_core.package_discovery:discover_packages(prefix_path) check parameters
[0.361s] Level 1:colcon.colcon_core.package_discovery:discover_packages(prefix_path) discover
[0.363s] DEBUG:colcon.colcon_installed_package_information.package_discovery:Found 5 installed packages in /home/arno/RoombaV2CS/install
[0.363s] DEBUG:colcon.colcon_installed_package_information.package_discovery:Found 5 installed packages in /home/arno/RoombaV2Onboard/install
[0.365s] DEBUG:colcon.colcon_installed_package_information.package_discovery:Found 379 installed packages in /opt/ros/humble
[0.367s] Level 1:colcon.colcon_core.package_discovery:discover_packages(prefix_path) using defaults
[0.418s] Level 5:colcon.colcon_core.verb:set package 'GUI' build argument 'cmake_args' from command line to 'None'
[0.418s] Level 5:colcon.colcon_core.verb:set package 'GUI' build argument 'cmake_target' from command line to 'None'
[0.418s] Level 5:colcon.colcon_core.verb:set package 'GUI' build argument 'cmake_target_skip_unavailable' from command line to 'False'
[0.418s] Level 5:colcon.colcon_core.verb:set package 'GUI' build argument 'cmake_clean_cache' from command line to 'False'
[0.418s] Level 5:colcon.colcon_core.verb:set package 'GUI' build argument 'cmake_clean_first' from command line to 'False'
[0.418s] Level 5:colcon.colcon_core.verb:set package 'GUI' build argument 'cmake_force_configure' from command line to 'False'
[0.418s] Level 5:colcon.colcon_core.verb:set package 'GUI' build argument 'ament_cmake_args' from command line to 'None'
[0.418s] Level 5:colcon.colcon_core.verb:set package 'GUI' build argument 'catkin_cmake_args' from command line to 'None'
[0.418s] Level 5:colcon.colcon_core.verb:set package 'GUI' build argument 'catkin_skip_building_tests' from command line to 'False'
[0.418s] DEBUG:colcon.colcon_core.verb:Building package 'GUI' with the following arguments: {'ament_cmake_args': None, 'build_base': '/home/arno/RoombaV2CS/build/GUI', 'catkin_cmake_args': None, 'catkin_skip_building_tests': False, 'cmake_args': None, 'cmake_clean_cache': False, 'cmake_clean_first': False, 'cmake_force_configure': False, 'cmake_target': None, 'cmake_target_skip_unavailable': False, 'install_base': '/home/arno/RoombaV2CS/install/GUI', 'merge_install': False, 'path': '/home/arno/RoombaV2CS/src/GUI', 'symlink_install': True, 'test_result_base': None}
[0.418s] Level 5:colcon.colcon_core.verb:set package 'RoverInput' build argument 'cmake_args' from command line to 'None'
[0.419s] Level 5:colcon.colcon_core.verb:set package 'RoverInput' build argument 'cmake_target' from command line to 'None'
[0.419s] Level 5:colcon.colcon_core.verb:set package 'RoverInput' build argument 'cmake_target_skip_unavailable' from command line to 'False'
[0.419s] Level 5:colcon.colcon_core.verb:set package 'RoverInput' build argument 'cmake_clean_cache' from command line to 'False'
[0.419s] Level 5:colcon.colcon_core.verb:set package 'RoverInput' build argument 'cmake_clean_first' from command line to 'False'
[0.419s] Level 5:colcon.colcon_core.verb:set package 'RoverInput' build argument 'cmake_force_configure' from command line to 'False'
[0.419s] Level 5:colcon.colcon_core.verb:set package 'RoverInput' build argument 'ament_cmake_args' from command line to 'None'
[0.419s] Level 5:colcon.colcon_core.verb:set package 'RoverInput' build argument 'catkin_cmake_args' from command line to 'None'
[0.419s] Level 5:colcon.colcon_core.verb:set package 'RoverInput' build argument 'catkin_skip_building_tests' from command line to 'False'
[0.419s] DEBUG:colcon.colcon_core.verb:Building package 'RoverInput' with the following arguments: {'ament_cmake_args': None, 'build_base': '/home/arno/RoombaV2CS/build/RoverInput', 'catkin_cmake_args': None, 'catkin_skip_building_tests': False, 'cmake_args': None, 'cmake_clean_cache': False, 'cmake_clean_first': False, 'cmake_force_configure': False, 'cmake_target': None, 'cmake_target_skip_unavailable': False, 'install_base': '/home/arno/RoombaV2CS/install/RoverInput', 'merge_install': False, 'path': '/home/arno/RoombaV2CS/src/RoverInput', 'symlink_install': True, 'test_result_base': None}
[0.419s] Level 5:colcon.colcon_core.verb:set package 'controller_input' build argument 'cmake_args' from command line to 'None'
[0.419s] Level 5:colcon.colcon_core.verb:set package 'controller_input' build argument 'cmake_target' from command line to 'None'
[0.419s] Level 5:colcon.colcon_core.verb:set package 'controller_input' build argument 'cmake_target_skip_unavailable' from command line to 'False'
[0.419s] Level 5:colcon.colcon_core.verb:set package 'controller_input' build argument 'cmake_clean_cache' from command line to 'False'
[0.419s] Level 5:colcon.colcon_core.verb:set package 'controller_input' build argument 'cmake_clean_first' from command line to 'False'
[0.419s] Level 5:colcon.colcon_core.verb:set package 'controller_input' build argument 'cmake_force_configure' from command line to 'False'
[0.419s] Level 5:colcon.colcon_core.verb:set package 'controller_input' build argument 'ament_cmake_args' from command line to 'None'
[0.419s] Level 5:colcon.colcon_core.verb:set package 'controller_input' build argument 'catkin_cmake_args' from command line to 'None'
[0.419s] Level 5:colcon.colcon_core.verb:set package 'controller_input' build argument 'catkin_skip_building_tests' from command line to 'False'
[0.419s] DEBUG:colcon.colcon_core.verb:Building package 'controller_input' with the following arguments: {'ament_cmake_args': None, 'build_base': '/home/arno/RoombaV2CS/build/controller_input', 'catkin_cmake_args': None, 'catkin_skip_building_tests': False, 'cmake_args': None, 'cmake_clean_cache': False, 'cmake_clean_first': False, 'cmake_force_configure': False, 'cmake_target': None, 'cmake_target_skip_unavailable': False, 'install_base': '/home/arno/RoombaV2CS/install/controller_input', 'merge_install': False, 'path': '/home/arno/RoombaV2CS/src/controller_input', 'symlink_install': True, 'test_result_base': None}
[0.420s] Level 5:colcon.colcon_core.verb:set package 'sllidar_ros2' build argument 'cmake_args' from command line to 'None'
[0.420s] Level 5:colcon.colcon_core.verb:set package 'sllidar_ros2' build argument 'cmake_target' from command line to 'None'
[0.420s] Level 5:colcon.colcon_core.verb:set package 'sllidar_ros2' build argument 'cmake_target_skip_unavailable' from command line to 'False'
[0.420s] Level 5:colcon.colcon_core.verb:set package 'sllidar_ros2' build argument 'cmake_clean_cache' from command line to 'False'
[0.420s] Level 5:colcon.colcon_core.verb:set package 'sllidar_ros2' build argument 'cmake_clean_first' from command line to 'False'
[0.420s] Level 5:colcon.colcon_core.verb:set package 'sllidar_ros2' build argument 'cmake_force_configure' from command line to 'False'
[0.420s] Level 5:colcon.colcon_core.verb:set package 'sllidar_ros2' build argument 'ament_cmake_args' from command line to 'None'
[0.420s] Level 5:colcon.colcon_core.verb:set package 'sllidar_ros2' build argument 'catkin_cmake_args' from command line to 'None'
[0.420s] Level 5:colcon.colcon_core.verb:set package 'sllidar_ros2' build argument 'catkin_skip_building_tests' from command line to 'False'
[0.420s] DEBUG:colcon.colcon_core.verb:Building package 'sllidar_ros2' with the following arguments: {'ament_cmake_args': None, 'build_base': '/home/arno/RoombaV2CS/build/sllidar_ros2', 'catkin_cmake_args': None, 'catkin_skip_building_tests': False, 'cmake_args': None, 'cmake_clean_cache': False, 'cmake_clean_first': False, 'cmake_force_configure': False, 'cmake_target': None, 'cmake_target_skip_unavailable': False, 'install_base': '/home/arno/RoombaV2CS/install/sllidar_ros2', 'merge_install': False, 'path': '/home/arno/RoombaV2CS/src/sllidar_ros2', 'symlink_install': True, 'test_result_base': None}
[0.420s] Level 5:colcon.colcon_core.verb:set package 'stream_receiver' build argument 'cmake_args' from command line to 'None'
[0.420s] Level 5:colcon.colcon_core.verb:set package 'stream_receiver' build argument 'cmake_target' from command line to 'None'
[0.420s] Level 5:colcon.colcon_core.verb:set package 'stream_receiver' build argument 'cmake_target_skip_unavailable' from command line to 'False'
[0.420s] Level 5:colcon.colcon_core.verb:set package 'stream_receiver' build argument 'cmake_clean_cache' from command line to 'False'
[0.420s] Level 5:colcon.colcon_core.verb:set package 'stream_receiver' build argument 'cmake_clean_first' from command line to 'False'
[0.420s] Level 5:colcon.colcon_core.verb:set package 'stream_receiver' build argument 'cmake_force_configure' from command line to 'False'
[0.420s] Level 5:colcon.colcon_core.verb:set package 'stream_receiver' build argument 'ament_cmake_args' from command line to 'None'
[0.420s] Level 5:colcon.colcon_core.verb:set package 'stream_receiver' build argument 'catkin_cmake_args' from command line to 'None'
[0.421s] Level 5:colcon.colcon_core.verb:set package 'stream_receiver' build argument 'catkin_skip_building_tests' from command line to 'False'
[0.421s] DEBUG:colcon.colcon_core.verb:Building package 'stream_receiver' with the following arguments: {'ament_cmake_args': None, 'build_base': '/home/arno/RoombaV2CS/build/stream_receiver', 'catkin_cmake_args': None, 'catkin_skip_building_tests': False, 'cmake_args': None, 'cmake_clean_cache': False, 'cmake_clean_first': False, 'cmake_force_configure': False, 'cmake_target': None, 'cmake_target_skip_unavailable': False, 'install_base': '/home/arno/RoombaV2CS/install/stream_receiver', 'merge_install': False, 'path': '/home/arno/RoombaV2CS/src/stream_receiver', 'symlink_install': True, 'test_result_base': None}
[0.421s] INFO:colcon.colcon_core.executor:Executing jobs using 'parallel' executor
[0.422s] DEBUG:colcon.colcon_parallel_executor.executor.parallel:run_until_complete
[0.422s] INFO:colcon.colcon_ros.task.ament_python.build:Building ROS package in '/home/arno/RoombaV2CS/src/GUI' with build type 'ament_python'
[0.422s] Level 1:colcon.colcon_core.shell:create_environment_hook('GUI', 'ament_prefix_path')
[0.424s] INFO:colcon.colcon_core.plugin_system:Skipping extension 'colcon_core.shell.bat': Not used on non-Windows systems
[0.425s] INFO:colcon.colcon_core.shell:Creating environment hook '/home/arno/RoombaV2CS/install/GUI/share/GUI/hook/ament_prefix_path.ps1'
[0.425s] INFO:colcon.colcon_core.shell:Creating environment descriptor '/home/arno/RoombaV2CS/install/GUI/share/GUI/hook/ament_prefix_path.dsv'
[0.426s] INFO:colcon.colcon_core.shell:Creating environment hook '/home/arno/RoombaV2CS/install/GUI/share/GUI/hook/ament_prefix_path.sh'
[0.426s] INFO:colcon.colcon_core.shell:Skip shell extension 'powershell' for command environment: Not usable outside of PowerShell
[0.426s] DEBUG:colcon.colcon_core.shell:Skip shell extension 'dsv' for command environment
[0.430s] INFO:colcon.colcon_ros.task.ament_python.build:Building ROS package in '/home/arno/RoombaV2CS/src/RoverInput' with build type 'ament_python'
[0.430s] Level 1:colcon.colcon_core.shell:create_environment_hook('RoverInput', 'ament_prefix_path')
[0.431s] INFO:colcon.colcon_core.shell:Creating environment hook '/home/arno/RoombaV2CS/install/RoverInput/share/RoverInput/hook/ament_prefix_path.ps1'
[0.431s] INFO:colcon.colcon_core.shell:Creating environment descriptor '/home/arno/RoombaV2CS/install/RoverInput/share/RoverInput/hook/ament_prefix_path.dsv'
[0.431s] INFO:colcon.colcon_core.shell:Creating environment hook '/home/arno/RoombaV2CS/install/RoverInput/share/RoverInput/hook/ament_prefix_path.sh'
[0.432s] INFO:colcon.colcon_core.shell:Skip shell extension 'powershell' for command environment: Not usable outside of PowerShell
[0.432s] DEBUG:colcon.colcon_core.shell:Skip shell extension 'dsv' for command environment
[0.436s] INFO:colcon.colcon_ros.task.ament_python.build:Building ROS package in '/home/arno/RoombaV2CS/src/controller_input' with build type 'ament_python'
[0.436s] Level 1:colcon.colcon_core.shell:create_environment_hook('controller_input', 'ament_prefix_path')
[0.436s] INFO:colcon.colcon_core.shell:Creating environment hook '/home/arno/RoombaV2CS/install/controller_input/share/controller_input/hook/ament_prefix_path.ps1'
[0.437s] INFO:colcon.colcon_core.shell:Creating environment descriptor '/home/arno/RoombaV2CS/install/controller_input/share/controller_input/hook/ament_prefix_path.dsv'
[0.437s] INFO:colcon.colcon_core.shell:Creating environment hook '/home/arno/RoombaV2CS/install/controller_input/share/controller_input/hook/ament_prefix_path.sh'
[0.437s] INFO:colcon.colcon_core.shell:Skip shell extension 'powershell' for command environment: Not usable outside of PowerShell
[0.437s] DEBUG:colcon.colcon_core.shell:Skip shell extension 'dsv' for command environment
[0.441s] INFO:colcon.colcon_ros.task.ament_cmake.build:Building ROS package in '/home/arno/RoombaV2CS/src/sllidar_ros2' with build type 'ament_cmake'
[0.441s] INFO:colcon.colcon_cmake.task.cmake.build:Building CMake package in '/home/arno/RoombaV2CS/src/sllidar_ros2'
[0.441s] INFO:colcon.colcon_core.shell:Skip shell extension 'powershell' for command environment: Not usable outside of PowerShell
[0.441s] DEBUG:colcon.colcon_core.shell:Skip shell extension 'dsv' for command environment
[0.445s] INFO:colcon.colcon_ros.task.ament_python.build:Building ROS package in '/home/arno/RoombaV2CS/src/stream_receiver' with build type 'ament_python'
[0.445s] Level 1:colcon.colcon_core.shell:create_environment_hook('stream_receiver', 'ament_prefix_path')
[0.446s] INFO:colcon.colcon_core.shell:Creating environment hook '/home/arno/RoombaV2CS/install/stream_receiver/share/stream_receiver/hook/ament_prefix_path.ps1'
[0.446s] INFO:colcon.colcon_core.shell:Creating environment descriptor '/home/arno/RoombaV2CS/install/stream_receiver/share/stream_receiver/hook/ament_prefix_path.dsv'
[0.446s] INFO:colcon.colcon_core.shell:Creating environment hook '/home/arno/RoombaV2CS/install/stream_receiver/share/stream_receiver/hook/ament_prefix_path.sh'
[0.447s] INFO:colcon.colcon_core.shell:Skip shell extension 'powershell' for command environment: Not usable outside of PowerShell
[0.447s] DEBUG:colcon.colcon_core.shell:Skip shell extension 'dsv' for command environment
[0.759s] INFO:colcon.colcon_core.task.python.build:Building Python package in '/home/arno/RoombaV2CS/src/GUI'
[0.759s] INFO:colcon.colcon_core.shell:Skip shell extension 'powershell' for command environment: Not usable outside of PowerShell
[0.760s] DEBUG:colcon.colcon_core.shell:Skip shell extension 'dsv' for command environment
[1.048s] INFO:colcon.colcon_core.task.python.build:Building Python package in '/home/arno/RoombaV2CS/src/RoverInput'
[1.048s] INFO:colcon.colcon_core.shell:Skip shell extension 'powershell' for command environment: Not usable outside of PowerShell
[1.048s] DEBUG:colcon.colcon_core.shell:Skip shell extension 'dsv' for command environment
[1.339s] WARNING:colcon.colcon_ros.task.ament_python.build:Package 'controller_input' doesn't explicitly install a marker in the package index (colcon-ros currently does it implicitly but that fallback will be removed in the future)
[1.339s] INFO:colcon.colcon_core.task.python.build:Building Python package in '/home/arno/RoombaV2CS/src/controller_input'
[1.339s] INFO:colcon.colcon_core.shell:Skip shell extension 'powershell' for command environment: Not usable outside of PowerShell
[1.339s] DEBUG:colcon.colcon_core.shell:Skip shell extension 'dsv' for command environment
[1.349s] DEBUG:colcon.colcon_core.event_handler.log_command:Invoking command in '/home/arno/RoombaV2CS/build/sllidar_ros2': CMAKE_PREFIX_PATH=${CMAKE_PREFIX_PATH}:/home/arno/RoombaV2CS/install/stream_receiver:/home/arno/RoombaV2CS/install/controller_input:/home/arno/RoombaV2CS/install/RoverInput:/home/arno/RoombaV2CS/install/GUI:/home/arno/RoombaV2Onboard/install/rover_stream:/home/arno/RoombaV2Onboard/install/roombav2:/home/arno/RoombaV2Onboard/install/mode_manager:/home/arno/RoombaV2Onboard/install/RoverReceive:/opt/ros/humble /usr/bin/cmake --build /home/arno/RoombaV2CS/build/sllidar_ros2 -- -j8 -l8
[1.644s] INFO:colcon.colcon_core.task.python.build:Building Python package in '/home/arno/RoombaV2CS/src/stream_receiver'
[1.644s] INFO:colcon.colcon_core.shell:Skip shell extension 'powershell' for command environment: Not usable outside of PowerShell
[1.644s] DEBUG:colcon.colcon_core.shell:Skip shell extension 'dsv' for command environment
[1.655s] DEBUG:colcon.colcon_core.event_handler.log_command:Invoked command in '/home/arno/RoombaV2CS/build/sllidar_ros2' returned '0': CMAKE_PREFIX_PATH=${CMAKE_PREFIX_PATH}:/home/arno/RoombaV2CS/install/stream_receiver:/home/arno/RoombaV2CS/install/controller_input:/home/arno/RoombaV2CS/install/RoverInput:/home/arno/RoombaV2CS/install/GUI:/home/arno/RoombaV2Onboard/install/rover_stream:/home/arno/RoombaV2Onboard/install/roombav2:/home/arno/RoombaV2Onboard/install/mode_manager:/home/arno/RoombaV2Onboard/install/RoverReceive:/opt/ros/humble /usr/bin/cmake --build /home/arno/RoombaV2CS/build/sllidar_ros2 -- -j8 -l8
[1.745s] DEBUG:colcon.colcon_core.event_handler.log_command:Invoking command in '/home/arno/RoombaV2CS/build/sllidar_ros2': CMAKE_PREFIX_PATH=${CMAKE_PREFIX_PATH}:/home/arno/RoombaV2CS/install/stream_receiver:/home/arno/RoombaV2CS/install/controller_input:/home/arno/RoombaV2CS/install/RoverInput:/home/arno/RoombaV2CS/install/GUI:/home/arno/RoombaV2Onboard/install/rover_stream:/home/arno/RoombaV2Onboard/install/roombav2:/home/arno/RoombaV2Onboard/install/mode_manager:/home/arno/RoombaV2Onboard/install/RoverReceive:/opt/ros/humble /usr/bin/cmake --install /home/arno/RoombaV2CS/build/sllidar_ros2
[1.790s] Level 1:colcon.colcon_core.environment:create_environment_scripts_only(sllidar_ros2)
[1.791s] DEBUG:colcon.colcon_core.event_handler.log_command:Invoked command in '/home/arno/RoombaV2CS/build/sllidar_ros2' returned '0': CMAKE_PREFIX_PATH=${CMAKE_PREFIX_PATH}:/home/arno/RoombaV2CS/install/stream_receiver:/home/arno/RoombaV2CS/install/controller_input:/home/arno/RoombaV2CS/install/RoverInput:/home/arno/RoombaV2CS/install/GUI:/home/arno/RoombaV2Onboard/install/rover_stream:/home/arno/RoombaV2Onboard/install/roombav2:/home/arno/RoombaV2Onboard/install/mode_manager:/home/arno/RoombaV2Onboard/install/RoverReceive:/opt/ros/humble /usr/bin/cmake --install /home/arno/RoombaV2CS/build/sllidar_ros2
[1.796s] Level 1:colcon.colcon_core.environment:checking '/home/arno/RoombaV2CS/install/sllidar_ros2' for CMake module files
[1.797s] Level 1:colcon.colcon_core.environment:checking '/home/arno/RoombaV2CS/install/sllidar_ros2' for CMake config files
[1.798s] Level 1:colcon.colcon_core.shell:create_environment_hook('sllidar_ros2', 'cmake_prefix_path')
[1.798s] INFO:colcon.colcon_core.shell:Creating environment hook '/home/arno/RoombaV2CS/install/sllidar_ros2/share/sllidar_ros2/hook/cmake_prefix_path.ps1'
[1.799s] INFO:colcon.colcon_core.shell:Creating environment descriptor '/home/arno/RoombaV2CS/install/sllidar_ros2/share/sllidar_ros2/hook/cmake_prefix_path.dsv'
[1.800s] INFO:colcon.colcon_core.shell:Creating environment hook '/home/arno/RoombaV2CS/install/sllidar_ros2/share/sllidar_ros2/hook/cmake_prefix_path.sh'
[1.801s] Level 1:colcon.colcon_core.environment:checking '/home/arno/RoombaV2CS/install/sllidar_ros2/lib'
[1.801s] Level 1:colcon.colcon_core.environment:checking '/home/arno/RoombaV2CS/install/sllidar_ros2/bin'
[1.802s] Level 1:colcon.colcon_core.environment:checking '/home/arno/RoombaV2CS/install/sllidar_ros2/lib/pkgconfig/sllidar_ros2.pc'
[1.802s] Level 1:colcon.colcon_core.environment:checking '/home/arno/RoombaV2CS/install/sllidar_ros2/lib/python3.10/site-packages'
[1.803s] Level 1:colcon.colcon_core.environment:checking '/home/arno/RoombaV2CS/install/sllidar_ros2/bin'
[1.803s] INFO:colcon.colcon_core.shell:Creating package script '/home/arno/RoombaV2CS/install/sllidar_ros2/share/sllidar_ros2/package.ps1'
[1.806s] INFO:colcon.colcon_core.shell:Creating package descriptor '/home/arno/RoombaV2CS/install/sllidar_ros2/share/sllidar_ros2/package.dsv'
[1.807s] INFO:colcon.colcon_core.shell:Creating package script '/home/arno/RoombaV2CS/install/sllidar_ros2/share/sllidar_ros2/package.sh'
[1.808s] INFO:colcon.colcon_core.shell:Creating package script '/home/arno/RoombaV2CS/install/sllidar_ros2/share/sllidar_ros2/package.bash'
[1.810s] INFO:colcon.colcon_core.shell:Creating package script '/home/arno/RoombaV2CS/install/sllidar_ros2/share/sllidar_ros2/package.zsh'
[1.811s] Level 1:colcon.colcon_core.environment:create_file_with_runtime_dependencies(/home/arno/RoombaV2CS/install/sllidar_ros2/share/colcon-core/packages/sllidar_ros2)
[1.987s] Level 1:colcon.colcon_core.environment:create_environment_scripts_only(sllidar_ros2)
[1.988s] Level 1:colcon.colcon_core.environment:checking '/home/arno/RoombaV2CS/install/sllidar_ros2' for CMake module files
[1.989s] Level 1:colcon.colcon_core.environment:checking '/home/arno/RoombaV2CS/install/sllidar_ros2' for CMake config files
[1.990s] Level 1:colcon.colcon_core.shell:create_environment_hook('sllidar_ros2', 'cmake_prefix_path')
[1.990s] INFO:colcon.colcon_core.shell:Creating environment hook '/home/arno/RoombaV2CS/install/sllidar_ros2/share/sllidar_ros2/hook/cmake_prefix_path.ps1'
[1.991s] INFO:colcon.colcon_core.shell:Creating environment descriptor '/home/arno/RoombaV2CS/install/sllidar_ros2/share/sllidar_ros2/hook/cmake_prefix_path.dsv'
[1.992s] INFO:colcon.colcon_core.shell:Creating environment hook '/home/arno/RoombaV2CS/install/sllidar_ros2/share/sllidar_ros2/hook/cmake_prefix_path.sh'
[1.993s] Level 1:colcon.colcon_core.environment:checking '/home/arno/RoombaV2CS/install/sllidar_ros2/lib'
[1.993s] Level 1:colcon.colcon_core.environment:checking '/home/arno/RoombaV2CS/install/sllidar_ros2/bin'
[1.993s] Level 1:colcon.colcon_core.environment:checking '/home/arno/RoombaV2CS/install/sllidar_ros2/lib/pkgconfig/sllidar_ros2.pc'
[1.994s] Level 1:colcon.colcon_core.environment:checking '/home/arno/RoombaV2CS/install/sllidar_ros2/lib/python3.10/site-packages'
[1.995s] Level 1:colcon.colcon_core.environment:checking '/home/arno/RoombaV2CS/install/sllidar_ros2/bin'
[1.995s] INFO:colcon.colcon_core.shell:Creating package script '/home/arno/RoombaV2CS/install/sllidar_ros2/share/sllidar_ros2/package.ps1'
[1.996s] INFO:colcon.colcon_core.shell:Creating package descriptor '/home/arno/RoombaV2CS/install/sllidar_ros2/share/sllidar_ros2/package.dsv'
[1.997s] INFO:colcon.colcon_core.shell:Creating package script '/home/arno/RoombaV2CS/install/sllidar_ros2/share/sllidar_ros2/package.sh'
[1.998s] INFO:colcon.colcon_core.shell:Creating package script '/home/arno/RoombaV2CS/install/sllidar_ros2/share/sllidar_ros2/package.bash'
[1.999s] INFO:colcon.colcon_core.shell:Creating package script '/home/arno/RoombaV2CS/install/sllidar_ros2/share/sllidar_ros2/package.zsh'
[2.000s] Level 1:colcon.colcon_core.environment:create_file_with_runtime_dependencies(/home/arno/RoombaV2CS/install/sllidar_ros2/share/colcon-core/packages/sllidar_ros2)
[2.348s] DEBUG:colcon.colcon_core.event_handler.log_command:Invoking command in '/home/arno/RoombaV2CS/build/GUI': PYTHONPATH=/home/arno/RoombaV2CS/build/GUI/prefix_override:/usr/lib/python3/dist-packages/colcon_core/task/python/colcon_distutils_commands:/home/arno/RoombaV2CS/install/GUI/lib/python3.10/site-packages:${PYTHONPATH} /usr/bin/python3 -W ignore:setup.py install is deprecated setup.py develop --editable --build-directory /home/arno/RoombaV2CS/build/GUI/build --no-deps symlink_data
[2.382s] DEBUG:colcon.colcon_core.event_handler.log_command:Invoking command in '/home/arno/RoombaV2CS/build/controller_input': PYTHONPATH=/home/arno/RoombaV2CS/build/controller_input/prefix_override:/usr/lib/python3/dist-packages/colcon_core/task/python/colcon_distutils_commands:/home/arno/RoombaV2CS/install/controller_input/lib/python3.10/site-packages:${PYTHONPATH} /usr/bin/python3 -W ignore:setup.py install is deprecated setup.py develop --editable --build-directory /home/arno/RoombaV2CS/build/controller_input/build --no-deps symlink_data
[2.389s] DEBUG:colcon.colcon_core.event_handler.log_command:Invoking command in '/home/arno/RoombaV2CS/build/RoverInput': PYTHONPATH=/home/arno/RoombaV2CS/build/RoverInput/prefix_override:/usr/lib/python3/dist-packages/colcon_core/task/python/colcon_distutils_commands:/home/arno/RoombaV2CS/install/RoverInput/lib/python3.10/site-packages:${PYTHONPATH} /usr/bin/python3 -W ignore:setup.py install is deprecated setup.py develop --editable --build-directory /home/arno/RoombaV2CS/build/RoverInput/build --no-deps symlink_data
[2.405s] DEBUG:colcon.colcon_core.event_handler.log_command:Invoking command in '/home/arno/RoombaV2CS/build/stream_receiver': PYTHONPATH=/home/arno/RoombaV2CS/build/stream_receiver/prefix_override:/usr/lib/python3/dist-packages/colcon_core/task/python/colcon_distutils_commands:/home/arno/RoombaV2CS/install/stream_receiver/lib/python3.10/site-packages:${PYTHONPATH} /usr/bin/python3 -W ignore:setup.py install is deprecated setup.py develop --editable --build-directory /home/arno/RoombaV2CS/build/stream_receiver/build --no-deps symlink_data
[3.140s] Level 1:colcon.colcon_core.shell:create_environment_hook('controller_input', 'pythonpath_develop')
[3.141s] INFO:colcon.colcon_core.shell:Creating environment hook '/home/arno/RoombaV2CS/build/controller_input/share/controller_input/hook/pythonpath_develop.ps1'
[3.142s] DEBUG:colcon.colcon_core.event_handler.log_command:Invoked command in '/home/arno/RoombaV2CS/build/controller_input' returned '0': PYTHONPATH=/home/arno/RoombaV2CS/build/controller_input/prefix_override:/usr/lib/python3/dist-packages/colcon_core/task/python/colcon_distutils_commands:/home/arno/RoombaV2CS/install/controller_input/lib/python3.10/site-packages:${PYTHONPATH} /usr/bin/python3 -W ignore:setup.py install is deprecated setup.py develop --editable --build-directory /home/arno/RoombaV2CS/build/controller_input/build --no-deps symlink_data
[3.143s] INFO:colcon.colcon_core.shell:Creating environment descriptor '/home/arno/RoombaV2CS/build/controller_input/share/controller_input/hook/pythonpath_develop.dsv'
[3.144s] INFO:colcon.colcon_core.shell:Creating environment hook '/home/arno/RoombaV2CS/build/controller_input/share/controller_input/hook/pythonpath_develop.sh'
[3.145s] Level 1:colcon.colcon_core.environment:checking '/home/arno/RoombaV2CS/install/controller_input' for CMake module files
[3.146s] Level 1:colcon.colcon_core.environment:checking '/home/arno/RoombaV2CS/install/controller_input' for CMake config files
[3.147s] Level 1:colcon.colcon_core.environment:checking '/home/arno/RoombaV2CS/install/controller_input/lib'
[3.147s] Level 1:colcon.colcon_core.environment:checking '/home/arno/RoombaV2CS/install/controller_input/bin'
[3.147s] Level 1:colcon.colcon_core.environment:checking '/home/arno/RoombaV2CS/install/controller_input/lib/pkgconfig/controller_input.pc'
[3.148s] Level 1:colcon.colcon_core.environment:checking '/home/arno/RoombaV2CS/install/controller_input/lib/python3.10/site-packages'
[3.148s] Level 1:colcon.colcon_core.shell:create_environment_hook('controller_input', 'pythonpath')
[3.149s] INFO:colcon.colcon_core.shell:Creating environment hook '/home/arno/RoombaV2CS/install/controller_input/share/controller_input/hook/pythonpath.ps1'
[3.149s] INFO:colcon.colcon_core.shell:Creating environment descriptor '/home/arno/RoombaV2CS/install/controller_input/share/controller_input/hook/pythonpath.dsv'
[3.150s] INFO:colcon.colcon_core.shell:Creating environment hook '/home/arno/RoombaV2CS/install/controller_input/share/controller_input/hook/pythonpath.sh'
[3.151s] Level 1:colcon.colcon_core.environment:checking '/home/arno/RoombaV2CS/install/controller_input/bin'
[3.152s] Level 1:colcon.colcon_core.environment:create_environment_scripts_only(controller_input)
[3.153s] INFO:colcon.colcon_core.shell:Creating package script '/home/arno/RoombaV2CS/install/controller_input/share/controller_input/package.ps1'
[3.154s] INFO:colcon.colcon_core.shell:Creating package descriptor '/home/arno/RoombaV2CS/install/controller_input/share/controller_input/package.dsv'
[3.155s] INFO:colcon.colcon_core.shell:Creating package script '/home/arno/RoombaV2CS/install/controller_input/share/controller_input/package.sh'
[3.156s] INFO:colcon.colcon_core.shell:Creating package script '/home/arno/RoombaV2CS/install/controller_input/share/controller_input/package.bash'
[3.156s] INFO:colcon.colcon_core.shell:Creating package script '/home/arno/RoombaV2CS/install/controller_input/share/controller_input/package.zsh'
[3.157s] Level 1:colcon.colcon_core.environment:create_file_with_runtime_dependencies(/home/arno/RoombaV2CS/install/controller_input/share/colcon-core/packages/controller_input)
[3.159s] Level 1:colcon.colcon_core.shell:create_environment_hook('RoverInput', 'pythonpath_develop')
[3.159s] INFO:colcon.colcon_core.shell:Creating environment hook '/home/arno/RoombaV2CS/build/RoverInput/share/RoverInput/hook/pythonpath_develop.ps1'
[3.160s] DEBUG:colcon.colcon_core.event_handler.log_command:Invoked command in '/home/arno/RoombaV2CS/build/RoverInput' returned '0': PYTHONPATH=/home/arno/RoombaV2CS/build/RoverInput/prefix_override:/usr/lib/python3/dist-packages/colcon_core/task/python/colcon_distutils_commands:/home/arno/RoombaV2CS/install/RoverInput/lib/python3.10/site-packages:${PYTHONPATH} /usr/bin/python3 -W ignore:setup.py install is deprecated setup.py develop --editable --build-directory /home/arno/RoombaV2CS/build/RoverInput/build --no-deps symlink_data
[3.161s] INFO:colcon.colcon_core.shell:Creating environment descriptor '/home/arno/RoombaV2CS/build/RoverInput/share/RoverInput/hook/pythonpath_develop.dsv'
[3.161s] INFO:colcon.colcon_core.shell:Creating environment hook '/home/arno/RoombaV2CS/build/RoverInput/share/RoverInput/hook/pythonpath_develop.sh'
[3.163s] Level 1:colcon.colcon_core.environment:checking '/home/arno/RoombaV2CS/install/RoverInput' for CMake module files
[3.164s] Level 1:colcon.colcon_core.environment:checking '/home/arno/RoombaV2CS/install/RoverInput' for CMake config files
[3.164s] Level 1:colcon.colcon_core.environment:checking '/home/arno/RoombaV2CS/install/RoverInput/lib'
[3.165s] Level 1:colcon.colcon_core.environment:checking '/home/arno/RoombaV2CS/install/RoverInput/bin'
[3.165s] Level 1:colcon.colcon_core.environment:checking '/home/arno/RoombaV2CS/install/RoverInput/lib/pkgconfig/RoverInput.pc'
[3.165s] Level 1:colcon.colcon_core.environment:checking '/home/arno/RoombaV2CS/install/RoverInput/lib/python3.10/site-packages'
[3.165s] Level 1:colcon.colcon_core.shell:create_environment_hook('RoverInput', 'pythonpath')
[3.166s] INFO:colcon.colcon_core.shell:Creating environment hook '/home/arno/RoombaV2CS/install/RoverInput/share/RoverInput/hook/pythonpath.ps1'
[3.167s] INFO:colcon.colcon_core.shell:Creating environment descriptor '/home/arno/RoombaV2CS/install/RoverInput/share/RoverInput/hook/pythonpath.dsv'
[3.167s] INFO:colcon.colcon_core.shell:Creating environment hook '/home/arno/RoombaV2CS/install/RoverInput/share/RoverInput/hook/pythonpath.sh'
[3.168s] Level 1:colcon.colcon_core.environment:checking '/home/arno/RoombaV2CS/install/RoverInput/bin'
[3.169s] Level 1:colcon.colcon_core.environment:create_environment_scripts_only(RoverInput)
[3.170s] INFO:colcon.colcon_core.shell:Creating package script '/home/arno/RoombaV2CS/install/RoverInput/share/RoverInput/package.ps1'
[3.171s] INFO:colcon.colcon_core.shell:Creating package descriptor '/home/arno/RoombaV2CS/install/RoverInput/share/RoverInput/package.dsv'
[3.172s] INFO:colcon.colcon_core.shell:Creating package script '/home/arno/RoombaV2CS/install/RoverInput/share/RoverInput/package.sh'
[3.173s] INFO:colcon.colcon_core.shell:Creating package script '/home/arno/RoombaV2CS/install/RoverInput/share/RoverInput/package.bash'
[3.174s] INFO:colcon.colcon_core.shell:Creating package script '/home/arno/RoombaV2CS/install/RoverInput/share/RoverInput/package.zsh'
[3.174s] Level 1:colcon.colcon_core.environment:create_file_with_runtime_dependencies(/home/arno/RoombaV2CS/install/RoverInput/share/colcon-core/packages/RoverInput)
[3.176s] Level 1:colcon.colcon_core.shell:create_environment_hook('stream_receiver', 'pythonpath_develop')
[3.176s] INFO:colcon.colcon_core.shell:Creating environment hook '/home/arno/RoombaV2CS/build/stream_receiver/share/stream_receiver/hook/pythonpath_develop.ps1'
[3.177s] DEBUG:colcon.colcon_core.event_handler.log_command:Invoked command in '/home/arno/RoombaV2CS/build/stream_receiver' returned '0': PYTHONPATH=/home/arno/RoombaV2CS/build/stream_receiver/prefix_override:/usr/lib/python3/dist-packages/colcon_core/task/python/colcon_distutils_commands:/home/arno/RoombaV2CS/install/stream_receiver/lib/python3.10/site-packages:${PYTHONPATH} /usr/bin/python3 -W ignore:setup.py install is deprecated setup.py develop --editable --build-directory /home/arno/RoombaV2CS/build/stream_receiver/build --no-deps symlink_data
[3.177s] INFO:colcon.colcon_core.shell:Creating environment descriptor '/home/arno/RoombaV2CS/build/stream_receiver/share/stream_receiver/hook/pythonpath_develop.dsv'
[3.177s] INFO:colcon.colcon_core.shell:Creating environment hook '/home/arno/RoombaV2CS/build/stream_receiver/share/stream_receiver/hook/pythonpath_develop.sh'
[3.178s] Level 1:colcon.colcon_core.environment:checking '/home/arno/RoombaV2CS/install/stream_receiver' for CMake module files
[3.179s] Level 1:colcon.colcon_core.environment:checking '/home/arno/RoombaV2CS/install/stream_receiver' for CMake config files
[3.179s] Level 1:colcon.colcon_core.environment:checking '/home/arno/RoombaV2CS/install/stream_receiver/lib'
[3.179s] Level 1:colcon.colcon_core.environment:checking '/home/arno/RoombaV2CS/install/stream_receiver/bin'
[3.179s] Level 1:colcon.colcon_core.environment:checking '/home/arno/RoombaV2CS/install/stream_receiver/lib/pkgconfig/stream_receiver.pc'
[3.180s] Level 1:colcon.colcon_core.environment:checking '/home/arno/RoombaV2CS/install/stream_receiver/lib/python3.10/site-packages'
[3.180s] Level 1:colcon.colcon_core.shell:create_environment_hook('stream_receiver', 'pythonpath')
[3.180s] INFO:colcon.colcon_core.shell:Creating environment hook '/home/arno/RoombaV2CS/install/stream_receiver/share/stream_receiver/hook/pythonpath.ps1'
[3.180s] INFO:colcon.colcon_core.shell:Creating environment descriptor '/home/arno/RoombaV2CS/install/stream_receiver/share/stream_receiver/hook/pythonpath.dsv'
[3.181s] INFO:colcon.colcon_core.shell:Creating environment hook '/home/arno/RoombaV2CS/install/stream_receiver/share/stream_receiver/hook/pythonpath.sh'
[3.181s] Level 1:colcon.colcon_core.environment:checking '/home/arno/RoombaV2CS/install/stream_receiver/bin'
[3.181s] Level 1:colcon.colcon_core.environment:create_environment_scripts_only(stream_receiver)
[3.182s] INFO:colcon.colcon_core.shell:Creating package script '/home/arno/RoombaV2CS/install/stream_receiver/share/stream_receiver/package.ps1'
[3.182s] INFO:colcon.colcon_core.shell:Creating package descriptor '/home/arno/RoombaV2CS/install/stream_receiver/share/stream_receiver/package.dsv'
[3.183s] INFO:colcon.colcon_core.shell:Creating package script '/home/arno/RoombaV2CS/install/stream_receiver/share/stream_receiver/package.sh'
[3.183s] INFO:colcon.colcon_core.shell:Creating package script '/home/arno/RoombaV2CS/install/stream_receiver/share/stream_receiver/package.bash'
[3.184s] INFO:colcon.colcon_core.shell:Creating package script '/home/arno/RoombaV2CS/install/stream_receiver/share/stream_receiver/package.zsh'
[3.184s] Level 1:colcon.colcon_core.environment:create_file_with_runtime_dependencies(/home/arno/RoombaV2CS/install/stream_receiver/share/colcon-core/packages/stream_receiver)
[3.185s] Level 1:colcon.colcon_core.shell:create_environment_hook('GUI', 'pythonpath_develop')
[3.186s] INFO:colcon.colcon_core.shell:Creating environment hook '/home/arno/RoombaV2CS/build/GUI/share/GUI/hook/pythonpath_develop.ps1'
[3.186s] DEBUG:colcon.colcon_core.event_handler.log_command:Invoked command in '/home/arno/RoombaV2CS/build/GUI' returned '0': PYTHONPATH=/home/arno/RoombaV2CS/build/GUI/prefix_override:/usr/lib/python3/dist-packages/colcon_core/task/python/colcon_distutils_commands:/home/arno/RoombaV2CS/install/GUI/lib/python3.10/site-packages:${PYTHONPATH} /usr/bin/python3 -W ignore:setup.py install is deprecated setup.py develop --editable --build-directory /home/arno/RoombaV2CS/build/GUI/build --no-deps symlink_data
[3.187s] INFO:colcon.colcon_core.shell:Creating environment descriptor '/home/arno/RoombaV2CS/build/GUI/share/GUI/hook/pythonpath_develop.dsv'
[3.187s] INFO:colcon.colcon_core.shell:Creating environment hook '/home/arno/RoombaV2CS/build/GUI/share/GUI/hook/pythonpath_develop.sh'
[3.188s] Level 1:colcon.colcon_core.environment:checking '/home/arno/RoombaV2CS/install/GUI' for CMake module files
[3.188s] Level 1:colcon.colcon_core.environment:checking '/home/arno/RoombaV2CS/install/GUI' for CMake config files
[3.188s] Level 1:colcon.colcon_core.environment:checking '/home/arno/RoombaV2CS/install/GUI/lib'
[3.189s] Level 1:colcon.colcon_core.environment:checking '/home/arno/RoombaV2CS/install/GUI/bin'
[3.189s] Level 1:colcon.colcon_core.environment:checking '/home/arno/RoombaV2CS/install/GUI/lib/pkgconfig/GUI.pc'
[3.189s] Level 1:colcon.colcon_core.environment:checking '/home/arno/RoombaV2CS/install/GUI/lib/python3.10/site-packages'
[3.189s] Level 1:colcon.colcon_core.shell:create_environment_hook('GUI', 'pythonpath')
[3.189s] INFO:colcon.colcon_core.shell:Creating environment hook '/home/arno/RoombaV2CS/install/GUI/share/GUI/hook/pythonpath.ps1'
[3.190s] INFO:colcon.colcon_core.shell:Creating environment descriptor '/home/arno/RoombaV2CS/install/GUI/share/GUI/hook/pythonpath.dsv'
[3.190s] INFO:colcon.colcon_core.shell:Creating environment hook '/home/arno/RoombaV2CS/install/GUI/share/GUI/hook/pythonpath.sh'
[3.191s] Level 1:colcon.colcon_core.environment:checking '/home/arno/RoombaV2CS/install/GUI/bin'
[3.191s] Level 1:colcon.colcon_core.environment:create_environment_scripts_only(GUI)
[3.191s] INFO:colcon.colcon_core.shell:Creating package script '/home/arno/RoombaV2CS/install/GUI/share/GUI/package.ps1'
[3.192s] INFO:colcon.colcon_core.shell:Creating package descriptor '/home/arno/RoombaV2CS/install/GUI/share/GUI/package.dsv'
[3.192s] INFO:colcon.colcon_core.shell:Creating package script '/home/arno/RoombaV2CS/install/GUI/share/GUI/package.sh'
[3.193s] INFO:colcon.colcon_core.shell:Creating package script '/home/arno/RoombaV2CS/install/GUI/share/GUI/package.bash'
[3.193s] INFO:colcon.colcon_core.shell:Creating package script '/home/arno/RoombaV2CS/install/GUI/share/GUI/package.zsh'
[3.193s] Level 1:colcon.colcon_core.environment:create_file_with_runtime_dependencies(/home/arno/RoombaV2CS/install/GUI/share/colcon-core/packages/GUI)
[3.193s] DEBUG:colcon.colcon_parallel_executor.executor.parallel:closing loop
[3.194s] DEBUG:colcon.colcon_parallel_executor.executor.parallel:loop closed
[3.194s] DEBUG:colcon.colcon_parallel_executor.executor.parallel:run_until_complete finished with '0'
[3.194s] DEBUG:colcon.colcon_core.event_reactor:joining thread
[3.199s] INFO:colcon.colcon_core.plugin_system:Skipping extension 'colcon_notification.desktop_notification.terminal_notifier': Not used on non-Darwin systems
[3.200s] INFO:colcon.colcon_core.plugin_system:Skipping extension 'colcon_notification.desktop_notification.win32': Not used on non-Windows systems
[3.200s] INFO:colcon.colcon_notification.desktop_notification:Sending desktop notification using 'notify2'
[3.210s] DEBUG:colcon.colcon_core.event_reactor:joined thread
[3.210s] INFO:colcon.colcon_core.shell:Creating prefix script '/home/arno/RoombaV2CS/install/local_setup.ps1'
[3.211s] INFO:colcon.colcon_core.shell:Creating prefix util module '/home/arno/RoombaV2CS/install/_local_setup_util_ps1.py'
[3.212s] INFO:colcon.colcon_core.shell:Creating prefix chain script '/home/arno/RoombaV2CS/install/setup.ps1'
[3.214s] INFO:colcon.colcon_core.shell:Creating prefix script '/home/arno/RoombaV2CS/install/local_setup.sh'
[3.215s] INFO:colcon.colcon_core.shell:Creating prefix util module '/home/arno/RoombaV2CS/install/_local_setup_util_sh.py'
[3.215s] INFO:colcon.colcon_core.shell:Creating prefix chain script '/home/arno/RoombaV2CS/install/setup.sh'
[3.217s] INFO:colcon.colcon_core.shell:Creating prefix script '/home/arno/RoombaV2CS/install/local_setup.bash'
[3.218s] INFO:colcon.colcon_core.shell:Creating prefix chain script '/home/arno/RoombaV2CS/install/setup.bash'
[3.219s] INFO:colcon.colcon_core.shell:Creating prefix script '/home/arno/RoombaV2CS/install/local_setup.zsh'
[3.220s] INFO:colcon.colcon_core.shell:Creating prefix chain script '/home/arno/RoombaV2CS/install/setup.zsh'
