[1.959s] Invoking command in '/home/arno/RoombaV2CS/build/RoverInput': PYTHONPATH=/home/arno/RoombaV2CS/build/RoverInput/prefix_override:/usr/lib/python3/dist-packages/colcon_core/task/python/colcon_distutils_commands:/home/arno/RoombaV2CS/install/RoverInput/lib/python3.10/site-packages:${PYTHONPATH} /usr/bin/python3 -W ignore:setup.py install is deprecated setup.py develop --editable --build-directory /home/arno/RoombaV2CS/build/RoverInput/build --no-deps symlink_data --force
[2.481s] running develop
[2.483s] /usr/lib/python3/dist-packages/setuptools/command/easy_install.py:158: EasyInstallDeprecationWarning: easy_install command is deprecated. Use build and pip and other standards-based tools.
[2.484s]   warnings.warn(
[2.782s] running egg_info
[2.782s] writing RoverInput.egg-info/PKG-INFO
[2.783s] writing dependency_links to RoverInput.egg-info/dependency_links.txt
[2.783s] writing entry points to RoverInput.egg-info/entry_points.txt
[2.784s] writing requirements to RoverInput.egg-info/requires.txt
[2.784s] writing top-level names to RoverInput.egg-info/top_level.txt
[2.787s] reading manifest file 'RoverInput.egg-info/SOURCES.txt'
[2.788s] writing manifest file 'RoverInput.egg-info/SOURCES.txt'
[2.790s] running build_ext
[2.791s] Creating /home/arno/RoombaV2CS/install/RoverInput/lib/python3.10/site-packages/RoverInput.egg-link (link to .)
[2.792s] Installing input_node script to /home/arno/RoombaV2CS/install/RoverInput/lib/RoverInput
[2.792s] 
[2.792s] Installed /home/arno/RoombaV2CS/build/RoverInput
[2.793s] running symlink_data
[2.793s] symbolically linking /home/arno/RoombaV2CS/build/RoverInput/resource/RoverInput -> /home/arno/RoombaV2CS/install/RoverInput/share/ament_index/resource_index/packages
[2.793s] symbolically linking /home/arno/RoombaV2CS/build/RoverInput/package.xml -> /home/arno/RoombaV2CS/install/RoverInput/share/RoverInput
[2.841s] Invoked command in '/home/arno/RoombaV2CS/build/RoverInput' returned '0': PYTHONPATH=/home/arno/RoombaV2CS/build/RoverInput/prefix_override:/usr/lib/python3/dist-packages/colcon_core/task/python/colcon_distutils_commands:/home/arno/RoombaV2CS/install/RoverInput/lib/python3.10/site-packages:${PYTHONPATH} /usr/bin/python3 -W ignore:setup.py install is deprecated setup.py develop --editable --build-directory /home/arno/RoombaV2CS/build/RoverInput/build --no-deps symlink_data --force
