[2.303s] Invoking command in '/home/arno/RoombaV2CS/build/GUI': PYTHONPATH=/home/arno/RoombaV2CS/build/GUI/prefix_override:/usr/lib/python3/dist-packages/colcon_core/task/python/colcon_distutils_commands:/home/arno/RoombaV2CS/install/GUI/lib/python3.10/site-packages:${PYTHONPATH} /usr/bin/python3 -W ignore:setup.py install is deprecated setup.py develop --editable --build-directory /home/arno/RoombaV2CS/build/GUI/build --no-deps symlink_data
[2.846s] running develop
[2.847s] /usr/lib/python3/dist-packages/setuptools/command/easy_install.py:158: EasyInstallDeprecationWarning: easy_install command is deprecated. Use build and pip and other standards-based tools.
[2.847s]   warnings.warn(
[3.206s] running egg_info
[3.206s] writing GUI.egg-info/PKG-INFO
[3.206s] writing dependency_links to GUI.egg-info/dependency_links.txt
[3.206s] writing entry points to GUI.egg-info/entry_points.txt
[3.207s] writing requirements to GUI.egg-info/requires.txt
[3.207s] writing top-level names to GUI.egg-info/top_level.txt
[3.210s] reading manifest file 'GUI.egg-info/SOURCES.txt'
[3.211s] writing manifest file 'GUI.egg-info/SOURCES.txt'
[3.214s] running build_ext
[3.214s] Creating /home/arno/RoombaV2CS/install/GUI/lib/python3.10/site-packages/GUI.egg-link (link to .)
[3.216s] Installing fake_map_pub script to /home/arno/RoombaV2CS/install/GUI/lib/GUI
[3.218s] Installing gui script to /home/arno/RoombaV2CS/install/GUI/lib/GUI
[3.218s] 
[3.218s] Installed /home/arno/RoombaV2CS/build/GUI
[3.219s] running symlink_data
[3.267s] Invoked command in '/home/arno/RoombaV2CS/build/GUI' returned '0': PYTHONPATH=/home/arno/RoombaV2CS/build/GUI/prefix_override:/usr/lib/python3/dist-packages/colcon_core/task/python/colcon_distutils_commands:/home/arno/RoombaV2CS/install/GUI/lib/python3.10/site-packages:${PYTHONPATH} /usr/bin/python3 -W ignore:setup.py install is deprecated setup.py develop --editable --build-directory /home/arno/RoombaV2CS/build/GUI/build --no-deps symlink_data
