running egg_info
writing ../../build/GUI/GUI.egg-info/PKG-INFO
writing dependency_links to ../../build/GUI/GUI.egg-info/dependency_links.txt
writing entry points to ../../build/GUI/GUI.egg-info/entry_points.txt
writing requirements to ../../build/GUI/GUI.egg-info/requires.txt
writing top-level names to ../../build/GUI/GUI.egg-info/top_level.txt
reading manifest file '../../build/GUI/GUI.egg-info/SOURCES.txt'
writing manifest file '../../build/GUI/GUI.egg-info/SOURCES.txt'
running build
running build_py
copying GUI/fake_occupancy_grid_publisher.py -> /home/arno/RoombaV2CS/build/GUI/build/lib/GUI
copying GUI/gui.py -> /home/arno/RoombaV2CS/build/GUI/build/lib/GUI
running install
running install_lib
copying /home/arno/RoombaV2CS/build/GUI/build/lib/GUI/fake_occupancy_grid_publisher.py -> /home/arno/RoombaV2CS/install/GUI/lib/python3.10/site-packages/GUI
copying /home/arno/RoombaV2CS/build/GUI/build/lib/GUI/gui.py -> /home/arno/RoombaV2CS/install/GUI/lib/python3.10/site-packages/GUI
byte-compiling /home/arno/RoombaV2CS/install/GUI/lib/python3.10/site-packages/GUI/fake_occupancy_grid_publisher.py to fake_occupancy_grid_publisher.cpython-310.pyc
byte-compiling /home/arno/RoombaV2CS/install/GUI/lib/python3.10/site-packages/GUI/gui.py to gui.cpython-310.pyc
running install_data
running install_egg_info
removing '/home/arno/RoombaV2CS/install/GUI/lib/python3.10/site-packages/GUI-0.0.1-py3.10.egg-info' (and everything under it)
Copying ../../build/GUI/GUI.egg-info to /home/arno/RoombaV2CS/install/GUI/lib/python3.10/site-packages/GUI-0.0.1-py3.10.egg-info
running install_scripts
Installing fake_map_pub script to /home/arno/RoombaV2CS/install/GUI/lib/GUI
Installing gui script to /home/arno/RoombaV2CS/install/GUI/lib/GUI
writing list of installed files to '/home/arno/RoombaV2CS/build/GUI/install.log'
