[2.251s] Invoking command in '/home/arno/RoombaV2CS/src/RoverInput': PYTHONPATH=/home/arno/RoombaV2CS/build/RoverInput/prefix_override:/usr/lib/python3/dist-packages/colcon_core/task/python/colcon_distutils_commands:/home/arno/RoombaV2CS/install/RoverInput/lib/python3.10/site-packages:${PYTHONPATH} /usr/bin/python3 -W ignore:setup.py install is deprecated setup.py egg_info --egg-base ../../build/RoverInput build --build-base /home/arno/RoombaV2CS/build/RoverInput/build install --record /home/arno/RoombaV2CS/build/RoverInput/install.log --single-version-externally-managed install_data
[2.661s] running egg_info
[2.662s] creating ../../build/RoverInput/RoverInput.egg-info
[2.662s] writing ../../build/RoverInput/RoverInput.egg-info/PKG-INFO
[2.663s] writing dependency_links to ../../build/RoverInput/RoverInput.egg-info/dependency_links.txt
[2.663s] writing entry points to ../../build/RoverInput/RoverInput.egg-info/entry_points.txt
[2.663s] writing requirements to ../../build/RoverInput/RoverInput.egg-info/requires.txt
[2.663s] writing top-level names to ../../build/RoverInput/RoverInput.egg-info/top_level.txt
[2.663s] writing manifest file '../../build/RoverInput/RoverInput.egg-info/SOURCES.txt'
[2.666s] reading manifest file '../../build/RoverInput/RoverInput.egg-info/SOURCES.txt'
[2.666s] adding license file 'LICENSE'
[2.667s] writing manifest file '../../build/RoverInput/RoverInput.egg-info/SOURCES.txt'
[2.667s] running build
[2.667s] running build_py
[2.669s] creating /home/arno/RoombaV2CS/build/RoverInput/build
[2.669s] creating /home/arno/RoombaV2CS/build/RoverInput/build/lib
[2.669s] creating /home/arno/RoombaV2CS/build/RoverInput/build/lib/RoverInput
[2.669s] copying RoverInput/input_node.py -> /home/arno/RoombaV2CS/build/RoverInput/build/lib/RoverInput
[2.669s] copying RoverInput/__init__.py -> /home/arno/RoombaV2CS/build/RoverInput/build/lib/RoverInput
[2.670s] running install
[2.670s] running install_lib
[2.671s] creating /home/arno/RoombaV2CS/install/RoverInput/lib/python3.10/site-packages/RoverInput
[2.671s] copying /home/arno/RoombaV2CS/build/RoverInput/build/lib/RoverInput/input_node.py -> /home/arno/RoombaV2CS/install/RoverInput/lib/python3.10/site-packages/RoverInput
[2.671s] copying /home/arno/RoombaV2CS/build/RoverInput/build/lib/RoverInput/__init__.py -> /home/arno/RoombaV2CS/install/RoverInput/lib/python3.10/site-packages/RoverInput
[2.672s] byte-compiling /home/arno/RoombaV2CS/install/RoverInput/lib/python3.10/site-packages/RoverInput/input_node.py to input_node.cpython-310.pyc
[2.673s] byte-compiling /home/arno/RoombaV2CS/install/RoverInput/lib/python3.10/site-packages/RoverInput/__init__.py to __init__.cpython-310.pyc
[2.673s] running install_data
[2.673s] creating /home/arno/RoombaV2CS/install/RoverInput/share/ament_index
[2.674s] creating /home/arno/RoombaV2CS/install/RoverInput/share/ament_index/resource_index
[2.674s] creating /home/arno/RoombaV2CS/install/RoverInput/share/ament_index/resource_index/packages
[2.674s] copying resource/RoverInput -> /home/arno/RoombaV2CS/install/RoverInput/share/ament_index/resource_index/packages
[2.674s] copying package.xml -> /home/arno/RoombaV2CS/install/RoverInput/share/RoverInput
[2.674s] running install_egg_info
[2.676s] Copying ../../build/RoverInput/RoverInput.egg-info to /home/arno/RoombaV2CS/install/RoverInput/lib/python3.10/site-packages/RoverInput-0.0.0-py3.10.egg-info
[2.677s] running install_scripts
[2.706s] Installing input_node script to /home/arno/RoombaV2CS/install/RoverInput/lib/RoverInput
[2.707s] writing list of installed files to '/home/arno/RoombaV2CS/build/RoverInput/install.log'
[2.744s] Invoked command in '/home/arno/RoombaV2CS/src/RoverInput' returned '0': PYTHONPATH=/home/arno/RoombaV2CS/build/RoverInput/prefix_override:/usr/lib/python3/dist-packages/colcon_core/task/python/colcon_distutils_commands:/home/arno/RoombaV2CS/install/RoverInput/lib/python3.10/site-packages:${PYTHONPATH} /usr/bin/python3 -W ignore:setup.py install is deprecated setup.py egg_info --egg-base ../../build/RoverInput build --build-base /home/arno/RoombaV2CS/build/RoverInput/build install --record /home/arno/RoombaV2CS/build/RoverInput/install.log --single-version-externally-managed install_data
