[2.270s] Invoking command in '/home/arno/RoombaV2CS/src/controller_input': PYTHONPATH=/home/arno/RoombaV2CS/build/controller_input/prefix_override:/usr/lib/python3/dist-packages/colcon_core/task/python/colcon_distutils_commands:/home/arno/RoombaV2CS/install/controller_input/lib/python3.10/site-packages:${PYTHONPATH} /usr/bin/python3 -W ignore:setup.py install is deprecated setup.py egg_info --egg-base ../../build/controller_input build --build-base /home/arno/RoombaV2CS/build/controller_input/build install --record /home/arno/RoombaV2CS/build/controller_input/install.log --single-version-externally-managed install_data
[2.698s] running egg_info
[2.699s] creating ../../build/controller_input/controller_input.egg-info
[2.700s] writing ../../build/controller_input/controller_input.egg-info/PKG-INFO
[2.700s] writing dependency_links to ../../build/controller_input/controller_input.egg-info/dependency_links.txt
[2.700s] writing entry points to ../../build/controller_input/controller_input.egg-info/entry_points.txt
[2.701s] writing requirements to ../../build/controller_input/controller_input.egg-info/requires.txt
[2.701s] writing top-level names to ../../build/controller_input/controller_input.egg-info/top_level.txt
[2.701s] writing manifest file '../../build/controller_input/controller_input.egg-info/SOURCES.txt'
[2.703s] reading manifest file '../../build/controller_input/controller_input.egg-info/SOURCES.txt'
[2.703s] adding license file 'LICENSE'
[2.706s] writing manifest file '../../build/controller_input/controller_input.egg-info/SOURCES.txt'
[2.706s] running build
[2.706s] running build_py
[2.706s] creating /home/arno/RoombaV2CS/build/controller_input/build
[2.707s] creating /home/arno/RoombaV2CS/build/controller_input/build/lib
[2.707s] creating /home/arno/RoombaV2CS/build/controller_input/build/lib/controller_input
[2.707s] copying controller_input/__init__.py -> /home/arno/RoombaV2CS/build/controller_input/build/lib/controller_input
[2.707s] running install
[2.707s] running install_lib
[2.708s] creating /home/arno/RoombaV2CS/install/controller_input/lib/python3.10/site-packages/controller_input
[2.708s] copying /home/arno/RoombaV2CS/build/controller_input/build/lib/controller_input/__init__.py -> /home/arno/RoombaV2CS/install/controller_input/lib/python3.10/site-packages/controller_input
[2.709s] byte-compiling /home/arno/RoombaV2CS/install/controller_input/lib/python3.10/site-packages/controller_input/__init__.py to __init__.cpython-310.pyc
[2.709s] running install_data
[2.709s] copying package.xml -> /home/arno/RoombaV2CS/install/controller_input/share/controller_input
[2.709s] creating /home/arno/RoombaV2CS/install/controller_input/share/controller_input/launch
[2.710s] copying launch/joystick.launch.py -> /home/arno/RoombaV2CS/install/controller_input/share/controller_input/launch
[2.710s] creating /home/arno/RoombaV2CS/install/controller_input/share/controller_input/config
[2.710s] copying config/joystick_params.yaml -> /home/arno/RoombaV2CS/install/controller_input/share/controller_input/config
[2.710s] running install_egg_info
[2.712s] Copying ../../build/controller_input/controller_input.egg-info to /home/arno/RoombaV2CS/install/controller_input/lib/python3.10/site-packages/controller_input-0.0.0-py3.10.egg-info
[2.713s] running install_scripts
[2.745s] writing list of installed files to '/home/arno/RoombaV2CS/build/controller_input/install.log'
[2.782s] Invoked command in '/home/arno/RoombaV2CS/src/controller_input' returned '0': PYTHONPATH=/home/arno/RoombaV2CS/build/controller_input/prefix_override:/usr/lib/python3/dist-packages/colcon_core/task/python/colcon_distutils_commands:/home/arno/RoombaV2CS/install/controller_input/lib/python3.10/site-packages:${PYTHONPATH} /usr/bin/python3 -W ignore:setup.py install is deprecated setup.py egg_info --egg-base ../../build/controller_input build --build-base /home/arno/RoombaV2CS/build/controller_input/build install --record /home/arno/RoombaV2CS/build/controller_input/install.log --single-version-externally-managed install_data
