[1.003s] Invoking command in '/home/arno/RoombaV2CS/src/RoverInput': PYTHONPATH=/home/arno/RoombaV2CS/build/RoverInput/prefix_override:/usr/lib/python3/dist-packages/colcon_core/task/python/colcon_distutils_commands:/home/arno/RoombaV2CS/install/RoverInput/lib/python3.10/site-packages:${PYTHONPATH} /usr/bin/python3 -W ignore:setup.py install is deprecated setup.py egg_info --egg-base ../../build/RoverInput build --build-base /home/arno/RoombaV2CS/build/RoverInput/build install --record /home/arno/RoombaV2CS/build/RoverInput/install.log --single-version-externally-managed install_data
[1.271s] running egg_info
[1.271s] writing ../../build/RoverInput/RoverInput.egg-info/PKG-INFO
[1.272s] writing dependency_links to ../../build/RoverInput/RoverInput.egg-info/dependency_links.txt
[1.272s] writing entry points to ../../build/RoverInput/RoverInput.egg-info/entry_points.txt
[1.272s] writing requirements to ../../build/RoverInput/RoverInput.egg-info/requires.txt
[1.272s] writing top-level names to ../../build/RoverInput/RoverInput.egg-info/top_level.txt
[1.274s] reading manifest file '../../build/RoverInput/RoverInput.egg-info/SOURCES.txt'
[1.274s] adding license file 'LICENSE'
[1.275s] writing manifest file '../../build/RoverInput/RoverInput.egg-info/SOURCES.txt'
[1.275s] running build
[1.275s] running build_py
[1.275s] running install
[1.275s] running install_lib
[1.277s] running install_data
[1.277s] running install_egg_info
[1.279s] removing '/home/arno/RoombaV2CS/install/RoverInput/lib/python3.10/site-packages/RoverInput-0.0.0-py3.10.egg-info' (and everything under it)
[1.279s] Copying ../../build/RoverInput/RoverInput.egg-info to /home/arno/RoombaV2CS/install/RoverInput/lib/python3.10/site-packages/RoverInput-0.0.0-py3.10.egg-info
[1.280s] running install_scripts
[1.302s] Installing input_node script to /home/arno/RoombaV2CS/install/RoverInput/lib/RoverInput
[1.303s] writing list of installed files to '/home/arno/RoombaV2CS/build/RoverInput/install.log'
[1.330s] Invoked command in '/home/arno/RoombaV2CS/src/RoverInput' returned '0': PYTHONPATH=/home/arno/RoombaV2CS/build/RoverInput/prefix_override:/usr/lib/python3/dist-packages/colcon_core/task/python/colcon_distutils_commands:/home/arno/RoombaV2CS/install/RoverInput/lib/python3.10/site-packages:${PYTHONPATH} /usr/bin/python3 -W ignore:setup.py install is deprecated setup.py egg_info --egg-base ../../build/RoverInput build --build-base /home/arno/RoombaV2CS/build/RoverInput/build install --record /home/arno/RoombaV2CS/build/RoverInput/install.log --single-version-externally-managed install_data
