running develop
Removing /home/arno/RoombaV2CS/install/RoverInput/lib/python3.10/site-packages/RoverInput.egg-link (link to .)
running egg_info
writing ../../build/RoverInput/RoverInput.egg-info/PKG-INFO
writing dependency_links to ../../build/RoverInput/RoverInput.egg-info/dependency_links.txt
writing entry points to ../../build/RoverInput/RoverInput.egg-info/entry_points.txt
writing requirements to ../../build/RoverInput/RoverInput.egg-info/requires.txt
writing top-level names to ../../build/RoverInput/RoverInput.egg-info/top_level.txt
reading manifest file '../../build/RoverInput/RoverInput.egg-info/SOURCES.txt'
adding license file 'LICENSE'
writing manifest file '../../build/RoverInput/RoverInput.egg-info/SOURCES.txt'
running build
running build_py
running install
running install_lib
creating /home/arno/RoombaV2CS/install/RoverInput/lib/python3.10/site-packages/RoverInput
copying /home/arno/RoombaV2CS/build/RoverInput/build/lib/RoverInput/input_node.py -> /home/arno/RoombaV2CS/install/RoverInput/lib/python3.10/site-packages/RoverInput
copying /home/arno/RoombaV2CS/build/RoverInput/build/lib/RoverInput/__init__.py -> /home/arno/RoombaV2CS/install/RoverInput/lib/python3.10/site-packages/RoverInput
byte-compiling /home/arno/RoombaV2CS/install/RoverInput/lib/python3.10/site-packages/RoverInput/input_node.py to input_node.cpython-310.pyc
byte-compiling /home/arno/RoombaV2CS/install/RoverInput/lib/python3.10/site-packages/RoverInput/__init__.py to __init__.cpython-310.pyc
running install_data
copying resource/RoverInput -> /home/arno/RoombaV2CS/install/RoverInput/share/ament_index/resource_index/packages
copying package.xml -> /home/arno/RoombaV2CS/install/RoverInput/share/RoverInput
running install_egg_info
Copying ../../build/RoverInput/RoverInput.egg-info to /home/arno/RoombaV2CS/install/RoverInput/lib/python3.10/site-packages/RoverInput-0.0.0-py3.10.egg-info
running install_scripts
Installing input_node script to /home/arno/RoombaV2CS/install/RoverInput/lib/RoverInput
writing list of installed files to '/home/arno/RoombaV2CS/build/RoverInput/install.log'
