[2.452s] Invoking command in '/home/arno/RoombaV2CS/src/GUI': PYTHONPATH=/home/arno/RoombaV2CS/build/GUI/prefix_override:/usr/lib/python3/dist-packages/colcon_core/task/python/colcon_distutils_commands:/home/arno/RoombaV2CS/install/GUI/lib/python3.10/site-packages:${PYTHONPATH} /usr/bin/python3 -W ignore:setup.py install is deprecated setup.py egg_info --egg-base ../../build/GUI build --build-base /home/arno/RoombaV2CS/build/GUI/build install --record /home/arno/RoombaV2CS/build/GUI/install.log --single-version-externally-managed install_data
[2.905s] running egg_info
[2.906s] writing ../../build/GUI/GUI.egg-info/PKG-INFO
[2.906s] writing dependency_links to ../../build/GUI/GUI.egg-info/dependency_links.txt
[2.906s] writing entry points to ../../build/GUI/GUI.egg-info/entry_points.txt
[2.907s] writing requirements to ../../build/GUI/GUI.egg-info/requires.txt
[2.907s] writing top-level names to ../../build/GUI/GUI.egg-info/top_level.txt
[2.909s] reading manifest file '../../build/GUI/GUI.egg-info/SOURCES.txt'
[2.910s] writing manifest file '../../build/GUI/GUI.egg-info/SOURCES.txt'
[2.910s] running build
[2.910s] running build_py
[2.911s] copying GUI/gui.py -> /home/arno/RoombaV2CS/build/GUI/build/lib/GUI
[2.911s] running install
[2.911s] running install_lib
[2.913s] copying /home/arno/RoombaV2CS/build/GUI/build/lib/GUI/gui.py -> /home/arno/RoombaV2CS/install/GUI/lib/python3.10/site-packages/GUI
[2.914s] byte-compiling /home/arno/RoombaV2CS/install/GUI/lib/python3.10/site-packages/GUI/gui.py to gui.cpython-310.pyc
[2.916s] running install_data
[2.917s] running install_egg_info
[2.919s] removing '/home/arno/RoombaV2CS/install/GUI/lib/python3.10/site-packages/GUI-0.0.1-py3.10.egg-info' (and everything under it)
[2.919s] Copying ../../build/GUI/GUI.egg-info to /home/arno/RoombaV2CS/install/GUI/lib/python3.10/site-packages/GUI-0.0.1-py3.10.egg-info
[2.920s] running install_scripts
[2.956s] Installing gui script to /home/arno/RoombaV2CS/install/GUI/lib/GUI
[2.956s] writing list of installed files to '/home/arno/RoombaV2CS/build/GUI/install.log'
[2.992s] Invoked command in '/home/arno/RoombaV2CS/src/GUI' returned '0': PYTHONPATH=/home/arno/RoombaV2CS/build/GUI/prefix_override:/usr/lib/python3/dist-packages/colcon_core/task/python/colcon_distutils_commands:/home/arno/RoombaV2CS/install/GUI/lib/python3.10/site-packages:${PYTHONPATH} /usr/bin/python3 -W ignore:setup.py install is deprecated setup.py egg_info --egg-base ../../build/GUI build --build-base /home/arno/RoombaV2CS/build/GUI/build install --record /home/arno/RoombaV2CS/build/GUI/install.log --single-version-externally-managed install_data
