[1.241s] Invoking command in '/home/arno/RoombaV2CS/build/sllidar_ros2': CMAKE_PREFIX_PATH=${CMAKE_PREFIX_PATH}:/home/arno/RoombaV2CS/install/stream_receiver:/home/arno/RoombaV2CS/install/controller_input:/home/arno/RoombaV2CS/install/RoverInput:/home/arno/RoombaV2CS/install/GUI:/opt/ros/humble /usr/bin/cmake --build /home/arno/RoombaV2CS/build/sllidar_ros2 -- -j8 -l8
[1.319s] [ 10%] Built target sllidar_client
[1.331s] [100%] Built target sllidar_node
[1.702s] Invoked command in '/home/arno/RoombaV2CS/build/sllidar_ros2' returned '0': CMAKE_PREFIX_PATH=${CMAKE_PREFIX_PATH}:/home/arno/RoombaV2CS/install/stream_receiver:/home/arno/RoombaV2CS/install/controller_input:/home/arno/RoombaV2CS/install/RoverInput:/home/arno/RoombaV2CS/install/GUI:/opt/ros/humble /usr/bin/cmake --build /home/arno/RoombaV2CS/build/sllidar_ros2 -- -j8 -l8
[1.794s] Invoking command in '/home/arno/RoombaV2CS/build/sllidar_ros2': CMAKE_PREFIX_PATH=${CMAKE_PREFIX_PATH}:/home/arno/RoombaV2CS/install/stream_receiver:/home/arno/RoombaV2CS/install/controller_input:/home/arno/RoombaV2CS/install/RoverInput:/home/arno/RoombaV2CS/install/GUI:/opt/ros/humble /usr/bin/cmake --install /home/arno/RoombaV2CS/build/sllidar_ros2
[1.805s] -- Install configuration: ""
[1.806s] -- Execute custom install script
[1.807s] -- Up-to-date symlink: /home/arno/RoombaV2CS/install/sllidar_ros2/share/sllidar_ros2/launch/sllidar_a1_launch.py
[1.807s] -- Up-to-date symlink: /home/arno/RoombaV2CS/install/sllidar_ros2/share/sllidar_ros2/launch/sllidar_a2m12_launch .py
[1.808s] -- Up-to-date symlink: /home/arno/RoombaV2CS/install/sllidar_ros2/share/sllidar_ros2/launch/sllidar_a2m7_launch.py
[1.808s] -- Up-to-date symlink: /home/arno/RoombaV2CS/install/sllidar_ros2/share/sllidar_ros2/launch/sllidar_a2m8_launch.py
[1.808s] -- Up-to-date symlink: /home/arno/RoombaV2CS/install/sllidar_ros2/share/sllidar_ros2/launch/sllidar_a3_launch.py
[1.808s] -- Up-to-date symlink: /home/arno/RoombaV2CS/install/sllidar_ros2/share/sllidar_ros2/launch/sllidar_c1_launch.py
[1.808s] -- Up-to-date symlink: /home/arno/RoombaV2CS/install/sllidar_ros2/share/sllidar_ros2/launch/sllidar_s1_launch.py
[1.808s] -- Up-to-date symlink: /home/arno/RoombaV2CS/install/sllidar_ros2/share/sllidar_ros2/launch/sllidar_s1_tcp_launch.py
[1.809s] -- Up-to-date symlink: /home/arno/RoombaV2CS/install/sllidar_ros2/share/sllidar_ros2/launch/sllidar_s2_launch.py
[1.809s] -- Up-to-date symlink: /home/arno/RoombaV2CS/install/sllidar_ros2/share/sllidar_ros2/launch/sllidar_s2e_launch.py
[1.809s] -- Up-to-date symlink: /home/arno/RoombaV2CS/install/sllidar_ros2/share/sllidar_ros2/launch/sllidar_s3_launch.py
[1.809s] -- Up-to-date symlink: /home/arno/RoombaV2CS/install/sllidar_ros2/share/sllidar_ros2/launch/sllidar_t1_launch.py
[1.810s] -- Up-to-date symlink: /home/arno/RoombaV2CS/install/sllidar_ros2/share/sllidar_ros2/launch/view_sllidar_a1_launch.py
[1.810s] -- Up-to-date symlink: /home/arno/RoombaV2CS/install/sllidar_ros2/share/sllidar_ros2/launch/view_sllidar_a2m12_launch.py
[1.810s] -- Up-to-date symlink: /home/arno/RoombaV2CS/install/sllidar_ros2/share/sllidar_ros2/launch/view_sllidar_a2m7_launch.py
[1.810s] -- Up-to-date symlink: /home/arno/RoombaV2CS/install/sllidar_ros2/share/sllidar_ros2/launch/view_sllidar_a2m8_launch.py
[1.810s] -- Up-to-date symlink: /home/arno/RoombaV2CS/install/sllidar_ros2/share/sllidar_ros2/launch/view_sllidar_a3_launch.py
[1.811s] -- Up-to-date symlink: /home/arno/RoombaV2CS/install/sllidar_ros2/share/sllidar_ros2/launch/view_sllidar_c1_launch.py
[1.811s] -- Up-to-date symlink: /home/arno/RoombaV2CS/install/sllidar_ros2/share/sllidar_ros2/launch/view_sllidar_s1_launch.py
[1.811s] -- Up-to-date symlink: /home/arno/RoombaV2CS/install/sllidar_ros2/share/sllidar_ros2/launch/view_sllidar_s1_tcp_launch.py
[1.811s] -- Up-to-date symlink: /home/arno/RoombaV2CS/install/sllidar_ros2/share/sllidar_ros2/launch/view_sllidar_s2_launch.py
[1.811s] -- Up-to-date symlink: /home/arno/RoombaV2CS/install/sllidar_ros2/share/sllidar_ros2/launch/view_sllidar_s2e_launch.py
[1.812s] -- Up-to-date symlink: /home/arno/RoombaV2CS/install/sllidar_ros2/share/sllidar_ros2/launch/view_sllidar_s3_launch.py
[1.812s] -- Up-to-date symlink: /home/arno/RoombaV2CS/install/sllidar_ros2/share/sllidar_ros2/launch/view_sllidar_t1_launch.py
[1.812s] -- Up-to-date symlink: /home/arno/RoombaV2CS/install/sllidar_ros2/share/sllidar_ros2/rviz/sllidar_ros2.rviz
[1.812s] -- Up-to-date symlink: /home/arno/RoombaV2CS/install/sllidar_ros2/lib/sllidar_ros2/sllidar_node
[1.812s] -- Up-to-date symlink: /home/arno/RoombaV2CS/install/sllidar_ros2/lib/sllidar_ros2/sllidar_client
[1.813s] -- Up-to-date symlink: /home/arno/RoombaV2CS/install/sllidar_ros2/share/ament_index/resource_index/package_run_dependencies/sllidar_ros2
[1.813s] -- Up-to-date symlink: /home/arno/RoombaV2CS/install/sllidar_ros2/share/ament_index/resource_index/parent_prefix_path/sllidar_ros2
[1.813s] -- Up-to-date symlink: /home/arno/RoombaV2CS/install/sllidar_ros2/share/sllidar_ros2/environment/ament_prefix_path.sh
[1.813s] -- Up-to-date symlink: /home/arno/RoombaV2CS/install/sllidar_ros2/share/sllidar_ros2/environment/ament_prefix_path.dsv
[1.813s] -- Up-to-date symlink: /home/arno/RoombaV2CS/install/sllidar_ros2/share/sllidar_ros2/environment/path.sh
[1.814s] -- Up-to-date symlink: /home/arno/RoombaV2CS/install/sllidar_ros2/share/sllidar_ros2/environment/path.dsv
[1.814s] -- Up-to-date symlink: /home/arno/RoombaV2CS/install/sllidar_ros2/share/sllidar_ros2/local_setup.bash
[1.814s] -- Up-to-date symlink: /home/arno/RoombaV2CS/install/sllidar_ros2/share/sllidar_ros2/local_setup.sh
[1.814s] -- Up-to-date symlink: /home/arno/RoombaV2CS/install/sllidar_ros2/share/sllidar_ros2/local_setup.zsh
[1.814s] -- Up-to-date symlink: /home/arno/RoombaV2CS/install/sllidar_ros2/share/sllidar_ros2/local_setup.dsv
[1.815s] -- Symlinking: /home/arno/RoombaV2CS/install/sllidar_ros2/share/sllidar_ros2/package.dsv
[1.826s] -- Up-to-date symlink: /home/arno/RoombaV2CS/install/sllidar_ros2/share/ament_index/resource_index/packages/sllidar_ros2
[1.827s] -- Up-to-date symlink: /home/arno/RoombaV2CS/install/sllidar_ros2/share/sllidar_ros2/cmake/ament_cmake_export_dependencies-extras.cmake
[1.827s] -- Up-to-date symlink: /home/arno/RoombaV2CS/install/sllidar_ros2/share/sllidar_ros2/cmake/ament_cmake_export_include_directories-extras.cmake
[1.827s] -- Up-to-date symlink: /home/arno/RoombaV2CS/install/sllidar_ros2/share/sllidar_ros2/cmake/sllidar_ros2Config.cmake
[1.827s] -- Up-to-date symlink: /home/arno/RoombaV2CS/install/sllidar_ros2/share/sllidar_ros2/cmake/sllidar_ros2Config-version.cmake
[1.827s] -- Up-to-date symlink: /home/arno/RoombaV2CS/install/sllidar_ros2/share/sllidar_ros2/package.xml
[1.830s] Invoked command in '/home/arno/RoombaV2CS/build/sllidar_ros2' returned '0': CMAKE_PREFIX_PATH=${CMAKE_PREFIX_PATH}:/home/arno/RoombaV2CS/install/stream_receiver:/home/arno/RoombaV2CS/install/controller_input:/home/arno/RoombaV2CS/install/RoverInput:/home/arno/RoombaV2CS/install/GUI:/opt/ros/humble /usr/bin/cmake --install /home/arno/RoombaV2CS/build/sllidar_ros2
