[2.493s] Invoking command in '/home/arno/RoombaV2CS/src/controller_input': PYTHONPATH=/home/arno/RoombaV2CS/build/controller_input/prefix_override:/usr/lib/python3/dist-packages/colcon_core/task/python/colcon_distutils_commands:/home/arno/RoombaV2CS/install/controller_input/lib/python3.10/site-packages:${PYTHONPATH} /usr/bin/python3 -W ignore:setup.py install is deprecated setup.py egg_info --egg-base ../../build/controller_input build --build-base /home/arno/RoombaV2CS/build/controller_input/build install --record /home/arno/RoombaV2CS/build/controller_input/install.log --single-version-externally-managed install_data
[2.921s] running egg_info
[2.924s] writing ../../build/controller_input/controller_input.egg-info/PKG-INFO
[2.924s] writing dependency_links to ../../build/controller_input/controller_input.egg-info/dependency_links.txt
[2.925s] writing entry points to ../../build/controller_input/controller_input.egg-info/entry_points.txt
[2.925s] writing requirements to ../../build/controller_input/controller_input.egg-info/requires.txt
[2.926s] writing top-level names to ../../build/controller_input/controller_input.egg-info/top_level.txt
[2.928s] reading manifest file '../../build/controller_input/controller_input.egg-info/SOURCES.txt'
[2.928s] adding license file 'LICENSE'
[2.930s] writing manifest file '../../build/controller_input/controller_input.egg-info/SOURCES.txt'
[2.930s] running build
[2.930s] running build_py
[2.930s] running install
[2.931s] running install_lib
[2.933s] running install_data
[2.933s] running install_egg_info
[2.936s] removing '/home/arno/RoombaV2CS/install/controller_input/lib/python3.10/site-packages/controller_input-0.0.0-py3.10.egg-info' (and everything under it)
[2.936s] Copying ../../build/controller_input/controller_input.egg-info to /home/arno/RoombaV2CS/install/controller_input/lib/python3.10/site-packages/controller_input-0.0.0-py3.10.egg-info
[2.937s] running install_scripts
[2.969s] writing list of installed files to '/home/arno/RoombaV2CS/build/controller_input/install.log'
[3.019s] Invoked command in '/home/arno/RoombaV2CS/src/controller_input' returned '0': PYTHONPATH=/home/arno/RoombaV2CS/build/controller_input/prefix_override:/usr/lib/python3/dist-packages/colcon_core/task/python/colcon_distutils_commands:/home/arno/RoombaV2CS/install/controller_input/lib/python3.10/site-packages:${PYTHONPATH} /usr/bin/python3 -W ignore:setup.py install is deprecated setup.py egg_info --egg-base ../../build/controller_input build --build-base /home/arno/RoombaV2CS/build/controller_input/build install --record /home/arno/RoombaV2CS/build/controller_input/install.log --single-version-externally-managed install_data
