[0.927s] Invoking command in '/home/arno/RoombaV2CS/src/RoverInput': PYTHONPATH=/home/arno/RoombaV2CS/build/RoverInput/prefix_override:/usr/lib/python3/dist-packages/colcon_core/task/python/colcon_distutils_commands:/home/arno/RoombaV2CS/install/RoverInput/lib/python3.10/site-packages:${PYTHONPATH} /usr/bin/python3 -W ignore:setup.py install is deprecated setup.py egg_info --egg-base ../../build/RoverInput build --build-base /home/arno/RoombaV2CS/build/RoverInput/build install --record /home/arno/RoombaV2CS/build/RoverInput/install.log --single-version-externally-managed install_data
[1.349s] running egg_info
[1.350s] writing ../../build/RoverInput/RoverInput.egg-info/PKG-INFO
[1.351s] writing dependency_links to ../../build/RoverInput/RoverInput.egg-info/dependency_links.txt
[1.351s] writing entry points to ../../build/RoverInput/RoverInput.egg-info/entry_points.txt
[1.351s] writing requirements to ../../build/RoverInput/RoverInput.egg-info/requires.txt
[1.351s] writing top-level names to ../../build/RoverInput/RoverInput.egg-info/top_level.txt
[1.353s] reading manifest file '../../build/RoverInput/RoverInput.egg-info/SOURCES.txt'
[1.354s] adding license file 'LICENSE'
[1.355s] writing manifest file '../../build/RoverInput/RoverInput.egg-info/SOURCES.txt'
[1.355s] running build
[1.355s] running build_py
[1.355s] copying RoverInput/input_node.py -> /home/arno/RoombaV2CS/build/RoverInput/build/lib/RoverInput
[1.355s] copying RoverInput/__init__.py -> /home/arno/RoombaV2CS/build/RoverInput/build/lib/RoverInput
[1.355s] running install
[1.356s] running install_lib
[1.357s] copying /home/arno/RoombaV2CS/build/RoverInput/build/lib/RoverInput/input_node.py -> /home/arno/RoombaV2CS/install/RoverInput/lib/python3.10/site-packages/RoverInput
[1.357s] copying /home/arno/RoombaV2CS/build/RoverInput/build/lib/RoverInput/__init__.py -> /home/arno/RoombaV2CS/install/RoverInput/lib/python3.10/site-packages/RoverInput
[1.358s] byte-compiling /home/arno/RoombaV2CS/install/RoverInput/lib/python3.10/site-packages/RoverInput/input_node.py to input_node.cpython-310.pyc
[1.358s] byte-compiling /home/arno/RoombaV2CS/install/RoverInput/lib/python3.10/site-packages/RoverInput/__init__.py to __init__.cpython-310.pyc
[1.359s] running install_data
[1.359s] running install_egg_info
[1.361s] removing '/home/arno/RoombaV2CS/install/RoverInput/lib/python3.10/site-packages/RoverInput-0.0.0-py3.10.egg-info' (and everything under it)
[1.362s] Copying ../../build/RoverInput/RoverInput.egg-info to /home/arno/RoombaV2CS/install/RoverInput/lib/python3.10/site-packages/RoverInput-0.0.0-py3.10.egg-info
[1.363s] running install_scripts
[1.392s] writing list of installed files to '/home/arno/RoombaV2CS/build/RoverInput/install.log'
[1.423s] Invoked command in '/home/arno/RoombaV2CS/src/RoverInput' returned '0': PYTHONPATH=/home/arno/RoombaV2CS/build/RoverInput/prefix_override:/usr/lib/python3/dist-packages/colcon_core/task/python/colcon_distutils_commands:/home/arno/RoombaV2CS/install/RoverInput/lib/python3.10/site-packages:${PYTHONPATH} /usr/bin/python3 -W ignore:setup.py install is deprecated setup.py egg_info --egg-base ../../build/RoverInput build --build-base /home/arno/RoombaV2CS/build/RoverInput/build install --record /home/arno/RoombaV2CS/build/RoverInput/install.log --single-version-externally-managed install_data
