[2.314s] Invoking command in '/home/arno/RoombaV2CS/src/GUI': PYTHONPATH=/home/arno/RoombaV2CS/build/GUI/prefix_override:/usr/lib/python3/dist-packages/colcon_core/task/python/colcon_distutils_commands:/home/arno/RoombaV2CS/install/GUI/lib/python3.10/site-packages:${PYTHONPATH} /usr/bin/python3 -W ignore:setup.py install is deprecated setup.py egg_info --egg-base ../../build/GUI build --build-base /home/arno/RoombaV2CS/build/GUI/build install --record /home/arno/RoombaV2CS/build/GUI/install.log --single-version-externally-managed install_data
[2.692s] running egg_info
[2.693s] writing ../../build/GUI/GUI.egg-info/PKG-INFO
[2.694s] writing dependency_links to ../../build/GUI/GUI.egg-info/dependency_links.txt
[2.694s] writing entry points to ../../build/GUI/GUI.egg-info/entry_points.txt
[2.694s] writing requirements to ../../build/GUI/GUI.egg-info/requires.txt
[2.695s] writing top-level names to ../../build/GUI/GUI.egg-info/top_level.txt
[2.699s] reading manifest file '../../build/GUI/GUI.egg-info/SOURCES.txt'
[2.700s] writing manifest file '../../build/GUI/GUI.egg-info/SOURCES.txt'
[2.700s] running build
[2.700s] running build_py
[2.701s] copying GUI/gui.py -> /home/arno/RoombaV2CS/build/GUI/build/lib/GUI
[2.701s] running install
[2.701s] running install_lib
[2.703s] copying /home/arno/RoombaV2CS/build/GUI/build/lib/GUI/gui.py -> /home/arno/RoombaV2CS/install/GUI/lib/python3.10/site-packages/GUI
[2.704s] byte-compiling /home/arno/RoombaV2CS/install/GUI/lib/python3.10/site-packages/GUI/gui.py to gui.cpython-310.pyc
[2.705s] running install_data
[2.706s] copying package.xml -> /home/arno/RoombaV2CS/install/GUI/share/GUI
[2.707s] running install_egg_info
[2.708s] removing '/home/arno/RoombaV2CS/install/GUI/lib/python3.10/site-packages/GUI-0.0.0-py3.10.egg-info' (and everything under it)
[2.709s] Copying ../../build/GUI/GUI.egg-info to /home/arno/RoombaV2CS/install/GUI/lib/python3.10/site-packages/GUI-0.0.0-py3.10.egg-info
[2.710s] running install_scripts
[2.740s] Installing gui script to /home/arno/RoombaV2CS/install/GUI/lib/GUI
[2.740s] writing list of installed files to '/home/arno/RoombaV2CS/build/GUI/install.log'
[2.775s] Invoked command in '/home/arno/RoombaV2CS/src/GUI' returned '0': PYTHONPATH=/home/arno/RoombaV2CS/build/GUI/prefix_override:/usr/lib/python3/dist-packages/colcon_core/task/python/colcon_distutils_commands:/home/arno/RoombaV2CS/install/GUI/lib/python3.10/site-packages:${PYTHONPATH} /usr/bin/python3 -W ignore:setup.py install is deprecated setup.py egg_info --egg-base ../../build/GUI build --build-base /home/arno/RoombaV2CS/build/GUI/build install --record /home/arno/RoombaV2CS/build/GUI/install.log --single-version-externally-managed install_data
