[1.994s] Invoking command in '/home/arno/RoombaV2CS/build/RoverInput': PYTHONPATH=/home/arno/RoombaV2CS/build/RoverInput/prefix_override:/usr/lib/python3/dist-packages/colcon_core/task/python/colcon_distutils_commands:/home/arno/RoombaV2CS/install/RoverInput/lib/python3.10/site-packages:${PYTHONPATH} /usr/bin/python3 -W ignore:setup.py install is deprecated setup.py develop --uninstall --editable --build-directory /home/arno/RoombaV2CS/build/RoverInput/build
[2.411s] running develop
[2.412s] /usr/lib/python3/dist-packages/setuptools/command/easy_install.py:158: EasyInstallDeprecationWarning: easy_install command is deprecated. Use build and pip and other standards-based tools.
[2.412s]   warnings.warn(
[2.702s] Removing /home/arno/RoombaV2CS/install/RoverInput/lib/python3.10/site-packages/RoverInput.egg-link (link to .)
[2.750s] Invoked command in '/home/arno/RoombaV2CS/build/RoverInput' returned '0': PYTHONPATH=/home/arno/RoombaV2CS/build/RoverInput/prefix_override:/usr/lib/python3/dist-packages/colcon_core/task/python/colcon_distutils_commands:/home/arno/RoombaV2CS/install/RoverInput/lib/python3.10/site-packages:${PYTHONPATH} /usr/bin/python3 -W ignore:setup.py install is deprecated setup.py develop --uninstall --editable --build-directory /home/arno/RoombaV2CS/build/RoverInput/build
[2.751s] Invoking command in '/home/arno/RoombaV2CS/src/RoverInput': PYTHONPATH=/home/arno/RoombaV2CS/build/RoverInput/prefix_override:/usr/lib/python3/dist-packages/colcon_core/task/python/colcon_distutils_commands:/home/arno/RoombaV2CS/install/RoverInput/lib/python3.10/site-packages:${PYTHONPATH} /usr/bin/python3 -W ignore:setup.py install is deprecated setup.py egg_info --egg-base ../../build/RoverInput build --build-base /home/arno/RoombaV2CS/build/RoverInput/build install --record /home/arno/RoombaV2CS/build/RoverInput/install.log --single-version-externally-managed install_data --force
[3.150s] running egg_info
[3.151s] writing ../../build/RoverInput/RoverInput.egg-info/PKG-INFO
[3.151s] writing dependency_links to ../../build/RoverInput/RoverInput.egg-info/dependency_links.txt
[3.152s] writing entry points to ../../build/RoverInput/RoverInput.egg-info/entry_points.txt
[3.152s] writing requirements to ../../build/RoverInput/RoverInput.egg-info/requires.txt
[3.152s] writing top-level names to ../../build/RoverInput/RoverInput.egg-info/top_level.txt
[3.156s] reading manifest file '../../build/RoverInput/RoverInput.egg-info/SOURCES.txt'
[3.157s] adding license file 'LICENSE'
[3.158s] writing manifest file '../../build/RoverInput/RoverInput.egg-info/SOURCES.txt'
[3.158s] running build
[3.158s] running build_py
[3.160s] running install
[3.161s] running install_lib
[3.162s] creating /home/arno/RoombaV2CS/install/RoverInput/lib/python3.10/site-packages/RoverInput
[3.163s] copying /home/arno/RoombaV2CS/build/RoverInput/build/lib/RoverInput/input_node.py -> /home/arno/RoombaV2CS/install/RoverInput/lib/python3.10/site-packages/RoverInput
[3.163s] copying /home/arno/RoombaV2CS/build/RoverInput/build/lib/RoverInput/__init__.py -> /home/arno/RoombaV2CS/install/RoverInput/lib/python3.10/site-packages/RoverInput
[3.164s] byte-compiling /home/arno/RoombaV2CS/install/RoverInput/lib/python3.10/site-packages/RoverInput/input_node.py to input_node.cpython-310.pyc
[3.165s] byte-compiling /home/arno/RoombaV2CS/install/RoverInput/lib/python3.10/site-packages/RoverInput/__init__.py to __init__.cpython-310.pyc
[3.165s] running install_data
[3.165s] copying resource/RoverInput -> /home/arno/RoombaV2CS/install/RoverInput/share/ament_index/resource_index/packages
[3.165s] copying package.xml -> /home/arno/RoombaV2CS/install/RoverInput/share/RoverInput
[3.166s] running install_egg_info
[3.169s] Copying ../../build/RoverInput/RoverInput.egg-info to /home/arno/RoombaV2CS/install/RoverInput/lib/python3.10/site-packages/RoverInput-0.0.0-py3.10.egg-info
[3.173s] running install_scripts
[3.205s] Installing input_node script to /home/arno/RoombaV2CS/install/RoverInput/lib/RoverInput
[3.205s] writing list of installed files to '/home/arno/RoombaV2CS/build/RoverInput/install.log'
[3.246s] Invoked command in '/home/arno/RoombaV2CS/src/RoverInput' returned '0': PYTHONPATH=/home/arno/RoombaV2CS/build/RoverInput/prefix_override:/usr/lib/python3/dist-packages/colcon_core/task/python/colcon_distutils_commands:/home/arno/RoombaV2CS/install/RoverInput/lib/python3.10/site-packages:${PYTHONPATH} /usr/bin/python3 -W ignore:setup.py install is deprecated setup.py egg_info --egg-base ../../build/RoverInput build --build-base /home/arno/RoombaV2CS/build/RoverInput/build install --record /home/arno/RoombaV2CS/build/RoverInput/install.log --single-version-externally-managed install_data --force
