[0.904s] Invoking command in '/home/arno/RoombaV2CS/src/RoverInput': PYTHONPATH=/home/arno/RoombaV2CS/build/RoverInput/prefix_override:/usr/lib/python3/dist-packages/colcon_core/task/python/colcon_distutils_commands:/home/arno/RoombaV2CS/install/RoverInput/lib/python3.10/site-packages:${PYTHONPATH} /usr/bin/python3 -W ignore:setup.py install is deprecated setup.py egg_info --egg-base ../../build/RoverInput build --build-base /home/arno/RoombaV2CS/build/RoverInput/build install --record /home/arno/RoombaV2CS/build/RoverInput/install.log --single-version-externally-managed install_data
[1.281s] running egg_info
[1.282s] creating ../../build/RoverInput/RoverInput.egg-info
[1.282s] writing ../../build/RoverInput/RoverInput.egg-info/PKG-INFO
[1.283s] writing dependency_links to ../../build/RoverInput/RoverInput.egg-info/dependency_links.txt
[1.283s] writing entry points to ../../build/RoverInput/RoverInput.egg-info/entry_points.txt
[1.283s] writing requirements to ../../build/RoverInput/RoverInput.egg-info/requires.txt
[1.283s] writing top-level names to ../../build/RoverInput/RoverInput.egg-info/top_level.txt
[1.283s] writing manifest file '../../build/RoverInput/RoverInput.egg-info/SOURCES.txt'
[1.285s] reading manifest file '../../build/RoverInput/RoverInput.egg-info/SOURCES.txt'
[1.285s] adding license file 'LICENSE'
[1.286s] writing manifest file '../../build/RoverInput/RoverInput.egg-info/SOURCES.txt'
[1.286s] running build
[1.286s] running build_py
[1.286s] creating /home/arno/RoombaV2CS/build/RoverInput/build
[1.287s] creating /home/arno/RoombaV2CS/build/RoverInput/build/lib
[1.287s] creating /home/arno/RoombaV2CS/build/RoverInput/build/lib/RoverInput
[1.287s] copying RoverInput/__init__.py -> /home/arno/RoombaV2CS/build/RoverInput/build/lib/RoverInput
[1.287s] running install
[1.287s] running install_lib
[1.288s] creating /home/arno/RoombaV2CS/install/RoverInput/lib/python3.10/site-packages/RoverInput
[1.288s] copying /home/arno/RoombaV2CS/build/RoverInput/build/lib/RoverInput/__init__.py -> /home/arno/RoombaV2CS/install/RoverInput/lib/python3.10/site-packages/RoverInput
[1.289s] byte-compiling /home/arno/RoombaV2CS/install/RoverInput/lib/python3.10/site-packages/RoverInput/__init__.py to __init__.cpython-310.pyc
[1.289s] running install_data
[1.289s] creating /home/arno/RoombaV2CS/install/RoverInput/share/ament_index
[1.290s] creating /home/arno/RoombaV2CS/install/RoverInput/share/ament_index/resource_index
[1.290s] creating /home/arno/RoombaV2CS/install/RoverInput/share/ament_index/resource_index/packages
[1.290s] copying resource/RoverInput -> /home/arno/RoombaV2CS/install/RoverInput/share/ament_index/resource_index/packages
[1.290s] copying package.xml -> /home/arno/RoombaV2CS/install/RoverInput/share/RoverInput
[1.290s] running install_egg_info
[1.292s] Copying ../../build/RoverInput/RoverInput.egg-info to /home/arno/RoombaV2CS/install/RoverInput/lib/python3.10/site-packages/RoverInput-0.0.0-py3.10.egg-info
[1.293s] running install_scripts
[1.322s] writing list of installed files to '/home/arno/RoombaV2CS/build/RoverInput/install.log'
[1.354s] Invoked command in '/home/arno/RoombaV2CS/src/RoverInput' returned '0': PYTHONPATH=/home/arno/RoombaV2CS/build/RoverInput/prefix_override:/usr/lib/python3/dist-packages/colcon_core/task/python/colcon_distutils_commands:/home/arno/RoombaV2CS/install/RoverInput/lib/python3.10/site-packages:${PYTHONPATH} /usr/bin/python3 -W ignore:setup.py install is deprecated setup.py egg_info --egg-base ../../build/RoverInput build --build-base /home/arno/RoombaV2CS/build/RoverInput/build install --record /home/arno/RoombaV2CS/build/RoverInput/install.log --single-version-externally-managed install_data
