[2.637s] Invoking command in '/home/arno/RoombaV2CS/src/controller_input': PYTHONPATH=/home/arno/RoombaV2CS/build/controller_input/prefix_override:/usr/lib/python3/dist-packages/colcon_core/task/python/colcon_distutils_commands:/home/arno/RoombaV2CS/install/controller_input/lib/python3.10/site-packages:${PYTHONPATH} /usr/bin/python3 -W ignore:setup.py install is deprecated setup.py egg_info --egg-base ../../build/controller_input build --build-base /home/arno/RoombaV2CS/build/controller_input/build install --record /home/arno/RoombaV2CS/build/controller_input/install.log --single-version-externally-managed install_data
[3.144s] running egg_info
[3.145s] writing ../../build/controller_input/controller_input.egg-info/PKG-INFO
[3.145s] writing dependency_links to ../../build/controller_input/controller_input.egg-info/dependency_links.txt
[3.146s] writing entry points to ../../build/controller_input/controller_input.egg-info/entry_points.txt
[3.146s] writing requirements to ../../build/controller_input/controller_input.egg-info/requires.txt
[3.146s] writing top-level names to ../../build/controller_input/controller_input.egg-info/top_level.txt
[3.148s] reading manifest file '../../build/controller_input/controller_input.egg-info/SOURCES.txt'
[3.148s] adding license file 'LICENSE'
[3.151s] writing manifest file '../../build/controller_input/controller_input.egg-info/SOURCES.txt'
[3.151s] running build
[3.151s] running build_py
[3.151s] running install
[3.152s] running install_lib
[3.153s] running install_data
[3.153s] running install_egg_info
[3.156s] removing '/home/arno/RoombaV2CS/install/controller_input/lib/python3.10/site-packages/controller_input-0.0.0-py3.10.egg-info' (and everything under it)
[3.156s] Copying ../../build/controller_input/controller_input.egg-info to /home/arno/RoombaV2CS/install/controller_input/lib/python3.10/site-packages/controller_input-0.0.0-py3.10.egg-info
[3.157s] running install_scripts
[3.187s] writing list of installed files to '/home/arno/RoombaV2CS/build/controller_input/install.log'
[3.223s] Invoked command in '/home/arno/RoombaV2CS/src/controller_input' returned '0': PYTHONPATH=/home/arno/RoombaV2CS/build/controller_input/prefix_override:/usr/lib/python3/dist-packages/colcon_core/task/python/colcon_distutils_commands:/home/arno/RoombaV2CS/install/controller_input/lib/python3.10/site-packages:${PYTHONPATH} /usr/bin/python3 -W ignore:setup.py install is deprecated setup.py egg_info --egg-base ../../build/controller_input build --build-base /home/arno/RoombaV2CS/build/controller_input/build install --record /home/arno/RoombaV2CS/build/controller_input/install.log --single-version-externally-managed install_data
