[0.830s] Invoking command in '/home/arno/RoombaV2CS/build/sllidar_ros2': CMAKE_PREFIX_PATH=${CMAKE_PREFIX_PATH}:/home/arno/RoombaV2CS/install/stream_receiver:/home/arno/RoombaV2CS/install/controller_input:/home/arno/RoombaV2CS/install/RoverInput:/opt/ros/humble /usr/bin/cmake /home/arno/RoombaV2CS/src/sllidar_ros2 -DCMAKE_INSTALL_PREFIX=/home/arno/RoombaV2CS/install/sllidar_ros2
[0.848s] -- Found ament_cmake: 1.3.10 (/opt/ros/humble/share/ament_cmake/cmake)
[1.019s] -- Override CMake install command with custom implementation using symlinks instead of copying resources
[1.029s] -- Found rclcpp: 16.0.10 (/opt/ros/humble/share/rclcpp/cmake)
[1.074s] -- Found rosidl_generator_c: 3.1.5 (/opt/ros/humble/share/rosidl_generator_c/cmake)
[1.078s] -- Found rosidl_adapter: 3.1.5 (/opt/ros/humble/share/rosidl_adapter/cmake)
[1.087s] -- Found rosidl_generator_cpp: 3.1.5 (/opt/ros/humble/share/rosidl_generator_cpp/cmake)
[1.101s] -- Using all available rosidl_typesupport_c: rosidl_typesupport_fastrtps_c;rosidl_typesupport_introspection_c
[1.120s] -- Using all available rosidl_typesupport_cpp: rosidl_typesupport_fastrtps_cpp;rosidl_typesupport_introspection_cpp
[1.167s] -- Found rmw_implementation_cmake: 6.1.2 (/opt/ros/humble/share/rmw_implementation_cmake/cmake)
[1.169s] -- Found rmw_fastrtps_cpp: 6.2.7 (/opt/ros/humble/share/rmw_fastrtps_cpp/cmake)
[1.346s] -- Using RMW implementation 'rmw_fastrtps_cpp' as default
[1.478s] -- Found sensor_msgs: 4.2.4 (/opt/ros/humble/share/sensor_msgs/cmake)
[1.557s] -- Found std_srvs: 4.2.4 (/opt/ros/humble/share/std_srvs/cmake)
[1.695s] -- Configuring done
[1.729s] -- Generating done
[1.734s] -- Build files have been written to: /home/arno/RoombaV2CS/build/sllidar_ros2
[1.751s] Invoked command in '/home/arno/RoombaV2CS/build/sllidar_ros2' returned '0': CMAKE_PREFIX_PATH=${CMAKE_PREFIX_PATH}:/home/arno/RoombaV2CS/install/stream_receiver:/home/arno/RoombaV2CS/install/controller_input:/home/arno/RoombaV2CS/install/RoverInput:/opt/ros/humble /usr/bin/cmake /home/arno/RoombaV2CS/src/sllidar_ros2 -DCMAKE_INSTALL_PREFIX=/home/arno/RoombaV2CS/install/sllidar_ros2
[1.755s] Invoking command in '/home/arno/RoombaV2CS/build/sllidar_ros2': CMAKE_PREFIX_PATH=${CMAKE_PREFIX_PATH}:/home/arno/RoombaV2CS/install/stream_receiver:/home/arno/RoombaV2CS/install/controller_input:/home/arno/RoombaV2CS/install/RoverInput:/opt/ros/humble /usr/bin/cmake --build /home/arno/RoombaV2CS/build/sllidar_ros2 -- -j8 -l8
[1.812s] [35m[1mConsolidate compiler generated dependencies of target sllidar_client[0m
[1.819s] [35m[1mConsolidate compiler generated dependencies of target sllidar_node[0m
[1.840s] [ 10%] Built target sllidar_client
[1.871s] [100%] Built target sllidar_node
[1.883s] Invoked command in '/home/arno/RoombaV2CS/build/sllidar_ros2' returned '0': CMAKE_PREFIX_PATH=${CMAKE_PREFIX_PATH}:/home/arno/RoombaV2CS/install/stream_receiver:/home/arno/RoombaV2CS/install/controller_input:/home/arno/RoombaV2CS/install/RoverInput:/opt/ros/humble /usr/bin/cmake --build /home/arno/RoombaV2CS/build/sllidar_ros2 -- -j8 -l8
[1.973s] Invoking command in '/home/arno/RoombaV2CS/build/sllidar_ros2': CMAKE_PREFIX_PATH=${CMAKE_PREFIX_PATH}:/home/arno/RoombaV2CS/install/stream_receiver:/home/arno/RoombaV2CS/install/controller_input:/home/arno/RoombaV2CS/install/RoverInput:/opt/ros/humble /usr/bin/cmake --install /home/arno/RoombaV2CS/build/sllidar_ros2
[1.983s] -- Install configuration: ""
[1.984s] -- Execute custom install script
[1.985s] -- Up-to-date symlink: /home/arno/RoombaV2CS/install/sllidar_ros2/share/sllidar_ros2/launch/sllidar_a1_launch.py
[1.985s] -- Up-to-date symlink: /home/arno/RoombaV2CS/install/sllidar_ros2/share/sllidar_ros2/launch/sllidar_a2m12_launch .py
[1.985s] -- Up-to-date symlink: /home/arno/RoombaV2CS/install/sllidar_ros2/share/sllidar_ros2/launch/sllidar_a2m7_launch.py
[1.986s] -- Up-to-date symlink: /home/arno/RoombaV2CS/install/sllidar_ros2/share/sllidar_ros2/launch/sllidar_a2m8_launch.py
[1.986s] -- Up-to-date symlink: /home/arno/RoombaV2CS/install/sllidar_ros2/share/sllidar_ros2/launch/sllidar_a3_launch.py
[1.986s] -- Up-to-date symlink: /home/arno/RoombaV2CS/install/sllidar_ros2/share/sllidar_ros2/launch/sllidar_c1_launch.py
[1.986s] -- Up-to-date symlink: /home/arno/RoombaV2CS/install/sllidar_ros2/share/sllidar_ros2/launch/sllidar_s1_launch.py
[1.987s] -- Up-to-date symlink: /home/arno/RoombaV2CS/install/sllidar_ros2/share/sllidar_ros2/launch/sllidar_s1_tcp_launch.py
[1.987s] -- Up-to-date symlink: /home/arno/RoombaV2CS/install/sllidar_ros2/share/sllidar_ros2/launch/sllidar_s2_launch.py
[1.987s] -- Up-to-date symlink: /home/arno/RoombaV2CS/install/sllidar_ros2/share/sllidar_ros2/launch/sllidar_s2e_launch.py
[1.988s] -- Up-to-date symlink: /home/arno/RoombaV2CS/install/sllidar_ros2/share/sllidar_ros2/launch/sllidar_s3_launch.py
[1.988s] -- Up-to-date symlink: /home/arno/RoombaV2CS/install/sllidar_ros2/share/sllidar_ros2/launch/sllidar_t1_launch.py
[1.988s] -- Up-to-date symlink: /home/arno/RoombaV2CS/install/sllidar_ros2/share/sllidar_ros2/launch/view_sllidar_a1_launch.py
[1.988s] -- Up-to-date symlink: /home/arno/RoombaV2CS/install/sllidar_ros2/share/sllidar_ros2/launch/view_sllidar_a2m12_launch.py
[1.988s] -- Up-to-date symlink: /home/arno/RoombaV2CS/install/sllidar_ros2/share/sllidar_ros2/launch/view_sllidar_a2m7_launch.py
[1.989s] -- Up-to-date symlink: /home/arno/RoombaV2CS/install/sllidar_ros2/share/sllidar_ros2/launch/view_sllidar_a2m8_launch.py
[1.989s] -- Up-to-date symlink: /home/arno/RoombaV2CS/install/sllidar_ros2/share/sllidar_ros2/launch/view_sllidar_a3_launch.py
[1.989s] -- Up-to-date symlink: /home/arno/RoombaV2CS/install/sllidar_ros2/share/sllidar_ros2/launch/view_sllidar_c1_launch.py
[1.989s] -- Up-to-date symlink: /home/arno/RoombaV2CS/install/sllidar_ros2/share/sllidar_ros2/launch/view_sllidar_s1_launch.py
[1.989s] -- Up-to-date symlink: /home/arno/RoombaV2CS/install/sllidar_ros2/share/sllidar_ros2/launch/view_sllidar_s1_tcp_launch.py
[1.990s] -- Up-to-date symlink: /home/arno/RoombaV2CS/install/sllidar_ros2/share/sllidar_ros2/launch/view_sllidar_s2_launch.py
[1.990s] -- Up-to-date symlink: /home/arno/RoombaV2CS/install/sllidar_ros2/share/sllidar_ros2/launch/view_sllidar_s2e_launch.py
[1.990s] -- Up-to-date symlink: /home/arno/RoombaV2CS/install/sllidar_ros2/share/sllidar_ros2/launch/view_sllidar_s3_launch.py
[1.990s] -- Up-to-date symlink: /home/arno/RoombaV2CS/install/sllidar_ros2/share/sllidar_ros2/launch/view_sllidar_t1_launch.py
[1.991s] -- Up-to-date symlink: /home/arno/RoombaV2CS/install/sllidar_ros2/share/sllidar_ros2/rviz/sllidar_ros2.rviz
[1.992s] -- Up-to-date symlink: /home/arno/RoombaV2CS/install/sllidar_ros2/lib/sllidar_ros2/sllidar_node
[1.992s] -- Up-to-date symlink: /home/arno/RoombaV2CS/install/sllidar_ros2/lib/sllidar_ros2/sllidar_client
[1.994s] -- Up-to-date symlink: /home/arno/RoombaV2CS/install/sllidar_ros2/share/ament_index/resource_index/package_run_dependencies/sllidar_ros2
[1.994s] -- Up-to-date symlink: /home/arno/RoombaV2CS/install/sllidar_ros2/share/ament_index/resource_index/parent_prefix_path/sllidar_ros2
[1.995s] -- Up-to-date symlink: /home/arno/RoombaV2CS/install/sllidar_ros2/share/sllidar_ros2/environment/ament_prefix_path.sh
[1.995s] -- Up-to-date symlink: /home/arno/RoombaV2CS/install/sllidar_ros2/share/sllidar_ros2/environment/ament_prefix_path.dsv
[1.995s] -- Up-to-date symlink: /home/arno/RoombaV2CS/install/sllidar_ros2/share/sllidar_ros2/environment/path.sh
[1.995s] -- Up-to-date symlink: /home/arno/RoombaV2CS/install/sllidar_ros2/share/sllidar_ros2/environment/path.dsv
[1.996s] -- Up-to-date symlink: /home/arno/RoombaV2CS/install/sllidar_ros2/share/sllidar_ros2/local_setup.bash
[1.996s] -- Up-to-date symlink: /home/arno/RoombaV2CS/install/sllidar_ros2/share/sllidar_ros2/local_setup.sh
[1.996s] -- Up-to-date symlink: /home/arno/RoombaV2CS/install/sllidar_ros2/share/sllidar_ros2/local_setup.zsh
[1.996s] -- Up-to-date symlink: /home/arno/RoombaV2CS/install/sllidar_ros2/share/sllidar_ros2/local_setup.dsv
[1.996s] -- Symlinking: /home/arno/RoombaV2CS/install/sllidar_ros2/share/sllidar_ros2/package.dsv
[2.008s] -- Up-to-date symlink: /home/arno/RoombaV2CS/install/sllidar_ros2/share/ament_index/resource_index/packages/sllidar_ros2
[2.008s] -- Up-to-date symlink: /home/arno/RoombaV2CS/install/sllidar_ros2/share/sllidar_ros2/cmake/ament_cmake_export_dependencies-extras.cmake
[2.009s] -- Up-to-date symlink: /home/arno/RoombaV2CS/install/sllidar_ros2/share/sllidar_ros2/cmake/ament_cmake_export_include_directories-extras.cmake
[2.009s] -- Up-to-date symlink: /home/arno/RoombaV2CS/install/sllidar_ros2/share/sllidar_ros2/cmake/sllidar_ros2Config.cmake
[2.009s] -- Up-to-date symlink: /home/arno/RoombaV2CS/install/sllidar_ros2/share/sllidar_ros2/cmake/sllidar_ros2Config-version.cmake
[2.009s] -- Up-to-date symlink: /home/arno/RoombaV2CS/install/sllidar_ros2/share/sllidar_ros2/package.xml
[2.012s] Invoked command in '/home/arno/RoombaV2CS/build/sllidar_ros2' returned '0': CMAKE_PREFIX_PATH=${CMAKE_PREFIX_PATH}:/home/arno/RoombaV2CS/install/stream_receiver:/home/arno/RoombaV2CS/install/controller_input:/home/arno/RoombaV2CS/install/RoverInput:/opt/ros/humble /usr/bin/cmake --install /home/arno/RoombaV2CS/build/sllidar_ros2
