[0.990s] Invoking command in '/home/arno/RoombaV2CS/src/RoverInput': PYTHONPATH=/home/arno/RoombaV2CS/build/RoverInput/prefix_override:/usr/lib/python3/dist-packages/colcon_core/task/python/colcon_distutils_commands:/home/arno/RoombaV2CS/install/RoverInput/lib/python3.10/site-packages:${PYTHONPATH} /usr/bin/python3 -W ignore:setup.py install is deprecated setup.py egg_info --egg-base ../../build/RoverInput build --build-base /home/arno/RoombaV2CS/build/RoverInput/build install --record /home/arno/RoombaV2CS/build/RoverInput/install.log --single-version-externally-managed install_data
[1.380s] running egg_info
[1.381s] writing ../../build/RoverInput/RoverInput.egg-info/PKG-INFO
[1.381s] writing dependency_links to ../../build/RoverInput/RoverInput.egg-info/dependency_links.txt
[1.381s] writing entry points to ../../build/RoverInput/RoverInput.egg-info/entry_points.txt
[1.382s] writing requirements to ../../build/RoverInput/RoverInput.egg-info/requires.txt
[1.382s] writing top-level names to ../../build/RoverInput/RoverInput.egg-info/top_level.txt
[1.384s] reading manifest file '../../build/RoverInput/RoverInput.egg-info/SOURCES.txt'
[1.384s] adding license file 'LICENSE'
[1.385s] writing manifest file '../../build/RoverInput/RoverInput.egg-info/SOURCES.txt'
[1.386s] running build
[1.386s] running build_py
[1.386s] copying RoverInput/input_node.py -> /home/arno/RoombaV2CS/build/RoverInput/build/lib/RoverInput
[1.386s] running install
[1.387s] running install_lib
[1.388s] copying /home/arno/RoombaV2CS/build/RoverInput/build/lib/RoverInput/input_node.py -> /home/arno/RoombaV2CS/install/RoverInput/lib/python3.10/site-packages/RoverInput
[1.389s] byte-compiling /home/arno/RoombaV2CS/install/RoverInput/lib/python3.10/site-packages/RoverInput/input_node.py to input_node.cpython-310.pyc
[1.389s] running install_data
[1.390s] running install_egg_info
[1.392s] removing '/home/arno/RoombaV2CS/install/RoverInput/lib/python3.10/site-packages/RoverInput-0.0.0-py3.10.egg-info' (and everything under it)
[1.392s] Copying ../../build/RoverInput/RoverInput.egg-info to /home/arno/RoombaV2CS/install/RoverInput/lib/python3.10/site-packages/RoverInput-0.0.0-py3.10.egg-info
[1.393s] running install_scripts
[1.421s] Installing input_node script to /home/arno/RoombaV2CS/install/RoverInput/lib/RoverInput
[1.422s] writing list of installed files to '/home/arno/RoombaV2CS/build/RoverInput/install.log'
[1.454s] Invoked command in '/home/arno/RoombaV2CS/src/RoverInput' returned '0': PYTHONPATH=/home/arno/RoombaV2CS/build/RoverInput/prefix_override:/usr/lib/python3/dist-packages/colcon_core/task/python/colcon_distutils_commands:/home/arno/RoombaV2CS/install/RoverInput/lib/python3.10/site-packages:${PYTHONPATH} /usr/bin/python3 -W ignore:setup.py install is deprecated setup.py egg_info --egg-base ../../build/RoverInput build --build-base /home/arno/RoombaV2CS/build/RoverInput/build install --record /home/arno/RoombaV2CS/build/RoverInput/install.log --single-version-externally-managed install_data
