[2.442s] Invoking command in '/home/arno/RoombaV2CS/src/RoverInput': PYTHONPATH=/home/arno/RoombaV2CS/build/RoverInput/prefix_override:/usr/lib/python3/dist-packages/colcon_core/task/python/colcon_distutils_commands:/home/arno/RoombaV2CS/install/RoverInput/lib/python3.10/site-packages:${PYTHONPATH} /usr/bin/python3 -W ignore:setup.py install is deprecated setup.py egg_info --egg-base ../../build/RoverInput build --build-base /home/arno/RoombaV2CS/build/RoverInput/build install --record /home/arno/RoombaV2CS/build/RoverInput/install.log --single-version-externally-managed install_data
[2.893s] running egg_info
[2.894s] writing ../../build/RoverInput/RoverInput.egg-info/PKG-INFO
[2.894s] writing dependency_links to ../../build/RoverInput/RoverInput.egg-info/dependency_links.txt
[2.895s] writing entry points to ../../build/RoverInput/RoverInput.egg-info/entry_points.txt
[2.895s] writing requirements to ../../build/RoverInput/RoverInput.egg-info/requires.txt
[2.895s] writing top-level names to ../../build/RoverInput/RoverInput.egg-info/top_level.txt
[2.898s] reading manifest file '../../build/RoverInput/RoverInput.egg-info/SOURCES.txt'
[2.898s] adding license file 'LICENSE'
[2.900s] writing manifest file '../../build/RoverInput/RoverInput.egg-info/SOURCES.txt'
[2.900s] running build
[2.900s] running build_py
[2.901s] running install
[2.901s] running install_lib
[2.903s] running install_data
[2.903s] running install_egg_info
[2.905s] removing '/home/arno/RoombaV2CS/install/RoverInput/lib/python3.10/site-packages/RoverInput-0.0.0-py3.10.egg-info' (and everything under it)
[2.906s] Copying ../../build/RoverInput/RoverInput.egg-info to /home/arno/RoombaV2CS/install/RoverInput/lib/python3.10/site-packages/RoverInput-0.0.0-py3.10.egg-info
[2.907s] running install_scripts
[2.939s] Installing input_node script to /home/arno/RoombaV2CS/install/RoverInput/lib/RoverInput
[2.940s] writing list of installed files to '/home/arno/RoombaV2CS/build/RoverInput/install.log'
[2.977s] Invoked command in '/home/arno/RoombaV2CS/src/RoverInput' returned '0': PYTHONPATH=/home/arno/RoombaV2CS/build/RoverInput/prefix_override:/usr/lib/python3/dist-packages/colcon_core/task/python/colcon_distutils_commands:/home/arno/RoombaV2CS/install/RoverInput/lib/python3.10/site-packages:${PYTHONPATH} /usr/bin/python3 -W ignore:setup.py install is deprecated setup.py egg_info --egg-base ../../build/RoverInput build --build-base /home/arno/RoombaV2CS/build/RoverInput/build install --record /home/arno/RoombaV2CS/build/RoverInput/install.log --single-version-externally-managed install_data
