[0.162s] DEBUG:colcon:Command line arguments: ['/usr/bin/colcon', 'build']
[0.163s] DEBUG:colcon:Parsed command line arguments: Namespace(log_base=None, log_level=None, verb_name='build', build_base='build', install_base='install', merge_install=False, symlink_install=False, test_result_base=None, continue_on_error=False, executor='parallel', parallel_workers=8, event_handlers=None, ignore_user_meta=False, metas=['./colcon.meta'], base_paths=['.'], packages_ignore=None, packages_ignore_regex=None, paths=None, packages_up_to=None, packages_up_to_regex=None, packages_above=None, packages_above_and_dependencies=None, packages_above_depth=None, packages_select_by_dep=None, packages_skip_by_dep=None, packages_skip_up_to=None, packages_select_build_failed=False, packages_skip_build_finished=False, packages_select_test_failures=False, packages_skip_test_passed=False, packages_select=None, packages_skip=None, packages_select_regex=None, packages_skip_regex=None, packages_start=None, packages_end=None, allow_overriding=[], cmake_args=None, cmake_target=None, cmake_target_skip_unavailable=False, cmake_clean_cache=False, cmake_clean_first=False, cmake_force_configure=False, ament_cmake_args=None, catkin_cmake_args=None, catkin_skip_building_tests=False, mixin_files=None, mixin=None, verb_parser=<colcon_mixin.mixin.mixin_argument.MixinArgumentDecorator object at 0x71d076422cb0>, verb_extension=<colcon_core.verb.build.BuildVerb object at 0x71d0765232b0>, main=<bound method BuildVerb.main of <colcon_core.verb.build.BuildVerb object at 0x71d0765232b0>>, mixin_verb=('build',))
[0.427s] Level 1:colcon.colcon_core.package_discovery:discover_packages(colcon_meta) check parameters
[0.427s] Level 1:colcon.colcon_core.package_discovery:discover_packages(recursive) check parameters
[0.427s] Level 1:colcon.colcon_core.package_discovery:discover_packages(ignore) check parameters
[0.427s] Level 1:colcon.colcon_core.package_discovery:discover_packages(path) check parameters
[0.427s] Level 1:colcon.colcon_core.package_discovery:discover_packages(colcon_meta) discover
[0.427s] Level 1:colcon.colcon_core.package_discovery:discover_packages(recursive) discover
[0.427s] INFO:colcon.colcon_core.package_discovery:Crawling recursively for packages in '/home/arno/RoombaV2CS'
[0.427s] Level 1:colcon.colcon_core.package_identification:_identify(.) by extensions ['ignore', 'ignore_ament_install']
[0.427s] Level 1:colcon.colcon_core.package_identification:_identify(.) by extension 'ignore'
[0.427s] Level 1:colcon.colcon_core.package_identification:_identify(.) by extension 'ignore_ament_install'
[0.427s] Level 1:colcon.colcon_core.package_identification:_identify(.) by extensions ['colcon_pkg']
[0.428s] Level 1:colcon.colcon_core.package_identification:_identify(.) by extension 'colcon_pkg'
[0.428s] Level 1:colcon.colcon_core.package_identification:_identify(.) by extensions ['colcon_meta']
[0.428s] Level 1:colcon.colcon_core.package_identification:_identify(.) by extension 'colcon_meta'
[0.428s] Level 1:colcon.colcon_core.package_identification:_identify(.) by extensions ['ros']
[0.428s] Level 1:colcon.colcon_core.package_identification:_identify(.) by extension 'ros'
[0.443s] Level 1:colcon.colcon_core.package_identification:_identify(.) by extensions ['cmake', 'python']
[0.443s] Level 1:colcon.colcon_core.package_identification:_identify(.) by extension 'cmake'
[0.443s] Level 1:colcon.colcon_core.package_identification:_identify(.) by extension 'python'
[0.444s] Level 1:colcon.colcon_core.package_identification:_identify(.) by extensions ['python_setup_py']
[0.444s] Level 1:colcon.colcon_core.package_identification:_identify(.) by extension 'python_setup_py'
[0.444s] Level 1:colcon.colcon_core.package_identification:_identify(build) by extensions ['ignore', 'ignore_ament_install']
[0.444s] Level 1:colcon.colcon_core.package_identification:_identify(build) by extension 'ignore'
[0.444s] Level 1:colcon.colcon_core.package_identification:_identify(build) ignored
[0.444s] Level 1:colcon.colcon_core.package_identification:_identify(install) by extensions ['ignore', 'ignore_ament_install']
[0.444s] Level 1:colcon.colcon_core.package_identification:_identify(install) by extension 'ignore'
[0.444s] Level 1:colcon.colcon_core.package_identification:_identify(install) ignored
[0.444s] Level 1:colcon.colcon_core.package_identification:_identify(log) by extensions ['ignore', 'ignore_ament_install']
[0.445s] Level 1:colcon.colcon_core.package_identification:_identify(log) by extension 'ignore'
[0.445s] Level 1:colcon.colcon_core.package_identification:_identify(log) ignored
[0.445s] Level 1:colcon.colcon_core.package_identification:_identify(src) by extensions ['ignore', 'ignore_ament_install']
[0.445s] Level 1:colcon.colcon_core.package_identification:_identify(src) by extension 'ignore'
[0.445s] Level 1:colcon.colcon_core.package_identification:_identify(src) by extension 'ignore_ament_install'
[0.445s] Level 1:colcon.colcon_core.package_identification:_identify(src) by extensions ['colcon_pkg']
[0.445s] Level 1:colcon.colcon_core.package_identification:_identify(src) by extension 'colcon_pkg'
[0.445s] Level 1:colcon.colcon_core.package_identification:_identify(src) by extensions ['colcon_meta']
[0.445s] Level 1:colcon.colcon_core.package_identification:_identify(src) by extension 'colcon_meta'
[0.445s] Level 1:colcon.colcon_core.package_identification:_identify(src) by extensions ['ros']
[0.445s] Level 1:colcon.colcon_core.package_identification:_identify(src) by extension 'ros'
[0.445s] Level 1:colcon.colcon_core.package_identification:_identify(src) by extensions ['cmake', 'python']
[0.445s] Level 1:colcon.colcon_core.package_identification:_identify(src) by extension 'cmake'
[0.446s] Level 1:colcon.colcon_core.package_identification:_identify(src) by extension 'python'
[0.446s] Level 1:colcon.colcon_core.package_identification:_identify(src) by extensions ['python_setup_py']
[0.446s] Level 1:colcon.colcon_core.package_identification:_identify(src) by extension 'python_setup_py'
[0.446s] Level 1:colcon.colcon_core.package_identification:_identify(src/GUI) by extensions ['ignore', 'ignore_ament_install']
[0.446s] Level 1:colcon.colcon_core.package_identification:_identify(src/GUI) by extension 'ignore'
[0.446s] Level 1:colcon.colcon_core.package_identification:_identify(src/GUI) by extension 'ignore_ament_install'
[0.446s] Level 1:colcon.colcon_core.package_identification:_identify(src/GUI) by extensions ['colcon_pkg']
[0.446s] Level 1:colcon.colcon_core.package_identification:_identify(src/GUI) by extension 'colcon_pkg'
[0.446s] Level 1:colcon.colcon_core.package_identification:_identify(src/GUI) by extensions ['colcon_meta']
[0.446s] Level 1:colcon.colcon_core.package_identification:_identify(src/GUI) by extension 'colcon_meta'
[0.446s] Level 1:colcon.colcon_core.package_identification:_identify(src/GUI) by extensions ['ros']
[0.446s] Level 1:colcon.colcon_core.package_identification:_identify(src/GUI) by extension 'ros'
[0.450s] DEBUG:colcon.colcon_core.package_identification:Package 'src/GUI' with type 'ros.ament_python' and name 'GUI'
[0.450s] Level 1:colcon.colcon_core.package_identification:_identify(src/RoverInput) by extensions ['ignore', 'ignore_ament_install']
[0.450s] Level 1:colcon.colcon_core.package_identification:_identify(src/RoverInput) by extension 'ignore'
[0.450s] Level 1:colcon.colcon_core.package_identification:_identify(src/RoverInput) by extension 'ignore_ament_install'
[0.450s] Level 1:colcon.colcon_core.package_identification:_identify(src/RoverInput) by extensions ['colcon_pkg']
[0.450s] Level 1:colcon.colcon_core.package_identification:_identify(src/RoverInput) by extension 'colcon_pkg'
[0.450s] Level 1:colcon.colcon_core.package_identification:_identify(src/RoverInput) by extensions ['colcon_meta']
[0.451s] Level 1:colcon.colcon_core.package_identification:_identify(src/RoverInput) by extension 'colcon_meta'
[0.451s] Level 1:colcon.colcon_core.package_identification:_identify(src/RoverInput) by extensions ['ros']
[0.451s] Level 1:colcon.colcon_core.package_identification:_identify(src/RoverInput) by extension 'ros'
[0.451s] DEBUG:colcon.colcon_core.package_identification:Package 'src/RoverInput' with type 'ros.ament_python' and name 'RoverInput'
[0.452s] Level 1:colcon.colcon_core.package_identification:_identify(src/controller_input) by extensions ['ignore', 'ignore_ament_install']
[0.452s] Level 1:colcon.colcon_core.package_identification:_identify(src/controller_input) by extension 'ignore'
[0.452s] Level 1:colcon.colcon_core.package_identification:_identify(src/controller_input) by extension 'ignore_ament_install'
[0.452s] Level 1:colcon.colcon_core.package_identification:_identify(src/controller_input) by extensions ['colcon_pkg']
[0.452s] Level 1:colcon.colcon_core.package_identification:_identify(src/controller_input) by extension 'colcon_pkg'
[0.452s] Level 1:colcon.colcon_core.package_identification:_identify(src/controller_input) by extensions ['colcon_meta']
[0.452s] Level 1:colcon.colcon_core.package_identification:_identify(src/controller_input) by extension 'colcon_meta'
[0.452s] Level 1:colcon.colcon_core.package_identification:_identify(src/controller_input) by extensions ['ros']
[0.452s] Level 1:colcon.colcon_core.package_identification:_identify(src/controller_input) by extension 'ros'
[0.453s] DEBUG:colcon.colcon_core.package_identification:Package 'src/controller_input' with type 'ros.ament_python' and name 'controller_input'
[0.453s] Level 1:colcon.colcon_core.package_identification:_identify(src/sllidar_ros2) by extensions ['ignore', 'ignore_ament_install']
[0.453s] Level 1:colcon.colcon_core.package_identification:_identify(src/sllidar_ros2) by extension 'ignore'
[0.453s] Level 1:colcon.colcon_core.package_identification:_identify(src/sllidar_ros2) by extension 'ignore_ament_install'
[0.453s] Level 1:colcon.colcon_core.package_identification:_identify(src/sllidar_ros2) by extensions ['colcon_pkg']
[0.453s] Level 1:colcon.colcon_core.package_identification:_identify(src/sllidar_ros2) by extension 'colcon_pkg'
[0.453s] Level 1:colcon.colcon_core.package_identification:_identify(src/sllidar_ros2) by extensions ['colcon_meta']
[0.453s] Level 1:colcon.colcon_core.package_identification:_identify(src/sllidar_ros2) by extension 'colcon_meta'
[0.454s] Level 1:colcon.colcon_core.package_identification:_identify(src/sllidar_ros2) by extensions ['ros']
[0.454s] Level 1:colcon.colcon_core.package_identification:_identify(src/sllidar_ros2) by extension 'ros'
[0.455s] DEBUG:colcon.colcon_core.package_identification:Package 'src/sllidar_ros2' with type 'ros.ament_cmake' and name 'sllidar_ros2'
[0.455s] Level 1:colcon.colcon_core.package_identification:_identify(src/stream_receiver) by extensions ['ignore', 'ignore_ament_install']
[0.455s] Level 1:colcon.colcon_core.package_identification:_identify(src/stream_receiver) by extension 'ignore'
[0.455s] Level 1:colcon.colcon_core.package_identification:_identify(src/stream_receiver) by extension 'ignore_ament_install'
[0.455s] Level 1:colcon.colcon_core.package_identification:_identify(src/stream_receiver) by extensions ['colcon_pkg']
[0.455s] Level 1:colcon.colcon_core.package_identification:_identify(src/stream_receiver) by extension 'colcon_pkg'
[0.455s] Level 1:colcon.colcon_core.package_identification:_identify(src/stream_receiver) by extensions ['colcon_meta']
[0.455s] Level 1:colcon.colcon_core.package_identification:_identify(src/stream_receiver) by extension 'colcon_meta'
[0.455s] Level 1:colcon.colcon_core.package_identification:_identify(src/stream_receiver) by extensions ['ros']
[0.455s] Level 1:colcon.colcon_core.package_identification:_identify(src/stream_receiver) by extension 'ros'
[0.456s] DEBUG:colcon.colcon_core.package_identification:Package 'src/stream_receiver' with type 'ros.ament_python' and name 'stream_receiver'
[0.456s] Level 1:colcon.colcon_core.package_discovery:discover_packages(recursive) using defaults
[0.456s] Level 1:colcon.colcon_core.package_discovery:discover_packages(ignore) discover
[0.456s] Level 1:colcon.colcon_core.package_discovery:discover_packages(ignore) using defaults
[0.456s] Level 1:colcon.colcon_core.package_discovery:discover_packages(path) discover
[0.456s] Level 1:colcon.colcon_core.package_discovery:discover_packages(path) using defaults
[0.499s] Level 1:colcon.colcon_core.package_discovery:discover_packages(prefix_path) check parameters
[0.499s] Level 1:colcon.colcon_core.package_discovery:discover_packages(prefix_path) discover
[0.502s] DEBUG:colcon.colcon_installed_package_information.package_discovery:Found 5 installed packages in /home/arno/RoombaV2CS/install
[0.504s] DEBUG:colcon.colcon_installed_package_information.package_discovery:Found 379 installed packages in /opt/ros/humble
[0.507s] Level 1:colcon.colcon_core.package_discovery:discover_packages(prefix_path) using defaults
[0.576s] Level 5:colcon.colcon_core.verb:set package 'GUI' build argument 'cmake_args' from command line to 'None'
[0.576s] Level 5:colcon.colcon_core.verb:set package 'GUI' build argument 'cmake_target' from command line to 'None'
[0.576s] Level 5:colcon.colcon_core.verb:set package 'GUI' build argument 'cmake_target_skip_unavailable' from command line to 'False'
[0.576s] Level 5:colcon.colcon_core.verb:set package 'GUI' build argument 'cmake_clean_cache' from command line to 'False'
[0.576s] Level 5:colcon.colcon_core.verb:set package 'GUI' build argument 'cmake_clean_first' from command line to 'False'
[0.576s] Level 5:colcon.colcon_core.verb:set package 'GUI' build argument 'cmake_force_configure' from command line to 'False'
[0.576s] Level 5:colcon.colcon_core.verb:set package 'GUI' build argument 'ament_cmake_args' from command line to 'None'
[0.576s] Level 5:colcon.colcon_core.verb:set package 'GUI' build argument 'catkin_cmake_args' from command line to 'None'
[0.576s] Level 5:colcon.colcon_core.verb:set package 'GUI' build argument 'catkin_skip_building_tests' from command line to 'False'
[0.577s] DEBUG:colcon.colcon_core.verb:Building package 'GUI' with the following arguments: {'ament_cmake_args': None, 'build_base': '/home/arno/RoombaV2CS/build/GUI', 'catkin_cmake_args': None, 'catkin_skip_building_tests': False, 'cmake_args': None, 'cmake_clean_cache': False, 'cmake_clean_first': False, 'cmake_force_configure': False, 'cmake_target': None, 'cmake_target_skip_unavailable': False, 'install_base': '/home/arno/RoombaV2CS/install/GUI', 'merge_install': False, 'path': '/home/arno/RoombaV2CS/src/GUI', 'symlink_install': False, 'test_result_base': None}
[0.577s] Level 5:colcon.colcon_core.verb:set package 'RoverInput' build argument 'cmake_args' from command line to 'None'
[0.577s] Level 5:colcon.colcon_core.verb:set package 'RoverInput' build argument 'cmake_target' from command line to 'None'
[0.577s] Level 5:colcon.colcon_core.verb:set package 'RoverInput' build argument 'cmake_target_skip_unavailable' from command line to 'False'
[0.577s] Level 5:colcon.colcon_core.verb:set package 'RoverInput' build argument 'cmake_clean_cache' from command line to 'False'
[0.577s] Level 5:colcon.colcon_core.verb:set package 'RoverInput' build argument 'cmake_clean_first' from command line to 'False'
[0.577s] Level 5:colcon.colcon_core.verb:set package 'RoverInput' build argument 'cmake_force_configure' from command line to 'False'
[0.577s] Level 5:colcon.colcon_core.verb:set package 'RoverInput' build argument 'ament_cmake_args' from command line to 'None'
[0.577s] Level 5:colcon.colcon_core.verb:set package 'RoverInput' build argument 'catkin_cmake_args' from command line to 'None'
[0.577s] Level 5:colcon.colcon_core.verb:set package 'RoverInput' build argument 'catkin_skip_building_tests' from command line to 'False'
[0.577s] DEBUG:colcon.colcon_core.verb:Building package 'RoverInput' with the following arguments: {'ament_cmake_args': None, 'build_base': '/home/arno/RoombaV2CS/build/RoverInput', 'catkin_cmake_args': None, 'catkin_skip_building_tests': False, 'cmake_args': None, 'cmake_clean_cache': False, 'cmake_clean_first': False, 'cmake_force_configure': False, 'cmake_target': None, 'cmake_target_skip_unavailable': False, 'install_base': '/home/arno/RoombaV2CS/install/RoverInput', 'merge_install': False, 'path': '/home/arno/RoombaV2CS/src/RoverInput', 'symlink_install': False, 'test_result_base': None}
[0.578s] Level 5:colcon.colcon_core.verb:set package 'controller_input' build argument 'cmake_args' from command line to 'None'
[0.578s] Level 5:colcon.colcon_core.verb:set package 'controller_input' build argument 'cmake_target' from command line to 'None'
[0.578s] Level 5:colcon.colcon_core.verb:set package 'controller_input' build argument 'cmake_target_skip_unavailable' from command line to 'False'
[0.578s] Level 5:colcon.colcon_core.verb:set package 'controller_input' build argument 'cmake_clean_cache' from command line to 'False'
[0.578s] Level 5:colcon.colcon_core.verb:set package 'controller_input' build argument 'cmake_clean_first' from command line to 'False'
[0.578s] Level 5:colcon.colcon_core.verb:set package 'controller_input' build argument 'cmake_force_configure' from command line to 'False'
[0.578s] Level 5:colcon.colcon_core.verb:set package 'controller_input' build argument 'ament_cmake_args' from command line to 'None'
[0.578s] Level 5:colcon.colcon_core.verb:set package 'controller_input' build argument 'catkin_cmake_args' from command line to 'None'
[0.578s] Level 5:colcon.colcon_core.verb:set package 'controller_input' build argument 'catkin_skip_building_tests' from command line to 'False'
[0.578s] DEBUG:colcon.colcon_core.verb:Building package 'controller_input' with the following arguments: {'ament_cmake_args': None, 'build_base': '/home/arno/RoombaV2CS/build/controller_input', 'catkin_cmake_args': None, 'catkin_skip_building_tests': False, 'cmake_args': None, 'cmake_clean_cache': False, 'cmake_clean_first': False, 'cmake_force_configure': False, 'cmake_target': None, 'cmake_target_skip_unavailable': False, 'install_base': '/home/arno/RoombaV2CS/install/controller_input', 'merge_install': False, 'path': '/home/arno/RoombaV2CS/src/controller_input', 'symlink_install': False, 'test_result_base': None}
[0.579s] Level 5:colcon.colcon_core.verb:set package 'sllidar_ros2' build argument 'cmake_args' from command line to 'None'
[0.579s] Level 5:colcon.colcon_core.verb:set package 'sllidar_ros2' build argument 'cmake_target' from command line to 'None'
[0.579s] Level 5:colcon.colcon_core.verb:set package 'sllidar_ros2' build argument 'cmake_target_skip_unavailable' from command line to 'False'
[0.579s] Level 5:colcon.colcon_core.verb:set package 'sllidar_ros2' build argument 'cmake_clean_cache' from command line to 'False'
[0.579s] Level 5:colcon.colcon_core.verb:set package 'sllidar_ros2' build argument 'cmake_clean_first' from command line to 'False'
[0.579s] Level 5:colcon.colcon_core.verb:set package 'sllidar_ros2' build argument 'cmake_force_configure' from command line to 'False'
[0.579s] Level 5:colcon.colcon_core.verb:set package 'sllidar_ros2' build argument 'ament_cmake_args' from command line to 'None'
[0.579s] Level 5:colcon.colcon_core.verb:set package 'sllidar_ros2' build argument 'catkin_cmake_args' from command line to 'None'
[0.579s] Level 5:colcon.colcon_core.verb:set package 'sllidar_ros2' build argument 'catkin_skip_building_tests' from command line to 'False'
[0.579s] DEBUG:colcon.colcon_core.verb:Building package 'sllidar_ros2' with the following arguments: {'ament_cmake_args': None, 'build_base': '/home/arno/RoombaV2CS/build/sllidar_ros2', 'catkin_cmake_args': None, 'catkin_skip_building_tests': False, 'cmake_args': None, 'cmake_clean_cache': False, 'cmake_clean_first': False, 'cmake_force_configure': False, 'cmake_target': None, 'cmake_target_skip_unavailable': False, 'install_base': '/home/arno/RoombaV2CS/install/sllidar_ros2', 'merge_install': False, 'path': '/home/arno/RoombaV2CS/src/sllidar_ros2', 'symlink_install': False, 'test_result_base': None}
[0.580s] Level 5:colcon.colcon_core.verb:set package 'stream_receiver' build argument 'cmake_args' from command line to 'None'
[0.580s] Level 5:colcon.colcon_core.verb:set package 'stream_receiver' build argument 'cmake_target' from command line to 'None'
[0.580s] Level 5:colcon.colcon_core.verb:set package 'stream_receiver' build argument 'cmake_target_skip_unavailable' from command line to 'False'
[0.580s] Level 5:colcon.colcon_core.verb:set package 'stream_receiver' build argument 'cmake_clean_cache' from command line to 'False'
[0.580s] Level 5:colcon.colcon_core.verb:set package 'stream_receiver' build argument 'cmake_clean_first' from command line to 'False'
[0.580s] Level 5:colcon.colcon_core.verb:set package 'stream_receiver' build argument 'cmake_force_configure' from command line to 'False'
[0.580s] Level 5:colcon.colcon_core.verb:set package 'stream_receiver' build argument 'ament_cmake_args' from command line to 'None'
[0.580s] Level 5:colcon.colcon_core.verb:set package 'stream_receiver' build argument 'catkin_cmake_args' from command line to 'None'
[0.580s] Level 5:colcon.colcon_core.verb:set package 'stream_receiver' build argument 'catkin_skip_building_tests' from command line to 'False'
[0.580s] DEBUG:colcon.colcon_core.verb:Building package 'stream_receiver' with the following arguments: {'ament_cmake_args': None, 'build_base': '/home/arno/RoombaV2CS/build/stream_receiver', 'catkin_cmake_args': None, 'catkin_skip_building_tests': False, 'cmake_args': None, 'cmake_clean_cache': False, 'cmake_clean_first': False, 'cmake_force_configure': False, 'cmake_target': None, 'cmake_target_skip_unavailable': False, 'install_base': '/home/arno/RoombaV2CS/install/stream_receiver', 'merge_install': False, 'path': '/home/arno/RoombaV2CS/src/stream_receiver', 'symlink_install': False, 'test_result_base': None}
[0.580s] INFO:colcon.colcon_core.executor:Executing jobs using 'parallel' executor
[0.581s] DEBUG:colcon.colcon_parallel_executor.executor.parallel:run_until_complete
[0.582s] INFO:colcon.colcon_ros.task.ament_python.build:Building ROS package in '/home/arno/RoombaV2CS/src/GUI' with build type 'ament_python'
[0.582s] Level 1:colcon.colcon_core.shell:create_environment_hook('GUI', 'ament_prefix_path')
[0.585s] INFO:colcon.colcon_core.plugin_system:Skipping extension 'colcon_core.shell.bat': Not used on non-Windows systems
[0.585s] INFO:colcon.colcon_core.shell:Creating environment hook '/home/arno/RoombaV2CS/install/GUI/share/GUI/hook/ament_prefix_path.ps1'
[0.586s] INFO:colcon.colcon_core.shell:Creating environment descriptor '/home/arno/RoombaV2CS/install/GUI/share/GUI/hook/ament_prefix_path.dsv'
[0.587s] INFO:colcon.colcon_core.shell:Creating environment hook '/home/arno/RoombaV2CS/install/GUI/share/GUI/hook/ament_prefix_path.sh'
[0.587s] INFO:colcon.colcon_core.shell:Skip shell extension 'powershell' for command environment: Not usable outside of PowerShell
[0.588s] DEBUG:colcon.colcon_core.shell:Skip shell extension 'dsv' for command environment
[0.592s] INFO:colcon.colcon_ros.task.ament_python.build:Building ROS package in '/home/arno/RoombaV2CS/src/RoverInput' with build type 'ament_python'
[0.592s] Level 1:colcon.colcon_core.shell:create_environment_hook('RoverInput', 'ament_prefix_path')
[0.593s] INFO:colcon.colcon_core.shell:Creating environment hook '/home/arno/RoombaV2CS/install/RoverInput/share/RoverInput/hook/ament_prefix_path.ps1'
[0.593s] INFO:colcon.colcon_core.shell:Creating environment descriptor '/home/arno/RoombaV2CS/install/RoverInput/share/RoverInput/hook/ament_prefix_path.dsv'
[0.594s] INFO:colcon.colcon_core.shell:Creating environment hook '/home/arno/RoombaV2CS/install/RoverInput/share/RoverInput/hook/ament_prefix_path.sh'
[0.594s] INFO:colcon.colcon_core.shell:Skip shell extension 'powershell' for command environment: Not usable outside of PowerShell
[0.595s] DEBUG:colcon.colcon_core.shell:Skip shell extension 'dsv' for command environment
[0.599s] INFO:colcon.colcon_ros.task.ament_python.build:Building ROS package in '/home/arno/RoombaV2CS/src/controller_input' with build type 'ament_python'
[0.599s] Level 1:colcon.colcon_core.shell:create_environment_hook('controller_input', 'ament_prefix_path')
[0.599s] INFO:colcon.colcon_core.shell:Creating environment hook '/home/arno/RoombaV2CS/install/controller_input/share/controller_input/hook/ament_prefix_path.ps1'
[0.600s] INFO:colcon.colcon_core.shell:Creating environment descriptor '/home/arno/RoombaV2CS/install/controller_input/share/controller_input/hook/ament_prefix_path.dsv'
[0.600s] INFO:colcon.colcon_core.shell:Creating environment hook '/home/arno/RoombaV2CS/install/controller_input/share/controller_input/hook/ament_prefix_path.sh'
[0.601s] INFO:colcon.colcon_core.shell:Skip shell extension 'powershell' for command environment: Not usable outside of PowerShell
[0.601s] DEBUG:colcon.colcon_core.shell:Skip shell extension 'dsv' for command environment
[0.606s] INFO:colcon.colcon_ros.task.ament_cmake.build:Building ROS package in '/home/arno/RoombaV2CS/src/sllidar_ros2' with build type 'ament_cmake'
[0.606s] INFO:colcon.colcon_cmake.task.cmake.build:Building CMake package in '/home/arno/RoombaV2CS/src/sllidar_ros2'
[0.606s] INFO:colcon.colcon_core.shell:Skip shell extension 'powershell' for command environment: Not usable outside of PowerShell
[0.606s] DEBUG:colcon.colcon_core.shell:Skip shell extension 'dsv' for command environment
[0.611s] INFO:colcon.colcon_ros.task.ament_python.build:Building ROS package in '/home/arno/RoombaV2CS/src/stream_receiver' with build type 'ament_python'
[0.611s] Level 1:colcon.colcon_core.shell:create_environment_hook('stream_receiver', 'ament_prefix_path')
[0.611s] INFO:colcon.colcon_core.shell:Creating environment hook '/home/arno/RoombaV2CS/install/stream_receiver/share/stream_receiver/hook/ament_prefix_path.ps1'
[0.612s] INFO:colcon.colcon_core.shell:Creating environment descriptor '/home/arno/RoombaV2CS/install/stream_receiver/share/stream_receiver/hook/ament_prefix_path.dsv'
[0.613s] INFO:colcon.colcon_core.shell:Creating environment hook '/home/arno/RoombaV2CS/install/stream_receiver/share/stream_receiver/hook/ament_prefix_path.sh'
[0.613s] INFO:colcon.colcon_core.shell:Skip shell extension 'powershell' for command environment: Not usable outside of PowerShell
[0.613s] DEBUG:colcon.colcon_core.shell:Skip shell extension 'dsv' for command environment
[1.010s] INFO:colcon.colcon_core.task.python.build:Building Python package in '/home/arno/RoombaV2CS/src/GUI'
[1.010s] INFO:colcon.colcon_core.shell:Skip shell extension 'powershell' for command environment: Not usable outside of PowerShell
[1.011s] DEBUG:colcon.colcon_core.shell:Skip shell extension 'dsv' for command environment
[1.400s] INFO:colcon.colcon_core.task.python.build:Building Python package in '/home/arno/RoombaV2CS/src/RoverInput'
[1.401s] INFO:colcon.colcon_core.shell:Skip shell extension 'powershell' for command environment: Not usable outside of PowerShell
[1.401s] DEBUG:colcon.colcon_core.shell:Skip shell extension 'dsv' for command environment
[1.788s] WARNING:colcon.colcon_ros.task.ament_python.build:Package 'controller_input' doesn't explicitly install a marker in the package index (colcon-ros currently does it implicitly but that fallback will be removed in the future)
[1.788s] INFO:colcon.colcon_core.task.python.build:Building Python package in '/home/arno/RoombaV2CS/src/controller_input'
[1.789s] INFO:colcon.colcon_core.shell:Skip shell extension 'powershell' for command environment: Not usable outside of PowerShell
[1.789s] DEBUG:colcon.colcon_core.shell:Skip shell extension 'dsv' for command environment
[1.800s] DEBUG:colcon.colcon_core.event_handler.log_command:Invoking command in '/home/arno/RoombaV2CS/build/sllidar_ros2': CMAKE_PREFIX_PATH=${CMAKE_PREFIX_PATH}:/home/arno/RoombaV2CS/install/stream_receiver:/home/arno/RoombaV2CS/install/controller_input:/home/arno/RoombaV2CS/install/RoverInput:/home/arno/RoombaV2CS/install/GUI:/opt/ros/humble /usr/bin/cmake --build /home/arno/RoombaV2CS/build/sllidar_ros2 -- -j8 -l8
[2.219s] INFO:colcon.colcon_core.task.python.build:Building Python package in '/home/arno/RoombaV2CS/src/stream_receiver'
[2.219s] INFO:colcon.colcon_core.shell:Skip shell extension 'powershell' for command environment: Not usable outside of PowerShell
[2.219s] DEBUG:colcon.colcon_core.shell:Skip shell extension 'dsv' for command environment
[2.236s] DEBUG:colcon.colcon_core.event_handler.log_command:Invoked command in '/home/arno/RoombaV2CS/build/sllidar_ros2' returned '0': CMAKE_PREFIX_PATH=${CMAKE_PREFIX_PATH}:/home/arno/RoombaV2CS/install/stream_receiver:/home/arno/RoombaV2CS/install/controller_input:/home/arno/RoombaV2CS/install/RoverInput:/home/arno/RoombaV2CS/install/GUI:/opt/ros/humble /usr/bin/cmake --build /home/arno/RoombaV2CS/build/sllidar_ros2 -- -j8 -l8
[2.334s] DEBUG:colcon.colcon_core.event_handler.log_command:Invoking command in '/home/arno/RoombaV2CS/build/sllidar_ros2': CMAKE_PREFIX_PATH=${CMAKE_PREFIX_PATH}:/home/arno/RoombaV2CS/install/stream_receiver:/home/arno/RoombaV2CS/install/controller_input:/home/arno/RoombaV2CS/install/RoverInput:/home/arno/RoombaV2CS/install/GUI:/opt/ros/humble /usr/bin/cmake --install /home/arno/RoombaV2CS/build/sllidar_ros2
[2.367s] Level 1:colcon.colcon_core.environment:create_environment_scripts_only(sllidar_ros2)
[2.372s] Level 1:colcon.colcon_core.environment:checking '/home/arno/RoombaV2CS/install/sllidar_ros2' for CMake module files
[2.374s] Level 1:colcon.colcon_core.environment:checking '/home/arno/RoombaV2CS/install/sllidar_ros2' for CMake config files
[2.374s] Level 1:colcon.colcon_core.shell:create_environment_hook('sllidar_ros2', 'cmake_prefix_path')
[2.375s] INFO:colcon.colcon_core.shell:Creating environment hook '/home/arno/RoombaV2CS/install/sllidar_ros2/share/sllidar_ros2/hook/cmake_prefix_path.ps1'
[2.376s] INFO:colcon.colcon_core.shell:Creating environment descriptor '/home/arno/RoombaV2CS/install/sllidar_ros2/share/sllidar_ros2/hook/cmake_prefix_path.dsv'
[2.376s] INFO:colcon.colcon_core.shell:Creating environment hook '/home/arno/RoombaV2CS/install/sllidar_ros2/share/sllidar_ros2/hook/cmake_prefix_path.sh'
[2.377s] Level 1:colcon.colcon_core.environment:checking '/home/arno/RoombaV2CS/install/sllidar_ros2/lib'
[2.378s] Level 1:colcon.colcon_core.environment:checking '/home/arno/RoombaV2CS/install/sllidar_ros2/bin'
[2.378s] Level 1:colcon.colcon_core.environment:checking '/home/arno/RoombaV2CS/install/sllidar_ros2/lib/pkgconfig/sllidar_ros2.pc'
[2.379s] Level 1:colcon.colcon_core.environment:checking '/home/arno/RoombaV2CS/install/sllidar_ros2/lib/python3.10/site-packages'
[2.379s] Level 1:colcon.colcon_core.environment:checking '/home/arno/RoombaV2CS/install/sllidar_ros2/bin'
[2.380s] INFO:colcon.colcon_core.shell:Creating package script '/home/arno/RoombaV2CS/install/sllidar_ros2/share/sllidar_ros2/package.ps1'
[2.382s] DEBUG:colcon.colcon_core.event_handler.log_command:Invoked command in '/home/arno/RoombaV2CS/build/sllidar_ros2' returned '0': CMAKE_PREFIX_PATH=${CMAKE_PREFIX_PATH}:/home/arno/RoombaV2CS/install/stream_receiver:/home/arno/RoombaV2CS/install/controller_input:/home/arno/RoombaV2CS/install/RoverInput:/home/arno/RoombaV2CS/install/GUI:/opt/ros/humble /usr/bin/cmake --install /home/arno/RoombaV2CS/build/sllidar_ros2
[2.383s] INFO:colcon.colcon_core.shell:Creating package descriptor '/home/arno/RoombaV2CS/install/sllidar_ros2/share/sllidar_ros2/package.dsv'
[2.384s] INFO:colcon.colcon_core.shell:Creating package script '/home/arno/RoombaV2CS/install/sllidar_ros2/share/sllidar_ros2/package.sh'
[2.385s] INFO:colcon.colcon_core.shell:Creating package script '/home/arno/RoombaV2CS/install/sllidar_ros2/share/sllidar_ros2/package.bash'
[2.387s] INFO:colcon.colcon_core.shell:Creating package script '/home/arno/RoombaV2CS/install/sllidar_ros2/share/sllidar_ros2/package.zsh'
[2.389s] Level 1:colcon.colcon_core.environment:create_file_with_runtime_dependencies(/home/arno/RoombaV2CS/install/sllidar_ros2/share/colcon-core/packages/sllidar_ros2)
[2.464s] Level 1:colcon.colcon_core.environment:create_environment_scripts_only(sllidar_ros2)
[2.464s] Level 1:colcon.colcon_core.environment:checking '/home/arno/RoombaV2CS/install/sllidar_ros2' for CMake module files
[2.465s] Level 1:colcon.colcon_core.environment:checking '/home/arno/RoombaV2CS/install/sllidar_ros2' for CMake config files
[2.465s] Level 1:colcon.colcon_core.shell:create_environment_hook('sllidar_ros2', 'cmake_prefix_path')
[2.466s] INFO:colcon.colcon_core.shell:Creating environment hook '/home/arno/RoombaV2CS/install/sllidar_ros2/share/sllidar_ros2/hook/cmake_prefix_path.ps1'
[2.466s] INFO:colcon.colcon_core.shell:Creating environment descriptor '/home/arno/RoombaV2CS/install/sllidar_ros2/share/sllidar_ros2/hook/cmake_prefix_path.dsv'
[2.466s] INFO:colcon.colcon_core.shell:Creating environment hook '/home/arno/RoombaV2CS/install/sllidar_ros2/share/sllidar_ros2/hook/cmake_prefix_path.sh'
[2.467s] Level 1:colcon.colcon_core.environment:checking '/home/arno/RoombaV2CS/install/sllidar_ros2/lib'
[2.467s] Level 1:colcon.colcon_core.environment:checking '/home/arno/RoombaV2CS/install/sllidar_ros2/bin'
[2.467s] Level 1:colcon.colcon_core.environment:checking '/home/arno/RoombaV2CS/install/sllidar_ros2/lib/pkgconfig/sllidar_ros2.pc'
[2.468s] Level 1:colcon.colcon_core.environment:checking '/home/arno/RoombaV2CS/install/sllidar_ros2/lib/python3.10/site-packages'
[2.468s] Level 1:colcon.colcon_core.environment:checking '/home/arno/RoombaV2CS/install/sllidar_ros2/bin'
[2.468s] INFO:colcon.colcon_core.shell:Creating package script '/home/arno/RoombaV2CS/install/sllidar_ros2/share/sllidar_ros2/package.ps1'
[2.469s] INFO:colcon.colcon_core.shell:Creating package descriptor '/home/arno/RoombaV2CS/install/sllidar_ros2/share/sllidar_ros2/package.dsv'
[2.469s] INFO:colcon.colcon_core.shell:Creating package script '/home/arno/RoombaV2CS/install/sllidar_ros2/share/sllidar_ros2/package.sh'
[2.470s] INFO:colcon.colcon_core.shell:Creating package script '/home/arno/RoombaV2CS/install/sllidar_ros2/share/sllidar_ros2/package.bash'
[2.471s] INFO:colcon.colcon_core.shell:Creating package script '/home/arno/RoombaV2CS/install/sllidar_ros2/share/sllidar_ros2/package.zsh'
[2.471s] Level 1:colcon.colcon_core.environment:create_file_with_runtime_dependencies(/home/arno/RoombaV2CS/install/sllidar_ros2/share/colcon-core/packages/sllidar_ros2)
[2.814s] DEBUG:colcon.colcon_core.event_handler.log_command:Invoking command in '/home/arno/RoombaV2CS/src/RoverInput': PYTHONPATH=/home/arno/RoombaV2CS/build/RoverInput/prefix_override:/usr/lib/python3/dist-packages/colcon_core/task/python/colcon_distutils_commands:/home/arno/RoombaV2CS/install/RoverInput/lib/python3.10/site-packages:${PYTHONPATH} /usr/bin/python3 -W ignore:setup.py install is deprecated setup.py egg_info --egg-base ../../build/RoverInput build --build-base /home/arno/RoombaV2CS/build/RoverInput/build install --record /home/arno/RoombaV2CS/build/RoverInput/install.log --single-version-externally-managed install_data
[2.845s] DEBUG:colcon.colcon_core.event_handler.log_command:Invoking command in '/home/arno/RoombaV2CS/src/controller_input': PYTHONPATH=/home/arno/RoombaV2CS/build/controller_input/prefix_override:/usr/lib/python3/dist-packages/colcon_core/task/python/colcon_distutils_commands:/home/arno/RoombaV2CS/install/controller_input/lib/python3.10/site-packages:${PYTHONPATH} /usr/bin/python3 -W ignore:setup.py install is deprecated setup.py egg_info --egg-base ../../build/controller_input build --build-base /home/arno/RoombaV2CS/build/controller_input/build install --record /home/arno/RoombaV2CS/build/controller_input/install.log --single-version-externally-managed install_data
[2.902s] DEBUG:colcon.colcon_core.event_handler.log_command:Invoking command in '/home/arno/RoombaV2CS/src/GUI': PYTHONPATH=/home/arno/RoombaV2CS/build/GUI/prefix_override:/usr/lib/python3/dist-packages/colcon_core/task/python/colcon_distutils_commands:/home/arno/RoombaV2CS/install/GUI/lib/python3.10/site-packages:${PYTHONPATH} /usr/bin/python3 -W ignore:setup.py install is deprecated setup.py egg_info --egg-base ../../build/GUI build --build-base /home/arno/RoombaV2CS/build/GUI/build install --record /home/arno/RoombaV2CS/build/GUI/install.log --single-version-externally-managed install_data
[2.917s] DEBUG:colcon.colcon_core.event_handler.log_command:Invoking command in '/home/arno/RoombaV2CS/src/stream_receiver': PYTHONPATH=/home/arno/RoombaV2CS/build/stream_receiver/prefix_override:/usr/lib/python3/dist-packages/colcon_core/task/python/colcon_distutils_commands:/home/arno/RoombaV2CS/install/stream_receiver/lib/python3.10/site-packages:${PYTHONPATH} /usr/bin/python3 -W ignore:setup.py install is deprecated setup.py egg_info --egg-base ../../build/stream_receiver build --build-base /home/arno/RoombaV2CS/build/stream_receiver/build install --record /home/arno/RoombaV2CS/build/stream_receiver/install.log --single-version-externally-managed install_data
[3.287s] Level 1:colcon.colcon_core.environment:checking '/home/arno/RoombaV2CS/install/RoverInput' for CMake module files
[3.288s] DEBUG:colcon.colcon_core.event_handler.log_command:Invoked command in '/home/arno/RoombaV2CS/src/RoverInput' returned '0': PYTHONPATH=/home/arno/RoombaV2CS/build/RoverInput/prefix_override:/usr/lib/python3/dist-packages/colcon_core/task/python/colcon_distutils_commands:/home/arno/RoombaV2CS/install/RoverInput/lib/python3.10/site-packages:${PYTHONPATH} /usr/bin/python3 -W ignore:setup.py install is deprecated setup.py egg_info --egg-base ../../build/RoverInput build --build-base /home/arno/RoombaV2CS/build/RoverInput/build install --record /home/arno/RoombaV2CS/build/RoverInput/install.log --single-version-externally-managed install_data
[3.289s] Level 1:colcon.colcon_core.environment:checking '/home/arno/RoombaV2CS/install/RoverInput' for CMake config files
[3.291s] Level 1:colcon.colcon_core.environment:checking '/home/arno/RoombaV2CS/install/RoverInput/lib'
[3.291s] Level 1:colcon.colcon_core.environment:checking '/home/arno/RoombaV2CS/install/RoverInput/bin'
[3.291s] Level 1:colcon.colcon_core.environment:checking '/home/arno/RoombaV2CS/install/RoverInput/lib/pkgconfig/RoverInput.pc'
[3.292s] Level 1:colcon.colcon_core.environment:checking '/home/arno/RoombaV2CS/install/RoverInput/lib/python3.10/site-packages'
[3.292s] Level 1:colcon.colcon_core.shell:create_environment_hook('RoverInput', 'pythonpath')
[3.293s] INFO:colcon.colcon_core.shell:Creating environment hook '/home/arno/RoombaV2CS/install/RoverInput/share/RoverInput/hook/pythonpath.ps1'
[3.294s] INFO:colcon.colcon_core.shell:Creating environment descriptor '/home/arno/RoombaV2CS/install/RoverInput/share/RoverInput/hook/pythonpath.dsv'
[3.295s] INFO:colcon.colcon_core.shell:Creating environment hook '/home/arno/RoombaV2CS/install/RoverInput/share/RoverInput/hook/pythonpath.sh'
[3.296s] Level 1:colcon.colcon_core.environment:checking '/home/arno/RoombaV2CS/install/RoverInput/bin'
[3.296s] Level 1:colcon.colcon_core.environment:create_environment_scripts_only(RoverInput)
[3.297s] INFO:colcon.colcon_core.shell:Creating package script '/home/arno/RoombaV2CS/install/RoverInput/share/RoverInput/package.ps1'
[3.298s] INFO:colcon.colcon_core.shell:Creating package descriptor '/home/arno/RoombaV2CS/install/RoverInput/share/RoverInput/package.dsv'
[3.299s] INFO:colcon.colcon_core.shell:Creating package script '/home/arno/RoombaV2CS/install/RoverInput/share/RoverInput/package.sh'
[3.300s] INFO:colcon.colcon_core.shell:Creating package script '/home/arno/RoombaV2CS/install/RoverInput/share/RoverInput/package.bash'
[3.301s] INFO:colcon.colcon_core.shell:Creating package script '/home/arno/RoombaV2CS/install/RoverInput/share/RoverInput/package.zsh'
[3.301s] Level 1:colcon.colcon_core.environment:create_file_with_runtime_dependencies(/home/arno/RoombaV2CS/install/RoverInput/share/colcon-core/packages/RoverInput)
[3.359s] Level 1:colcon.colcon_core.environment:checking '/home/arno/RoombaV2CS/install/controller_input' for CMake module files
[3.361s] DEBUG:colcon.colcon_core.event_handler.log_command:Invoked command in '/home/arno/RoombaV2CS/src/controller_input' returned '0': PYTHONPATH=/home/arno/RoombaV2CS/build/controller_input/prefix_override:/usr/lib/python3/dist-packages/colcon_core/task/python/colcon_distutils_commands:/home/arno/RoombaV2CS/install/controller_input/lib/python3.10/site-packages:${PYTHONPATH} /usr/bin/python3 -W ignore:setup.py install is deprecated setup.py egg_info --egg-base ../../build/controller_input build --build-base /home/arno/RoombaV2CS/build/controller_input/build install --record /home/arno/RoombaV2CS/build/controller_input/install.log --single-version-externally-managed install_data
[3.361s] Level 1:colcon.colcon_core.environment:checking '/home/arno/RoombaV2CS/install/controller_input' for CMake config files
[3.362s] Level 1:colcon.colcon_core.environment:checking '/home/arno/RoombaV2CS/install/controller_input/lib'
[3.363s] Level 1:colcon.colcon_core.environment:checking '/home/arno/RoombaV2CS/install/controller_input/bin'
[3.363s] Level 1:colcon.colcon_core.environment:checking '/home/arno/RoombaV2CS/install/controller_input/lib/pkgconfig/controller_input.pc'
[3.363s] Level 1:colcon.colcon_core.environment:checking '/home/arno/RoombaV2CS/install/controller_input/lib/python3.10/site-packages'
[3.363s] Level 1:colcon.colcon_core.shell:create_environment_hook('controller_input', 'pythonpath')
[3.364s] INFO:colcon.colcon_core.shell:Creating environment hook '/home/arno/RoombaV2CS/install/controller_input/share/controller_input/hook/pythonpath.ps1'
[3.365s] INFO:colcon.colcon_core.shell:Creating environment descriptor '/home/arno/RoombaV2CS/install/controller_input/share/controller_input/hook/pythonpath.dsv'
[3.366s] INFO:colcon.colcon_core.shell:Creating environment hook '/home/arno/RoombaV2CS/install/controller_input/share/controller_input/hook/pythonpath.sh'
[3.367s] Level 1:colcon.colcon_core.environment:checking '/home/arno/RoombaV2CS/install/controller_input/bin'
[3.367s] Level 1:colcon.colcon_core.environment:create_environment_scripts_only(controller_input)
[3.368s] INFO:colcon.colcon_core.shell:Creating package script '/home/arno/RoombaV2CS/install/controller_input/share/controller_input/package.ps1'
[3.369s] INFO:colcon.colcon_core.shell:Creating package descriptor '/home/arno/RoombaV2CS/install/controller_input/share/controller_input/package.dsv'
[3.370s] INFO:colcon.colcon_core.shell:Creating package script '/home/arno/RoombaV2CS/install/controller_input/share/controller_input/package.sh'
[3.371s] INFO:colcon.colcon_core.shell:Creating package script '/home/arno/RoombaV2CS/install/controller_input/share/controller_input/package.bash'
[3.372s] INFO:colcon.colcon_core.shell:Creating package script '/home/arno/RoombaV2CS/install/controller_input/share/controller_input/package.zsh'
[3.373s] Level 1:colcon.colcon_core.environment:create_file_with_runtime_dependencies(/home/arno/RoombaV2CS/install/controller_input/share/colcon-core/packages/controller_input)
[3.375s] Level 1:colcon.colcon_core.environment:checking '/home/arno/RoombaV2CS/install/GUI' for CMake module files
[3.376s] DEBUG:colcon.colcon_core.event_handler.log_command:Invoked command in '/home/arno/RoombaV2CS/src/GUI' returned '0': PYTHONPATH=/home/arno/RoombaV2CS/build/GUI/prefix_override:/usr/lib/python3/dist-packages/colcon_core/task/python/colcon_distutils_commands:/home/arno/RoombaV2CS/install/GUI/lib/python3.10/site-packages:${PYTHONPATH} /usr/bin/python3 -W ignore:setup.py install is deprecated setup.py egg_info --egg-base ../../build/GUI build --build-base /home/arno/RoombaV2CS/build/GUI/build install --record /home/arno/RoombaV2CS/build/GUI/install.log --single-version-externally-managed install_data
[3.377s] Level 1:colcon.colcon_core.environment:checking '/home/arno/RoombaV2CS/install/GUI' for CMake config files
[3.378s] Level 1:colcon.colcon_core.environment:checking '/home/arno/RoombaV2CS/install/GUI/lib'
[3.379s] Level 1:colcon.colcon_core.environment:checking '/home/arno/RoombaV2CS/install/GUI/bin'
[3.379s] Level 1:colcon.colcon_core.environment:checking '/home/arno/RoombaV2CS/install/GUI/lib/pkgconfig/GUI.pc'
[3.379s] Level 1:colcon.colcon_core.environment:checking '/home/arno/RoombaV2CS/install/GUI/lib/python3.10/site-packages'
[3.379s] Level 1:colcon.colcon_core.shell:create_environment_hook('GUI', 'pythonpath')
[3.380s] INFO:colcon.colcon_core.shell:Creating environment hook '/home/arno/RoombaV2CS/install/GUI/share/GUI/hook/pythonpath.ps1'
[3.381s] INFO:colcon.colcon_core.shell:Creating environment descriptor '/home/arno/RoombaV2CS/install/GUI/share/GUI/hook/pythonpath.dsv'
[3.382s] INFO:colcon.colcon_core.shell:Creating environment hook '/home/arno/RoombaV2CS/install/GUI/share/GUI/hook/pythonpath.sh'
[3.383s] Level 1:colcon.colcon_core.environment:checking '/home/arno/RoombaV2CS/install/GUI/bin'
[3.383s] Level 1:colcon.colcon_core.environment:create_environment_scripts_only(GUI)
[3.383s] INFO:colcon.colcon_core.shell:Creating package script '/home/arno/RoombaV2CS/install/GUI/share/GUI/package.ps1'
[3.384s] INFO:colcon.colcon_core.shell:Creating package descriptor '/home/arno/RoombaV2CS/install/GUI/share/GUI/package.dsv'
[3.385s] INFO:colcon.colcon_core.shell:Creating package script '/home/arno/RoombaV2CS/install/GUI/share/GUI/package.sh'
[3.385s] INFO:colcon.colcon_core.shell:Creating package script '/home/arno/RoombaV2CS/install/GUI/share/GUI/package.bash'
[3.386s] INFO:colcon.colcon_core.shell:Creating package script '/home/arno/RoombaV2CS/install/GUI/share/GUI/package.zsh'
[3.386s] Level 1:colcon.colcon_core.environment:create_file_with_runtime_dependencies(/home/arno/RoombaV2CS/install/GUI/share/colcon-core/packages/GUI)
[3.388s] Level 1:colcon.colcon_core.environment:checking '/home/arno/RoombaV2CS/install/stream_receiver' for CMake module files
[3.390s] DEBUG:colcon.colcon_core.event_handler.log_command:Invoked command in '/home/arno/RoombaV2CS/src/stream_receiver' returned '0': PYTHONPATH=/home/arno/RoombaV2CS/build/stream_receiver/prefix_override:/usr/lib/python3/dist-packages/colcon_core/task/python/colcon_distutils_commands:/home/arno/RoombaV2CS/install/stream_receiver/lib/python3.10/site-packages:${PYTHONPATH} /usr/bin/python3 -W ignore:setup.py install is deprecated setup.py egg_info --egg-base ../../build/stream_receiver build --build-base /home/arno/RoombaV2CS/build/stream_receiver/build install --record /home/arno/RoombaV2CS/build/stream_receiver/install.log --single-version-externally-managed install_data
[3.390s] Level 1:colcon.colcon_core.environment:checking '/home/arno/RoombaV2CS/install/stream_receiver' for CMake config files
[3.391s] Level 1:colcon.colcon_core.environment:checking '/home/arno/RoombaV2CS/install/stream_receiver/lib'
[3.391s] Level 1:colcon.colcon_core.environment:checking '/home/arno/RoombaV2CS/install/stream_receiver/bin'
[3.392s] Level 1:colcon.colcon_core.environment:checking '/home/arno/RoombaV2CS/install/stream_receiver/lib/pkgconfig/stream_receiver.pc'
[3.392s] Level 1:colcon.colcon_core.environment:checking '/home/arno/RoombaV2CS/install/stream_receiver/lib/python3.10/site-packages'
[3.392s] Level 1:colcon.colcon_core.shell:create_environment_hook('stream_receiver', 'pythonpath')
[3.393s] INFO:colcon.colcon_core.shell:Creating environment hook '/home/arno/RoombaV2CS/install/stream_receiver/share/stream_receiver/hook/pythonpath.ps1'
[3.393s] INFO:colcon.colcon_core.shell:Creating environment descriptor '/home/arno/RoombaV2CS/install/stream_receiver/share/stream_receiver/hook/pythonpath.dsv'
[3.394s] INFO:colcon.colcon_core.shell:Creating environment hook '/home/arno/RoombaV2CS/install/stream_receiver/share/stream_receiver/hook/pythonpath.sh'
[3.394s] Level 1:colcon.colcon_core.environment:checking '/home/arno/RoombaV2CS/install/stream_receiver/bin'
[3.395s] Level 1:colcon.colcon_core.environment:create_environment_scripts_only(stream_receiver)
[3.395s] INFO:colcon.colcon_core.shell:Creating package script '/home/arno/RoombaV2CS/install/stream_receiver/share/stream_receiver/package.ps1'
[3.396s] INFO:colcon.colcon_core.shell:Creating package descriptor '/home/arno/RoombaV2CS/install/stream_receiver/share/stream_receiver/package.dsv'
[3.397s] INFO:colcon.colcon_core.shell:Creating package script '/home/arno/RoombaV2CS/install/stream_receiver/share/stream_receiver/package.sh'
[3.397s] INFO:colcon.colcon_core.shell:Creating package script '/home/arno/RoombaV2CS/install/stream_receiver/share/stream_receiver/package.bash'
[3.398s] INFO:colcon.colcon_core.shell:Creating package script '/home/arno/RoombaV2CS/install/stream_receiver/share/stream_receiver/package.zsh'
[3.398s] Level 1:colcon.colcon_core.environment:create_file_with_runtime_dependencies(/home/arno/RoombaV2CS/install/stream_receiver/share/colcon-core/packages/stream_receiver)
[3.399s] DEBUG:colcon.colcon_parallel_executor.executor.parallel:closing loop
[3.399s] DEBUG:colcon.colcon_parallel_executor.executor.parallel:loop closed
[3.399s] DEBUG:colcon.colcon_parallel_executor.executor.parallel:run_until_complete finished with '0'
[3.399s] DEBUG:colcon.colcon_core.event_reactor:joining thread
[3.408s] INFO:colcon.colcon_core.plugin_system:Skipping extension 'colcon_notification.desktop_notification.terminal_notifier': Not used on non-Darwin systems
[3.409s] INFO:colcon.colcon_core.plugin_system:Skipping extension 'colcon_notification.desktop_notification.win32': Not used on non-Windows systems
[3.409s] INFO:colcon.colcon_notification.desktop_notification:Sending desktop notification using 'notify2'
[3.427s] DEBUG:colcon.colcon_core.event_reactor:joined thread
[3.428s] INFO:colcon.colcon_core.shell:Creating prefix script '/home/arno/RoombaV2CS/install/local_setup.ps1'
[3.431s] INFO:colcon.colcon_core.shell:Creating prefix util module '/home/arno/RoombaV2CS/install/_local_setup_util_ps1.py'
[3.437s] INFO:colcon.colcon_core.shell:Creating prefix chain script '/home/arno/RoombaV2CS/install/setup.ps1'
[3.442s] INFO:colcon.colcon_core.shell:Creating prefix script '/home/arno/RoombaV2CS/install/local_setup.sh'
[3.445s] INFO:colcon.colcon_core.shell:Creating prefix util module '/home/arno/RoombaV2CS/install/_local_setup_util_sh.py'
[3.447s] INFO:colcon.colcon_core.shell:Creating prefix chain script '/home/arno/RoombaV2CS/install/setup.sh'
[3.451s] INFO:colcon.colcon_core.shell:Creating prefix script '/home/arno/RoombaV2CS/install/local_setup.bash'
[3.453s] INFO:colcon.colcon_core.shell:Creating prefix chain script '/home/arno/RoombaV2CS/install/setup.bash'
[3.457s] INFO:colcon.colcon_core.shell:Creating prefix script '/home/arno/RoombaV2CS/install/local_setup.zsh'
[3.458s] INFO:colcon.colcon_core.shell:Creating prefix chain script '/home/arno/RoombaV2CS/install/setup.zsh'
